[ 2014-12-26T10:21:16+08:00 ] 127.0.0.1 /home
INFO: [ app_init ] --START--
INFO: Run Behavior\BuildLiteBehavior [ RunTime:0.000000s ]
INFO: [ app_init ] --END-- [ RunTime:0.002000s ]

[ 2014-12-26T10:21:18+08:00 ] 127.0.0.1 /Home/login/login.html
INFO: [ app_init ] --START--
INFO: Run Behavior\BuildLiteBehavior [ RunTime:0.000000s ]
INFO: [ app_init ] --END-- [ RunTime:0.000000s ]

[ 2014-12-26T10:21:22+08:00 ] 127.0.0.1 /Home/login/login_do.html
INFO: [ app_init ] --START--
INFO: Run Behavior\BuildLiteBehavior [ RunTime:0.000000s ]
INFO: [ app_init ] --END-- [ RunTime:0.001000s ]

[ 2014-12-26T10:21:23+08:00 ] 127.0.0.1 /Home/admin/index.html
INFO: [ app_init ] --START--
INFO: Run Behavior\BuildLiteBehavior [ RunTime:0.000000s ]
INFO: [ app_init ] --END-- [ RunTime:0.001000s ]

[ 2014-12-26T10:21:26+08:00 ] 127.0.0.1 /Home/pv/pv.html
INFO: [ app_init ] --START--
INFO: Run Behavior\BuildLiteBehavior [ RunTime:0.000000s ]
INFO: [ app_init ] --END-- [ RunTime:0.001000s ]

[ 2014-12-26T15:33:34+08:00 ] 127.0.0.1 /Home/rec/rec_list.html
INFO: [ app_init ] --START--
INFO: Run Behavior\BuildLiteBehavior [ RunTime:0.000000s ]
INFO: [ app_init ] --END-- [ RunTime:0.002000s ]
ERR: 由于连接方在一段时间后没有正确答复或连接的主机没有反应，连接尝试失败。


[ 2014-12-26T15:33:40+08:00 ] 127.0.0.1 /Home/rec/rec_list.html
INFO: [ app_init ] --START--
INFO: Run Behavior\BuildLiteBehavior [ RunTime:0.000000s ]
INFO: [ app_init ] --END-- [ RunTime:0.001000s ]
ERR: 由于连接方在一段时间后没有正确答复或连接的主机没有反应，连接尝试失败。


[ 2014-12-26T15:45:42+08:00 ] 127.0.0.1 /Home/rec/rec_list.html
INFO: [ app_init ] --START--
INFO: Run Behavior\BuildLiteBehavior [ RunTime:0.000000s ]
INFO: [ app_init ] --END-- [ RunTime:0.001000s ]

[ 2014-12-26T16:41:19+08:00 ] 127.0.0.1 /Home/pv/pv.html
INFO: [ app_init ] --START--
INFO: Run Behavior\BuildLiteBehavior [ RunTime:0.000000s ]
INFO: [ app_init ] --END-- [ RunTime:0.000000s ]
ERR: 由于连接方在一段时间后没有正确答复或连接的主机没有反应，连接尝试失败。


[ 2014-12-26T16:41:25+08:00 ] 127.0.0.1 /Home/pv/pv.html
INFO: [ app_init ] --START--
INFO: Run Behavior\BuildLiteBehavior [ RunTime:0.000000s ]
INFO: [ app_init ] --END-- [ RunTime:0.000000s ]
ERR: 由于连接方在一段时间后没有正确答复或连接的主机没有反应，连接尝试失败。


[ 2014-12-26T16:41:29+08:00 ] 127.0.0.1 /Home/admin/index.html
INFO: [ app_init ] --START--
INFO: Run Behavior\BuildLiteBehavior [ RunTime:0.000000s ]
INFO: [ app_init ] --END-- [ RunTime:0.000000s ]
ERR: 由于连接方在一段时间后没有正确答复或连接的主机没有反应，连接尝试失败。


