<<<<<<< HEAD
[ 2014-12-22T07:54:07+08:00 ] 127.0.0.1 /home
=======
[ 2014-12-22T07:56:16+08:00 ] 127.0.0.1 /bbs/Home
>>>>>>> 202fdae12d6c072f861a94e7c0ce4b0a27f5e324
INFO: [ app_init ] --START--
INFO: Run Behavior\BuildLiteBehavior [ RunTime:0.000000s ]
INFO: [ app_init ] --END-- [ RunTime:0.001000s ]

<<<<<<< HEAD
[ 2014-12-22T07:54:08+08:00 ] 127.0.0.1 /Home/login/login.html
=======
[ 2014-12-22T07:56:18+08:00 ] 127.0.0.1 /bbs/Home/login/login.html
>>>>>>> 202fdae12d6c072f861a94e7c0ce4b0a27f5e324
INFO: [ app_init ] --START--
INFO: Run Behavior\BuildLiteBehavior [ RunTime:0.000000s ]
INFO: [ app_init ] --END-- [ RunTime:0.001000s ]

<<<<<<< HEAD
[ 2014-12-22T07:54:13+08:00 ] 127.0.0.1 /Home/login/login_do.html
=======
[ 2014-12-22T07:56:22+08:00 ] 127.0.0.1 /bbs/Home/login/login_do.html
>>>>>>> 202fdae12d6c072f861a94e7c0ce4b0a27f5e324
INFO: [ app_init ] --START--
INFO: Run Behavior\BuildLiteBehavior [ RunTime:0.000000s ]
INFO: [ app_init ] --END-- [ RunTime:0.001000s ]

<<<<<<< HEAD
[ 2014-12-22T07:54:15+08:00 ] 127.0.0.1 /Home/admin/index.html
=======
[ 2014-12-22T07:56:23+08:00 ] 127.0.0.1 /bbs/Home/admin/index.html
>>>>>>> 202fdae12d6c072f861a94e7c0ce4b0a27f5e324
INFO: [ app_init ] --START--
INFO: Run Behavior\BuildLiteBehavior [ RunTime:0.000000s ]
INFO: [ app_init ] --END-- [ RunTime:0.001000s ]

<<<<<<< HEAD
[ 2014-12-22T07:55:28+08:00 ] 127.0.0.1 /home
INFO: [ app_init ] --START--
INFO: Run Behavior\BuildLiteBehavior [ RunTime:0.000000s ]
INFO: [ app_init ] --END-- [ RunTime:0.001000s ]

[ 2014-12-22T07:55:29+08:00 ] 127.0.0.1 /Home/login/login.html
INFO: [ app_init ] --START--
INFO: Run Behavior\BuildLiteBehavior [ RunTime:0.000000s ]
INFO: [ app_init ] --END-- [ RunTime:0.001000s ]

[ 2014-12-22T07:55:35+08:00 ] 127.0.0.1 /Home/login/login_do.html
INFO: [ app_init ] --START--
INFO: Run Behavior\BuildLiteBehavior [ RunTime:0.000000s ]
INFO: [ app_init ] --END-- [ RunTime:0.001000s ]

[ 2014-12-22T07:55:37+08:00 ] 127.0.0.1 /Home/admin/index.html
INFO: [ app_init ] --START--
INFO: Run Behavior\BuildLiteBehavior [ RunTime:0.000000s ]
INFO: [ app_init ] --END-- [ RunTime:0.000000s ]

[ 2014-12-22T07:56:40+08:00 ] 127.0.0.1 /Home/admin/index.html
INFO: [ app_init ] --START--
INFO: Run Behavior\BuildLiteBehavior [ RunTime:0.000000s ]
INFO: [ app_init ] --END-- [ RunTime:0.000000s ]

[ 2014-12-22T07:56:43+08:00 ] 127.0.0.1 /Home/admin/index.html
INFO: [ app_init ] --START--
INFO: Run Behavior\BuildLiteBehavior [ RunTime:0.000000s ]
INFO: [ app_init ] --END-- [ RunTime:0.000000s ]

[ 2014-12-22T07:56:45+08:00 ] 127.0.0.1 /Home/admin/index.html
INFO: [ app_init ] --START--
INFO: Run Behavior\BuildLiteBehavior [ RunTime:0.000000s ]
INFO: [ app_init ] --END-- [ RunTime:0.000000s ]

=======
>>>>>>> 202fdae12d6c072f861a94e7c0ce4b0a27f5e324
[ 2014-12-22T08:09:29+08:00 ] 127.0.0.1 /home
INFO: [ app_init ] --START--
INFO: Run Behavior\BuildLiteBehavior [ RunTime:0.000000s ]
INFO: [ app_init ] --END-- [ RunTime:0.001000s ]

[ 2014-12-22T08:09:50+08:00 ] 127.0.0.1 /Home/article/article_list.html
INFO: [ app_init ] --START--
INFO: Run Behavior\BuildLiteBehavior [ RunTime:0.000000s ]
INFO: [ app_init ] --END-- [ RunTime:0.001000s ]

[ 2014-12-22T08:10:20+08:00 ] 127.0.0.1 /Home/article/right.html
INFO: [ app_init ] --START--
INFO: Run Behavior\BuildLiteBehavior [ RunTime:0.000000s ]
INFO: [ app_init ] --END-- [ RunTime:0.002000s ]
ERR: 非法操作:right

[ 2014-12-22T08:10:34+08:00 ] 127.0.0.1 /Home/article/error.html
INFO: [ app_init ] --START--
INFO: Run Behavior\BuildLiteBehavior [ RunTime:0.000000s ]
INFO: [ app_init ] --END-- [ RunTime:0.001000s ]
ERR: 非法操作:error

[ 2014-12-22T08:10:41+08:00 ] 127.0.0.1 /Home/nav/nav_list.html
INFO: [ app_init ] --START--
INFO: Run Behavior\BuildLiteBehavior [ RunTime:0.000000s ]
INFO: [ app_init ] --END-- [ RunTime:0.001000s ]

[ 2014-12-22T08:12:20+08:00 ] 127.0.0.1 /Home/nav/nav_list.html
INFO: [ app_init ] --START--
INFO: Run Behavior\BuildLiteBehavior [ RunTime:0.000000s ]
INFO: [ app_init ] --END-- [ RunTime:0.001000s ]

[ 2014-12-22T08:12:22+08:00 ] 127.0.0.1 /Home/nav/nav_list.html
INFO: [ app_init ] --START--
INFO: Run Behavior\BuildLiteBehavior [ RunTime:0.000000s ]
INFO: [ app_init ] --END-- [ RunTime:0.000000s ]

[ 2014-12-22T08:14:00+08:00 ] 127.0.0.1 /Home/nav/nav_list.html
INFO: [ app_init ] --START--
INFO: Run Behavior\BuildLiteBehavior [ RunTime:0.000000s ]
INFO: [ app_init ] --END-- [ RunTime:0.001000s ]

[ 2014-12-22T08:14:12+08:00 ] 127.0.0.1 /Home/article/article_list.html
INFO: [ app_init ] --START--
INFO: Run Behavior\BuildLiteBehavior [ RunTime:0.000000s ]
INFO: [ app_init ] --END-- [ RunTime:0.001000s ]

[ 2014-12-22T08:22:54+08:00 ] 127.0.0.1 /Home/article/see/aid/4.html
INFO: [ app_init ] --START--
INFO: Run Behavior\BuildLiteBehavior [ RunTime:0.000000s ]
INFO: [ app_init ] --END-- [ RunTime:0.001000s ]

[ 2014-12-22T08:22:55+08:00 ] 127.0.0.1 /Home/article/see/aid/index.css
INFO: [ app_init ] --START--
INFO: Run Behavior\BuildLiteBehavior [ RunTime:0.000000s ]
INFO: [ app_init ] --END-- [ RunTime:0.003001s ]

[ 2014-12-22T08:23:00+08:00 ] 127.0.0.1 /Home/article/article_list.html
INFO: [ app_init ] --START--
INFO: Run Behavior\BuildLiteBehavior [ RunTime:0.000000s ]
INFO: [ app_init ] --END-- [ RunTime:0.001000s ]

[ 2014-12-22T13:37:35+08:00 ] 127.0.0.1 /Home/article/article_list.html
INFO: [ app_init ] --START--
INFO: Run Behavior\BuildLiteBehavior [ RunTime:0.000000s ]
INFO: [ app_init ] --END-- [ RunTime:0.170000s ]

[ 2014-12-22T14:11:02+08:00 ] 127.0.0.1 /home
INFO: [ app_init ] --START--
INFO: Run Behavior\BuildLiteBehavior [ RunTime:0.000000s ]
INFO: [ app_init ] --END-- [ RunTime:0.000000s ]

[ 2014-12-22T14:11:07+08:00 ] 127.0.0.1 /Home/login/logout.html
INFO: [ app_init ] --START--
INFO: Run Behavior\BuildLiteBehavior [ RunTime:0.000000s ]
INFO: [ app_init ] --END-- [ RunTime:0.002000s ]

[ 2014-12-22T14:11:08+08:00 ] 127.0.0.1 /Home/admin/index.html
INFO: [ app_init ] --START--
INFO: Run Behavior\BuildLiteBehavior [ RunTime:0.000000s ]
INFO: [ app_init ] --END-- [ RunTime:0.001000s ]

[ 2014-12-22T14:11:09+08:00 ] 127.0.0.1 /Home/login/login.html
INFO: [ app_init ] --START--
INFO: Run Behavior\BuildLiteBehavior [ RunTime:0.000000s ]
INFO: [ app_init ] --END-- [ RunTime:0.001000s ]

[ 2014-12-22T14:11:17+08:00 ] 127.0.0.1 /Home/index
INFO: [ app_init ] --START--
INFO: Run Behavior\BuildLiteBehavior [ RunTime:0.000000s ]
INFO: [ app_init ] --END-- [ RunTime:0.001000s ]
ERR: 无法加载控制器:Index

[ 2014-12-22T14:11:22+08:00 ] 127.0.0.1 /Home
INFO: [ app_init ] --START--
INFO: Run Behavior\BuildLiteBehavior [ RunTime:0.000000s ]
INFO: [ app_init ] --END-- [ RunTime:0.001000s ]

[ 2014-12-22T14:11:24+08:00 ] 127.0.0.1 /Home/login/login.html
INFO: [ app_init ] --START--
INFO: Run Behavior\BuildLiteBehavior [ RunTime:0.000000s ]
INFO: [ app_init ] --END-- [ RunTime:0.001000s ]

[ 2014-12-22T14:29:13+08:00 ] 127.0.0.1 /Home/login/login_do.html
INFO: [ app_init ] --START--
INFO: Run Behavior\BuildLiteBehavior [ RunTime:0.000000s ]
INFO: [ app_init ] --END-- [ RunTime:0.001000s ]

[ 2014-12-22T14:29:14+08:00 ] 127.0.0.1 /Home/admin/index.html
INFO: [ app_init ] --START--
INFO: Run Behavior\BuildLiteBehavior [ RunTime:0.000000s ]
INFO: [ app_init ] --END-- [ RunTime:0.000000s ]

