[ 2014-12-19T07:54:16+08:00 ] 127.0.0.1 /addbbs/home
INFO: [ app_init ] --START--
INFO: Run Behavior\BuildLiteBehavior [ RunTime:0.000000s ]
INFO: [ app_init ] --END-- [ RunTime:0.000000s ]

[ 2014-12-19T07:54:18+08:00 ] 127.0.0.1 /addbbs/Home/login/login.html
INFO: [ app_init ] --START--
INFO: Run Behavior\BuildLiteBehavior [ RunTime:0.000000s ]
INFO: [ app_init ] --END-- [ RunTime:0.001000s ]

[ 2014-12-19T07:54:24+08:00 ] 127.0.0.1 /addbbs/Home/login/login_do.html
INFO: [ app_init ] --START--
INFO: Run Behavior\BuildLiteBehavior [ RunTime:0.000000s ]
INFO: [ app_init ] --END-- [ RunTime:0.000000s ]

[ 2014-12-19T07:54:25+08:00 ] 127.0.0.1 /addbbs/Home/admin/index.html
INFO: [ app_init ] --START--
INFO: Run Behavior\BuildLiteBehavior [ RunTime:0.000000s ]
INFO: [ app_init ] --END-- [ RunTime:0.000000s ]

[ 2014-12-19T07:54:29+08:00 ] 127.0.0.1 /addbbs/Home/video/video_list.html
INFO: [ app_init ] --START--
INFO: Run Behavior\BuildLiteBehavior [ RunTime:0.000000s ]
INFO: [ app_init ] --END-- [ RunTime:0.000000s ]

[ 2014-12-19T07:54:29+08:00 ] 127.0.0.1 /addbbs/Home/video/js/jquery.js
INFO: [ app_init ] --START--
INFO: Run Behavior\BuildLiteBehavior [ RunTime:0.000000s ]
INFO: [ app_init ] --END-- [ RunTime:0.000000s ]
ERR: 非法操作:js

[ 2014-12-19T08:03:27+08:00 ] 127.0.0.1 /addbbs/Home/video/video_list.html
INFO: [ app_init ] --START--
INFO: Run Behavior\BuildLiteBehavior [ RunTime:0.000000s ]
INFO: [ app_init ] --END-- [ RunTime:0.000000s ]

[ 2014-12-19T08:03:27+08:00 ] 127.0.0.1 /addbbs/Home/video/js/jquery.js
INFO: [ app_init ] --START--
INFO: Run Behavior\BuildLiteBehavior [ RunTime:0.000000s ]
INFO: [ app_init ] --END-- [ RunTime:0.001000s ]
ERR: 非法操作:js

[ 2014-12-19T08:03:29+08:00 ] 127.0.0.1 /addbbs/Home/video/video_list.html
INFO: [ app_init ] --START--
INFO: Run Behavior\BuildLiteBehavior [ RunTime:0.000000s ]
INFO: [ app_init ] --END-- [ RunTime:0.001000s ]

[ 2014-12-19T08:03:29+08:00 ] 127.0.0.1 /addbbs/Home/video/js/jquery.js
INFO: [ app_init ] --START--
INFO: Run Behavior\BuildLiteBehavior [ RunTime:0.000000s ]
INFO: [ app_init ] --END-- [ RunTime:0.000000s ]
ERR: 非法操作:js

[ 2014-12-19T08:03:31+08:00 ] 127.0.0.1 /addbbs/Home/video/video_list.html
INFO: [ app_init ] --START--
INFO: Run Behavior\BuildLiteBehavior [ RunTime:0.000000s ]
INFO: [ app_init ] --END-- [ RunTime:0.001000s ]

[ 2014-12-19T08:03:31+08:00 ] 127.0.0.1 /addbbs/Home/video/js/jquery.js
INFO: [ app_init ] --START--
INFO: Run Behavior\BuildLiteBehavior [ RunTime:0.000000s ]
INFO: [ app_init ] --END-- [ RunTime:0.000000s ]
ERR: 非法操作:js

[ 2014-12-19T08:03:32+08:00 ] 127.0.0.1 /addbbs/Home/video/video_list.html
INFO: [ app_init ] --START--
INFO: Run Behavior\BuildLiteBehavior [ RunTime:0.000000s ]
INFO: [ app_init ] --END-- [ RunTime:0.001000s ]

[ 2014-12-19T08:03:32+08:00 ] 127.0.0.1 /addbbs/Home/video/js/jquery.js
INFO: [ app_init ] --START--
INFO: Run Behavior\BuildLiteBehavior [ RunTime:0.000000s ]
INFO: [ app_init ] --END-- [ RunTime:0.001000s ]
ERR: 非法操作:js

[ 2014-12-19T08:03:49+08:00 ] 127.0.0.1 /addbbs/Home/video/video_list.html
INFO: [ app_init ] --START--
INFO: Run Behavior\BuildLiteBehavior [ RunTime:0.000000s ]
INFO: [ app_init ] --END-- [ RunTime:0.001000s ]

[ 2014-12-19T08:03:49+08:00 ] 127.0.0.1 /addbbs/Home/video/js/jquery.js
INFO: [ app_init ] --START--
INFO: Run Behavior\BuildLiteBehavior [ RunTime:0.000000s ]
INFO: [ app_init ] --END-- [ RunTime:0.000000s ]
ERR: 非法操作:js

[ 2014-12-19T08:03:52+08:00 ] 127.0.0.1 /addbbs/Home/video/del.html
INFO: [ app_init ] --START--
INFO: Run Behavior\BuildLiteBehavior [ RunTime:0.000000s ]
INFO: [ app_init ] --END-- [ RunTime:0.001000s ]
INFO: [ app_begin ] --START--
INFO: Run Behavior\ReadHtmlCacheBehavior [ RunTime:0.001000s ]
INFO: [ app_begin ] --END-- [ RunTime:0.001000s ]
NOTIC: [8192] mysql_connect(): The mysql extension is deprecated and will be removed in the future: use mysqli or PDO instead D:\xampp\htdocs\addbbs\ThinkPHP\Library\Think\Db\Driver\Mysql.class.php 第 52 行.
SQL: SHOW COLUMNS FROM `bbs_videos` [ RunTime:0.004000s ]
NOTIC: [8192] mysql_connect(): The mysql extension is deprecated and will be removed in the future: use mysqli or PDO instead D:\xampp\htdocs\addbbs\ThinkPHP\Library\Think\Db\Driver\Mysql.class.php 第 52 行.
SQL: DELETE FROM `bbs_videos` WHERE ( v_id=5 ) [ RunTime:0.014000s ]
INFO: [ app_end ] --START--
INFO: Run Behavior\ShowPageTraceBehavior [ RunTime:0.001000s ]
INFO: [ app_end ] --END-- [ RunTime:0.001000s ]

[ 2014-12-19T08:03:53+08:00 ] 127.0.0.1 /addbbs/Home/video/video_list.html
INFO: [ app_init ] --START--
INFO: Run Behavior\BuildLiteBehavior [ RunTime:0.000000s ]
INFO: [ app_init ] --END-- [ RunTime:0.001000s ]

[ 2014-12-19T08:03:53+08:00 ] 127.0.0.1 /addbbs/Home/video/js/jquery.js
INFO: [ app_init ] --START--
INFO: Run Behavior\BuildLiteBehavior [ RunTime:0.000000s ]
INFO: [ app_init ] --END-- [ RunTime:0.000000s ]
ERR: 非法操作:js

[ 2014-12-19T08:10:46+08:00 ] 127.0.0.1 /addbbs/Home/video/video_list.html
INFO: [ app_init ] --START--
INFO: Run Behavior\BuildLiteBehavior [ RunTime:0.000000s ]
INFO: [ app_init ] --END-- [ RunTime:0.001000s ]

[ 2014-12-19T08:10:46+08:00 ] 127.0.0.1 /addbbs/Home/video/js/jquery.js
INFO: [ app_init ] --START--
INFO: Run Behavior\BuildLiteBehavior [ RunTime:0.000000s ]
INFO: [ app_init ] --END-- [ RunTime:0.001000s ]
ERR: 非法操作:js

[ 2014-12-19T08:10:49+08:00 ] 127.0.0.1 /addbbs/Home/video/add.html
INFO: [ app_init ] --START--
INFO: Run Behavior\BuildLiteBehavior [ RunTime:0.000000s ]
INFO: [ app_init ] --END-- [ RunTime:0.001001s ]

[ 2014-12-19T08:21:31+08:00 ] 127.0.0.1 /addbbs/Home/video/add.html
INFO: [ app_init ] --START--
INFO: Run Behavior\BuildLiteBehavior [ RunTime:0.000000s ]
INFO: [ app_init ] --END-- [ RunTime:0.001000s ]

[ 2014-12-19T08:21:34+08:00 ] 127.0.0.1 /addbbs/Home/video/add.html
INFO: [ app_init ] --START--
INFO: Run Behavior\BuildLiteBehavior [ RunTime:0.000000s ]
INFO: [ app_init ] --END-- [ RunTime:0.001000s ]

[ 2014-12-19T08:21:36+08:00 ] 127.0.0.1 /addbbs/Home/Video/teacher_list
INFO: [ app_init ] --START--
INFO: Run Behavior\BuildLiteBehavior [ RunTime:0.000000s ]
INFO: [ app_init ] --END-- [ RunTime:0.001000s ]
ERR: 非法操作:teacher_list

[ 2014-12-19T08:21:52+08:00 ] 127.0.0.1 /addbbs/Home/video/add.html
INFO: [ app_init ] --START--
INFO: Run Behavior\BuildLiteBehavior [ RunTime:0.000000s ]
INFO: [ app_init ] --END-- [ RunTime:0.001000s ]

[ 2014-12-19T08:21:52+08:00 ] 127.0.0.1 /addbbs/Home/Video/teacher_list
INFO: [ app_init ] --START--
INFO: Run Behavior\BuildLiteBehavior [ RunTime:0.000000s ]
INFO: [ app_init ] --END-- [ RunTime:0.001000s ]
ERR: 非法操作:teacher_list

[ 2014-12-19T08:22:09+08:00 ] 127.0.0.1 /addbbs/Home/video/add.html
INFO: [ app_init ] --START--
INFO: Run Behavior\BuildLiteBehavior [ RunTime:0.000000s ]
INFO: [ app_init ] --END-- [ RunTime:0.001000s ]

[ 2014-12-19T08:22:10+08:00 ] 127.0.0.1 /addbbs/Home/Video/video_list
INFO: [ app_init ] --START--
INFO: Run Behavior\BuildLiteBehavior [ RunTime:0.000000s ]
INFO: [ app_init ] --END-- [ RunTime:0.001000s ]

[ 2014-12-19T08:22:10+08:00 ] 127.0.0.1 /addbbs/Home/Video/js/jquery.js
INFO: [ app_init ] --START--
INFO: Run Behavior\BuildLiteBehavior [ RunTime:0.000000s ]
INFO: [ app_init ] --END-- [ RunTime:0.000000s ]
ERR: 非法操作:js

[ 2014-12-19T08:22:36+08:00 ] 127.0.0.1 /addbbs/Home/Video/video_list
INFO: [ app_init ] --START--
INFO: Run Behavior\BuildLiteBehavior [ RunTime:0.000000s ]
INFO: [ app_init ] --END-- [ RunTime:0.000000s ]

[ 2014-12-19T08:22:37+08:00 ] 127.0.0.1 /addbbs/Home/Video/js/jquery.js
INFO: [ app_init ] --START--
INFO: Run Behavior\BuildLiteBehavior [ RunTime:0.001000s ]
INFO: [ app_init ] --END-- [ RunTime:0.001000s ]
ERR: 非法操作:js

[ 2014-12-19T08:25:39+08:00 ] 127.0.0.1 /addbbs/Home/Video/video_list
INFO: [ app_init ] --START--
INFO: Run Behavior\BuildLiteBehavior [ RunTime:0.000000s ]
INFO: [ app_init ] --END-- [ RunTime:0.000000s ]

[ 2014-12-19T08:25:39+08:00 ] 127.0.0.1 /addbbs/Home/Video/js/jquery.js
INFO: [ app_init ] --START--
INFO: Run Behavior\BuildLiteBehavior [ RunTime:0.000000s ]
INFO: [ app_init ] --END-- [ RunTime:0.000000s ]
ERR: 非法操作:js

[ 2014-12-19T08:25:52+08:00 ] 127.0.0.1 /addbbs/Home/Video/video_list
INFO: [ app_init ] --START--
INFO: Run Behavior\BuildLiteBehavior [ RunTime:0.000000s ]
INFO: [ app_init ] --END-- [ RunTime:0.000000s ]

[ 2014-12-19T08:25:52+08:00 ] 127.0.0.1 /addbbs/Home/Video/js/jquery.js
INFO: [ app_init ] --START--
INFO: Run Behavior\BuildLiteBehavior [ RunTime:0.000000s ]
INFO: [ app_init ] --END-- [ RunTime:0.000000s ]
ERR: 非法操作:js

[ 2014-12-19T08:35:07+08:00 ] 127.0.0.1 /addbbs/Home/Video/video_list
INFO: [ app_init ] --START--
INFO: Run Behavior\BuildLiteBehavior [ RunTime:0.000000s ]
INFO: [ app_init ] --END-- [ RunTime:0.001000s ]

[ 2014-12-19T08:35:07+08:00 ] 127.0.0.1 /addbbs/Home/Video/js/jquery.js
INFO: [ app_init ] --START--
INFO: Run Behavior\BuildLiteBehavior [ RunTime:0.000000s ]
INFO: [ app_init ] --END-- [ RunTime:0.000000s ]
ERR: 非法操作:js

[ 2014-12-19T08:39:41+08:00 ] 127.0.0.1 /addbbs/Home/video/add.html
INFO: [ app_init ] --START--
INFO: Run Behavior\BuildLiteBehavior [ RunTime:0.000000s ]
INFO: [ app_init ] --END-- [ RunTime:0.001000s ]

[ 2014-12-19T08:43:46+08:00 ] 127.0.0.1 /addbbs/Home/video/add.html
INFO: [ app_init ] --START--
INFO: Run Behavior\BuildLiteBehavior [ RunTime:0.000000s ]
INFO: [ app_init ] --END-- [ RunTime:0.000000s ]

[ 2014-12-19T08:43:59+08:00 ] 127.0.0.1 /addbbs/Home/video/add.html
INFO: [ app_init ] --START--
INFO: Run Behavior\BuildLiteBehavior [ RunTime:0.000000s ]
INFO: [ app_init ] --END-- [ RunTime:0.000000s ]

[ 2014-12-19T08:49:39+08:00 ] 127.0.0.1 /addbbs/Home/teacher/add_do.html
INFO: [ app_init ] --START--
INFO: Run Behavior\BuildLiteBehavior [ RunTime:0.001000s ]
INFO: [ app_init ] --END-- [ RunTime:0.001000s ]

[ 2014-12-19T08:49:54+08:00 ] 127.0.0.1 /addbbs/Home/video/add.html
INFO: [ app_init ] --START--
INFO: Run Behavior\BuildLiteBehavior [ RunTime:0.000000s ]
INFO: [ app_init ] --END-- [ RunTime:0.000000s ]

[ 2014-12-19T08:49:59+08:00 ] 127.0.0.1 /addbbs/Home/video/add_do.html
INFO: [ app_init ] --START--
INFO: Run Behavior\BuildLiteBehavior [ RunTime:0.000000s ]
INFO: [ app_init ] --END-- [ RunTime:0.001001s ]

[ 2014-12-19T08:51:06+08:00 ] 127.0.0.1 /addbbs/Home/video/add.html
INFO: [ app_init ] --START--
INFO: Run Behavior\BuildLiteBehavior [ RunTime:0.000000s ]
INFO: [ app_init ] --END-- [ RunTime:0.000000s ]

[ 2014-12-19T08:51:21+08:00 ] 127.0.0.1 /addbbs/Home/video/add_do.html
INFO: [ app_init ] --START--
INFO: Run Behavior\BuildLiteBehavior [ RunTime:0.000000s ]
INFO: [ app_init ] --END-- [ RunTime:0.000000s ]

[ 2014-12-19T08:51:38+08:00 ] 127.0.0.1 /addbbs/Home/video/add_do.html
INFO: [ app_init ] --START--
INFO: Run Behavior\BuildLiteBehavior [ RunTime:0.000000s ]
INFO: [ app_init ] --END-- [ RunTime:0.000000s ]

[ 2014-12-19T08:51:49+08:00 ] 127.0.0.1 /addbbs/Home/video/add_do.html
INFO: [ app_init ] --START--
INFO: Run Behavior\BuildLiteBehavior [ RunTime:0.000000s ]
INFO: [ app_init ] --END-- [ RunTime:0.000000s ]

[ 2014-12-19T08:53:23+08:00 ] 127.0.0.1 /addbbs/Home/video/add_do.html
INFO: [ app_init ] --START--
INFO: Run Behavior\BuildLiteBehavior [ RunTime:0.000000s ]
INFO: [ app_init ] --END-- [ RunTime:0.000000s ]

[ 2014-12-19T08:53:24+08:00 ] 127.0.0.1 /addbbs/Home/video/video_list.html
INFO: [ app_init ] --START--
INFO: Run Behavior\BuildLiteBehavior [ RunTime:0.000000s ]
INFO: [ app_init ] --END-- [ RunTime:0.001000s ]

[ 2014-12-19T08:53:24+08:00 ] 127.0.0.1 /addbbs/Home/video/js/jquery.js
INFO: [ app_init ] --START--
INFO: Run Behavior\BuildLiteBehavior [ RunTime:0.000000s ]
INFO: [ app_init ] --END-- [ RunTime:0.000000s ]
ERR: 非法操作:js

[ 2014-12-19T08:53:32+08:00 ] 127.0.0.1 /addbbs/Home/video/del.html
INFO: [ app_init ] --START--
INFO: Run Behavior\BuildLiteBehavior [ RunTime:0.000000s ]
INFO: [ app_init ] --END-- [ RunTime:0.001000s ]
INFO: [ app_begin ] --START--
INFO: Run Behavior\ReadHtmlCacheBehavior [ RunTime:0.001000s ]
INFO: [ app_begin ] --END-- [ RunTime:0.001000s ]
NOTIC: [8192] mysql_connect(): The mysql extension is deprecated and will be removed in the future: use mysqli or PDO instead D:\xampp\htdocs\addbbs\ThinkPHP\Library\Think\Db\Driver\Mysql.class.php 第 52 行.
SQL: SHOW COLUMNS FROM `bbs_videos` [ RunTime:0.003000s ]
NOTIC: [8192] mysql_connect(): The mysql extension is deprecated and will be removed in the future: use mysqli or PDO instead D:\xampp\htdocs\addbbs\ThinkPHP\Library\Think\Db\Driver\Mysql.class.php 第 52 行.
SQL: DELETE FROM `bbs_videos` WHERE ( v_id=6 ) [ RunTime:0.002000s ]
INFO: [ app_end ] --START--
INFO: Run Behavior\ShowPageTraceBehavior [ RunTime:0.000000s ]
INFO: [ app_end ] --END-- [ RunTime:0.000000s ]

[ 2014-12-19T08:53:33+08:00 ] 127.0.0.1 /addbbs/Home/video/add.html
INFO: [ app_init ] --START--
INFO: Run Behavior\BuildLiteBehavior [ RunTime:0.000000s ]
INFO: [ app_init ] --END-- [ RunTime:0.000000s ]

[ 2014-12-19T08:54:34+08:00 ] 127.0.0.1 /addbbs/Home/video/add_do.html
INFO: [ app_init ] --START--
INFO: Run Behavior\BuildLiteBehavior [ RunTime:0.000000s ]
INFO: [ app_init ] --END-- [ RunTime:0.001000s ]

[ 2014-12-19T08:54:35+08:00 ] 127.0.0.1 /addbbs/Home/video/video_list.html
INFO: [ app_init ] --START--
INFO: Run Behavior\BuildLiteBehavior [ RunTime:0.000000s ]
INFO: [ app_init ] --END-- [ RunTime:0.000000s ]

[ 2014-12-19T08:54:35+08:00 ] 127.0.0.1 /addbbs/Home/video/js/jquery.js
INFO: [ app_init ] --START--
INFO: Run Behavior\BuildLiteBehavior [ RunTime:0.000000s ]
INFO: [ app_init ] --END-- [ RunTime:0.001000s ]
ERR: 非法操作:js

[ 2014-12-19T08:56:29+08:00 ] 127.0.0.1 /addbbs/Home/VIDEO/see/v_id/2.html
INFO: [ app_init ] --START--
INFO: Run Behavior\BuildLiteBehavior [ RunTime:0.000000s ]
INFO: [ app_init ] --END-- [ RunTime:0.000000s ]
ERR: 无法加载控制器:VIDEO

[ 2014-12-19T08:56:32+08:00 ] 127.0.0.1 /addbbs/Home/VIDEO/see/v_id/1.html
INFO: [ app_init ] --START--
INFO: Run Behavior\BuildLiteBehavior [ RunTime:0.000000s ]
INFO: [ app_init ] --END-- [ RunTime:0.001000s ]
ERR: 无法加载控制器:VIDEO

[ 2014-12-19T08:59:04+08:00 ] 127.0.0.1 /addbbs/Home/video/video_list.html
INFO: [ app_init ] --START--
INFO: Run Behavior\BuildLiteBehavior [ RunTime:0.000000s ]
INFO: [ app_init ] --END-- [ RunTime:0.000000s ]

[ 2014-12-19T08:59:04+08:00 ] 127.0.0.1 /addbbs/Home/video/js/jquery.js
INFO: [ app_init ] --START--
INFO: Run Behavior\BuildLiteBehavior [ RunTime:0.000000s ]
INFO: [ app_init ] --END-- [ RunTime:0.001000s ]
ERR: 非法操作:js

[ 2014-12-19T08:59:05+08:00 ] 127.0.0.1 /addbbs/Home/video/see/v_id/1.html
INFO: [ app_init ] --START--
INFO: Run Behavior\BuildLiteBehavior [ RunTime:0.000000s ]
INFO: [ app_init ] --END-- [ RunTime:0.001000s ]

[ 2014-12-19T09:04:50+08:00 ] 127.0.0.1 /addbbs/Home/video/see/v_id/1.html
INFO: [ app_init ] --START--
INFO: Run Behavior\BuildLiteBehavior [ RunTime:0.000000s ]
INFO: [ app_init ] --END-- [ RunTime:0.001000s ]

[ 2014-12-19T09:04:52+08:00 ] 127.0.0.1 /addbbs/Home/video/see/v_id/1.html
INFO: [ app_init ] --START--
INFO: Run Behavior\BuildLiteBehavior [ RunTime:0.000000s ]
INFO: [ app_init ] --END-- [ RunTime:0.001000s ]

[ 2014-12-19T09:04:53+08:00 ] 127.0.0.1 /addbbs/Home/video/see/v_id/1.html
INFO: [ app_init ] --START--
INFO: Run Behavior\BuildLiteBehavior [ RunTime:0.000000s ]
INFO: [ app_init ] --END-- [ RunTime:0.001000s ]

[ 2014-12-19T09:05:18+08:00 ] 127.0.0.1 /addbbs/Home/video/see/v_id/1.html
INFO: [ app_init ] --START--
INFO: Run Behavior\BuildLiteBehavior [ RunTime:0.000000s ]
INFO: [ app_init ] --END-- [ RunTime:0.001000s ]

[ 2014-12-19T09:05:34+08:00 ] 127.0.0.1 /addbbs/Home/video/see/v_id/1.html
INFO: [ app_init ] --START--
INFO: Run Behavior\BuildLiteBehavior [ RunTime:0.000000s ]
INFO: [ app_init ] --END-- [ RunTime:0.001000s ]

[ 2014-12-19T09:05:46+08:00 ] 127.0.0.1 /addbbs/Home/video/see/v_id/1.html
INFO: [ app_init ] --START--
INFO: Run Behavior\BuildLiteBehavior [ RunTime:0.000000s ]
INFO: [ app_init ] --END-- [ RunTime:0.000000s ]

[ 2014-12-19T09:07:19+08:00 ] 127.0.0.1 /addbbs/Home/video/see/v_id/1.html
INFO: [ app_init ] --START--
INFO: Run Behavior\BuildLiteBehavior [ RunTime:0.000000s ]
INFO: [ app_init ] --END-- [ RunTime:0.000000s ]

[ 2014-12-19T09:07:45+08:00 ] 127.0.0.1 /addbbs/Home/video/see/v_id/1.html
INFO: [ app_init ] --START--
INFO: Run Behavior\BuildLiteBehavior [ RunTime:0.000000s ]
INFO: [ app_init ] --END-- [ RunTime:0.001001s ]

[ 2014-12-19T09:07:59+08:00 ] 127.0.0.1 /addbbs/Home/video/see/v_id/1.html
INFO: [ app_init ] --START--
INFO: Run Behavior\BuildLiteBehavior [ RunTime:0.000000s ]
INFO: [ app_init ] --END-- [ RunTime:0.001000s ]

[ 2014-12-19T09:08:32+08:00 ] 127.0.0.1 /addbbs/Home/video/see/v_id/1.html
INFO: [ app_init ] --START--
INFO: Run Behavior\BuildLiteBehavior [ RunTime:0.000000s ]
INFO: [ app_init ] --END-- [ RunTime:0.001000s ]

[ 2014-12-19T09:08:39+08:00 ] 127.0.0.1 /addbbs/Home/video/video_list.html
INFO: [ app_init ] --START--
INFO: Run Behavior\BuildLiteBehavior [ RunTime:0.001000s ]
INFO: [ app_init ] --END-- [ RunTime:0.001000s ]

[ 2014-12-19T09:08:39+08:00 ] 127.0.0.1 /addbbs/Home/video/js/jquery.js
INFO: [ app_init ] --START--
INFO: Run Behavior\BuildLiteBehavior [ RunTime:0.000000s ]
INFO: [ app_init ] --END-- [ RunTime:0.001000s ]
ERR: 非法操作:js

[ 2014-12-19T09:08:41+08:00 ] 127.0.0.1 /addbbs/Home/video/see/v_id/2.html
INFO: [ app_init ] --START--
INFO: Run Behavior\BuildLiteBehavior [ RunTime:0.000000s ]
INFO: [ app_init ] --END-- [ RunTime:0.000000s ]

[ 2014-12-19T09:20:35+08:00 ] 127.0.0.1 /addbbs/Home/Video/video_list
INFO: [ app_init ] --START--
INFO: Run Behavior\BuildLiteBehavior [ RunTime:0.000000s ]
INFO: [ app_init ] --END-- [ RunTime:0.001000s ]

[ 2014-12-19T09:20:35+08:00 ] 127.0.0.1 /addbbs/Home/Video/js/jquery.js
INFO: [ app_init ] --START--
INFO: Run Behavior\BuildLiteBehavior [ RunTime:0.000000s ]
INFO: [ app_init ] --END-- [ RunTime:0.000000s ]
ERR: 非法操作:js

[ 2014-12-19T09:24:52+08:00 ] 127.0.0.1 /addbbs/Home/Video/video_list
INFO: [ app_init ] --START--
INFO: Run Behavior\BuildLiteBehavior [ RunTime:0.000000s ]
INFO: [ app_init ] --END-- [ RunTime:0.000000s ]

[ 2014-12-19T09:24:52+08:00 ] 127.0.0.1 /addbbs/Home/Video/js/jquery.js
INFO: [ app_init ] --START--
INFO: Run Behavior\BuildLiteBehavior [ RunTime:0.000000s ]
INFO: [ app_init ] --END-- [ RunTime:0.000000s ]
ERR: 非法操作:js

[ 2014-12-19T09:24:55+08:00 ] 127.0.0.1 /addbbs/Home/video/see/v_id/7.html
INFO: [ app_init ] --START--
INFO: Run Behavior\BuildLiteBehavior [ RunTime:0.000000s ]
INFO: [ app_init ] --END-- [ RunTime:0.001000s ]

[ 2014-12-19T09:25:45+08:00 ] 127.0.0.1 /addbbs/Home/Video/video_list
INFO: [ app_init ] --START--
INFO: Run Behavior\BuildLiteBehavior [ RunTime:0.000000s ]
INFO: [ app_init ] --END-- [ RunTime:0.000000s ]

[ 2014-12-19T09:25:45+08:00 ] 127.0.0.1 /addbbs/Home/Video/js/jquery.js
INFO: [ app_init ] --START--
INFO: Run Behavior\BuildLiteBehavior [ RunTime:0.000000s ]
INFO: [ app_init ] --END-- [ RunTime:0.000000s ]
ERR: 非法操作:js

[ 2014-12-19T09:25:46+08:00 ] 127.0.0.1 /addbbs/Home/video/see/v_id/7.html
INFO: [ app_init ] --START--
INFO: Run Behavior\BuildLiteBehavior [ RunTime:0.001000s ]
INFO: [ app_init ] --END-- [ RunTime:0.001000s ]

[ 2014-12-19T09:26:52+08:00 ] 127.0.0.1 /addbbs/Home/video/see/v_id/7.html
INFO: [ app_init ] --START--
INFO: Run Behavior\BuildLiteBehavior [ RunTime:0.000000s ]
INFO: [ app_init ] --END-- [ RunTime:0.000000s ]

[ 2014-12-19T09:28:13+08:00 ] 127.0.0.1 /addbbs/Home/video/see/v_id/7.html
INFO: [ app_init ] --START--
INFO: Run Behavior\BuildLiteBehavior [ RunTime:0.000000s ]
INFO: [ app_init ] --END-- [ RunTime:0.000000s ]

[ 2014-12-19T09:28:25+08:00 ] 127.0.0.1 /addbbs/Home/video/see/v_id/7.html
INFO: [ app_init ] --START--
INFO: Run Behavior\BuildLiteBehavior [ RunTime:0.000000s ]
INFO: [ app_init ] --END-- [ RunTime:0.000000s ]

[ 2014-12-19T09:28:31+08:00 ] 127.0.0.1 /addbbs/Home/video/see/v_id/7.html
INFO: [ app_init ] --START--
INFO: Run Behavior\BuildLiteBehavior [ RunTime:0.000000s ]
INFO: [ app_init ] --END-- [ RunTime:0.001000s ]

[ 2014-12-19T09:29:18+08:00 ] 127.0.0.1 /addbbs/Home/video/video_list.html
INFO: [ app_init ] --START--
INFO: Run Behavior\BuildLiteBehavior [ RunTime:0.000000s ]
INFO: [ app_init ] --END-- [ RunTime:0.001000s ]

[ 2014-12-19T09:29:18+08:00 ] 127.0.0.1 /addbbs/Home/video/js/jquery.js
INFO: [ app_init ] --START--
INFO: Run Behavior\BuildLiteBehavior [ RunTime:0.000000s ]
INFO: [ app_init ] --END-- [ RunTime:0.001000s ]
ERR: 非法操作:js

[ 2014-12-19T09:29:24+08:00 ] 127.0.0.1 /addbbs/Home/video/add.html
INFO: [ app_init ] --START--
INFO: Run Behavior\BuildLiteBehavior [ RunTime:0.000000s ]
INFO: [ app_init ] --END-- [ RunTime:0.001000s ]

[ 2014-12-19T09:30:39+08:00 ] 127.0.0.1 /addbbs/Home/video/add_do.html
INFO: [ app_init ] --START--
INFO: Run Behavior\BuildLiteBehavior [ RunTime:0.000000s ]
INFO: [ app_init ] --END-- [ RunTime:0.000000s ]

[ 2014-12-19T09:30:40+08:00 ] 127.0.0.1 /addbbs/Home/video/video_list.html
INFO: [ app_init ] --START--
INFO: Run Behavior\BuildLiteBehavior [ RunTime:0.000000s ]
INFO: [ app_init ] --END-- [ RunTime:0.001000s ]

[ 2014-12-19T09:30:41+08:00 ] 127.0.0.1 /addbbs/Home/video/js/jquery.js
INFO: [ app_init ] --START--
INFO: Run Behavior\BuildLiteBehavior [ RunTime:0.000000s ]
INFO: [ app_init ] --END-- [ RunTime:0.001000s ]
ERR: 非法操作:js

[ 2014-12-19T09:31:11+08:00 ] 127.0.0.1 /addbbs/Home/video/video_list.html
INFO: [ app_init ] --START--
INFO: Run Behavior\BuildLiteBehavior [ RunTime:0.000000s ]
INFO: [ app_init ] --END-- [ RunTime:0.001000s ]

[ 2014-12-19T09:31:11+08:00 ] 127.0.0.1 /addbbs/Home/video/js/jquery.js
INFO: [ app_init ] --START--
INFO: Run Behavior\BuildLiteBehavior [ RunTime:0.000000s ]
INFO: [ app_init ] --END-- [ RunTime:0.000000s ]
ERR: 非法操作:js

[ 2014-12-19T09:31:12+08:00 ] 127.0.0.1 /addbbs/Home/video/see/v_id/8.html
INFO: [ app_init ] --START--
INFO: Run Behavior\BuildLiteBehavior [ RunTime:0.000000s ]
INFO: [ app_init ] --END-- [ RunTime:0.000000s ]

[ 2014-12-19T09:32:41+08:00 ] 127.0.0.1 /addbbs/Home/video/see/v_id/8.html
INFO: [ app_init ] --START--
INFO: Run Behavior\BuildLiteBehavior [ RunTime:0.000000s ]
INFO: [ app_init ] --END-- [ RunTime:0.000000s ]

[ 2014-12-19T09:33:09+08:00 ] 127.0.0.1 /addbbs/Home/video/see/v_id/8.html
INFO: [ app_init ] --START--
INFO: Run Behavior\BuildLiteBehavior [ RunTime:0.000000s ]
INFO: [ app_init ] --END-- [ RunTime:0.000000s ]

[ 2014-12-19T09:33:52+08:00 ] 127.0.0.1 /addbbs/Home/video/see/v_id/8.html
INFO: [ app_init ] --START--
INFO: Run Behavior\BuildLiteBehavior [ RunTime:0.000000s ]
INFO: [ app_init ] --END-- [ RunTime:0.001000s ]

[ 2014-12-19T09:35:09+08:00 ] 127.0.0.1 /addbbs/Home/video/see/v_id/8.html
INFO: [ app_init ] --START--
INFO: Run Behavior\BuildLiteBehavior [ RunTime:0.000000s ]
INFO: [ app_init ] --END-- [ RunTime:0.001000s ]

[ 2014-12-19T09:36:22+08:00 ] 127.0.0.1 /addbbs/Home/video/see/v_id/8.html
INFO: [ app_init ] --START--
INFO: Run Behavior\BuildLiteBehavior [ RunTime:0.000000s ]
INFO: [ app_init ] --END-- [ RunTime:0.000000s ]

[ 2014-12-19T09:36:32+08:00 ] 127.0.0.1 /addbbs/Home/video/see/v_id/8.html
INFO: [ app_init ] --START--
INFO: Run Behavior\BuildLiteBehavior [ RunTime:0.000000s ]
INFO: [ app_init ] --END-- [ RunTime:0.000000s ]

[ 2014-12-19T09:37:00+08:00 ] 127.0.0.1 /addbbs/Home/video/see/v_id/8.html
INFO: [ app_init ] --START--
INFO: Run Behavior\BuildLiteBehavior [ RunTime:0.000000s ]
INFO: [ app_init ] --END-- [ RunTime:0.001000s ]

[ 2014-12-19T09:37:43+08:00 ] 127.0.0.1 /addbbs/Home/video/see/v_id/8.html
INFO: [ app_init ] --START--
INFO: Run Behavior\BuildLiteBehavior [ RunTime:0.000000s ]
INFO: [ app_init ] --END-- [ RunTime:0.001000s ]

[ 2014-12-19T09:38:56+08:00 ] 127.0.0.1 /addbbs/Home/video/see/v_id/8.html
INFO: [ app_init ] --START--
INFO: Run Behavior\BuildLiteBehavior [ RunTime:0.000000s ]
INFO: [ app_init ] --END-- [ RunTime:0.000000s ]

[ 2014-12-19T09:39:17+08:00 ] 127.0.0.1 /addbbs/Home/video/see/v_id/8.html
INFO: [ app_init ] --START--
INFO: Run Behavior\BuildLiteBehavior [ RunTime:0.000000s ]
INFO: [ app_init ] --END-- [ RunTime:0.001000s ]

[ 2014-12-19T09:40:26+08:00 ] 127.0.0.1 /addbbs/Home/video/see/v_id/8.html
INFO: [ app_init ] --START--
INFO: Run Behavior\BuildLiteBehavior [ RunTime:0.000000s ]
INFO: [ app_init ] --END-- [ RunTime:0.000000s ]

[ 2014-12-19T09:40:33+08:00 ] 127.0.0.1 /addbbs/Home/Video/video_list
INFO: [ app_init ] --START--
INFO: Run Behavior\BuildLiteBehavior [ RunTime:0.000000s ]
INFO: [ app_init ] --END-- [ RunTime:0.000000s ]

[ 2014-12-19T09:40:33+08:00 ] 127.0.0.1 /addbbs/Home/Video/js/jquery.js
INFO: [ app_init ] --START--
INFO: Run Behavior\BuildLiteBehavior [ RunTime:0.000000s ]
INFO: [ app_init ] --END-- [ RunTime:0.001000s ]
ERR: 非法操作:js

[ 2014-12-19T09:40:37+08:00 ] 127.0.0.1 /addbbs/Home/video/see/v_id/7.html
INFO: [ app_init ] --START--
INFO: Run Behavior\BuildLiteBehavior [ RunTime:0.000000s ]
INFO: [ app_init ] --END-- [ RunTime:0.000000s ]

[ 2014-12-19T09:41:22+08:00 ] 127.0.0.1 /addbbs/Home/teacher/teacher_list.html
INFO: [ app_init ] --START--
INFO: Run Behavior\BuildLiteBehavior [ RunTime:0.000000s ]
INFO: [ app_init ] --END-- [ RunTime:0.001000s ]

[ 2014-12-19T09:41:26+08:00 ] 127.0.0.1 /addbbs/Home/video/video_list.html
INFO: [ app_init ] --START--
INFO: Run Behavior\BuildLiteBehavior [ RunTime:0.000000s ]
INFO: [ app_init ] --END-- [ RunTime:0.001000s ]

[ 2014-12-19T09:41:26+08:00 ] 127.0.0.1 /addbbs/Home/video/js/jquery.js
INFO: [ app_init ] --START--
INFO: Run Behavior\BuildLiteBehavior [ RunTime:0.000000s ]
INFO: [ app_init ] --END-- [ RunTime:0.000000s ]
ERR: 非法操作:js

[ 2014-12-19T09:57:13+08:00 ] 127.0.0.1 /addbbs/Home/article/list.html
INFO: [ app_init ] --START--
INFO: Run Behavior\BuildLiteBehavior [ RunTime:0.000000s ]
INFO: [ app_init ] --END-- [ RunTime:0.000000s ]
ERR: 非法操作:list

[ 2014-12-19T09:57:15+08:00 ] 127.0.0.1 /addbbs/Home/video/js/jquery.js
INFO: [ app_init ] --START--
INFO: Run Behavior\BuildLiteBehavior [ RunTime:0.000000s ]
INFO: [ app_init ] --END-- [ RunTime:0.000000s ]
ERR: 非法操作:js

[ 2014-12-19T09:57:15+08:00 ] 127.0.0.1 /addbbs/Home/video/video_list.html
INFO: [ app_init ] --START--
INFO: Run Behavior\BuildLiteBehavior [ RunTime:0.000000s ]
INFO: [ app_init ] --END-- [ RunTime:0.001000s ]

[ 2014-12-19T09:57:15+08:00 ] 127.0.0.1 /addbbs/Home/video/js/jquery.js
INFO: [ app_init ] --START--
INFO: Run Behavior\BuildLiteBehavior [ RunTime:0.000000s ]
INFO: [ app_init ] --END-- [ RunTime:0.001000s ]
ERR: 非法操作:js

[ 2014-12-19T09:57:17+08:00 ] 127.0.0.1 /addbbs/Home/article/article_list.html
INFO: [ app_init ] --START--
INFO: Run Behavior\BuildLiteBehavior [ RunTime:0.000000s ]
INFO: [ app_init ] --END-- [ RunTime:0.001000s ]

[ 2014-12-19T10:01:11+08:00 ] 127.0.0.1 /addbbs/Home/article/article_list.html
INFO: [ app_init ] --START--
INFO: Run Behavior\BuildLiteBehavior [ RunTime:0.000000s ]
INFO: [ app_init ] --END-- [ RunTime:0.001000s ]

[ 2014-12-19T10:01:17+08:00 ] 127.0.0.1 /addbbs/Home/article/article_list.html
INFO: [ app_init ] --START--
INFO: Run Behavior\BuildLiteBehavior [ RunTime:0.000000s ]
INFO: [ app_init ] --END-- [ RunTime:0.000000s ]

[ 2014-12-19T10:03:48+08:00 ] 127.0.0.1 /addbbs/Home/article/article_list.html
INFO: [ app_init ] --START--
INFO: Run Behavior\BuildLiteBehavior [ RunTime:0.000000s ]
INFO: [ app_init ] --END-- [ RunTime:0.001001s ]

[ 2014-12-19T10:04:15+08:00 ] 127.0.0.1 /addbbs/Home/article/article_list.html
INFO: [ app_init ] --START--
INFO: Run Behavior\BuildLiteBehavior [ RunTime:0.000000s ]
INFO: [ app_init ] --END-- [ RunTime:0.001000s ]

[ 2014-12-19T10:07:10+08:00 ] 127.0.0.1 /addbbs/Home/article/article_list.html
INFO: [ app_init ] --START--
INFO: Run Behavior\BuildLiteBehavior [ RunTime:0.000000s ]
INFO: [ app_init ] --END-- [ RunTime:0.001000s ]

[ 2014-12-19T10:07:11+08:00 ] 127.0.0.1 /addbbs/Home/article/article_list.html
INFO: [ app_init ] --START--
INFO: Run Behavior\BuildLiteBehavior [ RunTime:0.000000s ]
INFO: [ app_init ] --END-- [ RunTime:0.001000s ]

[ 2014-12-19T10:07:13+08:00 ] 127.0.0.1 /addbbs/Home/article/see/aid/1.html
INFO: [ app_init ] --START--
INFO: Run Behavior\BuildLiteBehavior [ RunTime:0.000000s ]
INFO: [ app_init ] --END-- [ RunTime:0.001000s ]

[ 2014-12-19T10:07:13+08:00 ] 127.0.0.1 /addbbs/Home/article/see/aid/css/style.css
INFO: [ app_init ] --START--
INFO: Run Behavior\BuildLiteBehavior [ RunTime:0.000000s ]
INFO: [ app_init ] --END-- [ RunTime:0.000000s ]

[ 2014-12-19T10:07:13+08:00 ] 127.0.0.1 /addbbs/Home/article/see/aid/css/select.css
INFO: [ app_init ] --START--
INFO: Run Behavior\BuildLiteBehavior [ RunTime:0.000000s ]
INFO: [ app_init ] --END-- [ RunTime:0.001000s ]

[ 2014-12-19T10:07:13+08:00 ] 127.0.0.1 /addbbs/Home/article/see/aid/editor/kindeditor.js
INFO: [ app_init ] --START--
INFO: Run Behavior\BuildLiteBehavior [ RunTime:0.000000s ]
INFO: [ app_init ] --END-- [ RunTime:0.000000s ]

[ 2014-12-19T10:07:13+08:00 ] 127.0.0.1 /addbbs/Home/article/see/aid/js/jquery.idTabs.min.js
INFO: [ app_init ] --START--
INFO: Run Behavior\BuildLiteBehavior [ RunTime:0.000000s ]
INFO: [ app_init ] --END-- [ RunTime:0.001000s ]

[ 2014-12-19T10:07:13+08:00 ] 127.0.0.1 /addbbs/Home/article/see/aid/js/jquery.js
INFO: [ app_init ] --START--
INFO: Run Behavior\BuildLiteBehavior [ RunTime:0.000000s ]
INFO: [ app_init ] --END-- [ RunTime:0.001000s ]

[ 2014-12-19T10:07:13+08:00 ] 127.0.0.1 /addbbs/Home/article/see/aid/js/select-ui.min.js
INFO: [ app_init ] --START--
INFO: Run Behavior\BuildLiteBehavior [ RunTime:0.000000s ]
INFO: [ app_init ] --END-- [ RunTime:0.001000s ]

[ 2014-12-19T10:08:31+08:00 ] 127.0.0.1 /addbbs/Home/article/see/aid/1.html
INFO: [ app_init ] --START--
INFO: Run Behavior\BuildLiteBehavior [ RunTime:0.000000s ]
INFO: [ app_init ] --END-- [ RunTime:0.001000s ]

[ 2014-12-19T10:08:32+08:00 ] 127.0.0.1 /addbbs/Home/article/see/aid/index.css
INFO: [ app_init ] --START--
INFO: Run Behavior\BuildLiteBehavior [ RunTime:0.000000s ]
INFO: [ app_init ] --END-- [ RunTime:0.001000s ]

[ 2014-12-19T10:10:25+08:00 ] 127.0.0.1 /addbbs/Home/article/see/aid/index.css
INFO: [ app_init ] --START--
INFO: Run Behavior\BuildLiteBehavior [ RunTime:0.000000s ]
INFO: [ app_init ] --END-- [ RunTime:0.001000s ]

[ 2014-12-19T10:16:02+08:00 ] 127.0.0.1 /addbbs/Home/article/article_list.html
INFO: [ app_init ] --START--
INFO: Run Behavior\BuildLiteBehavior [ RunTime:0.000000s ]
INFO: [ app_init ] --END-- [ RunTime:0.000000s ]

[ 2014-12-19T10:17:57+08:00 ] 127.0.0.1 /addbbs/Home/teacher/add.html
INFO: [ app_init ] --START--
INFO: Run Behavior\BuildLiteBehavior [ RunTime:0.000000s ]
INFO: [ app_init ] --END-- [ RunTime:0.000000s ]

[ 2014-12-19T10:18:06+08:00 ] 127.0.0.1 /addbbs/Home/article/article_list.html
INFO: [ app_init ] --START--
INFO: Run Behavior\BuildLiteBehavior [ RunTime:0.000000s ]
INFO: [ app_init ] --END-- [ RunTime:0.000000s ]

[ 2014-12-19T10:21:11+08:00 ] 127.0.0.1 /addbbs/Home/article/article_list.html
INFO: [ app_init ] --START--
INFO: Run Behavior\BuildLiteBehavior [ RunTime:0.000000s ]
INFO: [ app_init ] --END-- [ RunTime:0.000000s ]

[ 2014-12-19T10:21:13+08:00 ] 127.0.0.1 /addbbs/Home/article/article_list.html
INFO: [ app_init ] --START--
INFO: Run Behavior\BuildLiteBehavior [ RunTime:0.000000s ]
INFO: [ app_init ] --END-- [ RunTime:0.000000s ]

[ 2014-12-19T10:21:14+08:00 ] 127.0.0.1 /addbbs/Home/article/add.html
INFO: [ app_init ] --START--
INFO: Run Behavior\BuildLiteBehavior [ RunTime:0.000000s ]
INFO: [ app_init ] --END-- [ RunTime:0.000000s ]

[ 2014-12-19T10:21:32+08:00 ] 127.0.0.1 /addbbs/Home/admin/course.html
INFO: [ app_init ] --START--
INFO: Run Behavior\BuildLiteBehavior [ RunTime:0.000000s ]
INFO: [ app_init ] --END-- [ RunTime:0.001000s ]

[ 2014-12-19T10:21:34+08:00 ] 127.0.0.1 /addbbs/Home/article/article_list.html
INFO: [ app_init ] --START--
INFO: Run Behavior\BuildLiteBehavior [ RunTime:0.000000s ]
INFO: [ app_init ] --END-- [ RunTime:0.000000s ]

[ 2014-12-19T10:21:36+08:00 ] 127.0.0.1 /addbbs/Home/article/see/aid/1.html
INFO: [ app_init ] --START--
INFO: Run Behavior\BuildLiteBehavior [ RunTime:0.000000s ]
INFO: [ app_init ] --END-- [ RunTime:0.001000s ]

[ 2014-12-19T10:21:36+08:00 ] 127.0.0.1 /addbbs/Home/article/see/aid/index.css
INFO: [ app_init ] --START--
INFO: Run Behavior\BuildLiteBehavior [ RunTime:0.000000s ]
INFO: [ app_init ] --END-- [ RunTime:0.001000s ]

[ 2014-12-19T10:22:50+08:00 ] 127.0.0.1 /addbbs/Home/article/see/aid/1.html
INFO: [ app_init ] --START--
INFO: Run Behavior\BuildLiteBehavior [ RunTime:0.000000s ]
INFO: [ app_init ] --END-- [ RunTime:0.001000s ]

[ 2014-12-19T10:22:50+08:00 ] 127.0.0.1 /addbbs/Home/article/see/aid/index.css
INFO: [ app_init ] --START--
INFO: Run Behavior\BuildLiteBehavior [ RunTime:0.001000s ]
INFO: [ app_init ] --END-- [ RunTime:0.001000s ]

[ 2014-12-19T10:25:30+08:00 ] 127.0.0.1 /addbbs/Home/article/see/aid/1.html
INFO: [ app_init ] --START--
INFO: Run Behavior\BuildLiteBehavior [ RunTime:0.000000s ]
INFO: [ app_init ] --END-- [ RunTime:0.001000s ]

[ 2014-12-19T10:25:30+08:00 ] 127.0.0.1 /addbbs/Home/article/see/aid/index.css
INFO: [ app_init ] --START--
INFO: Run Behavior\BuildLiteBehavior [ RunTime:0.000000s ]
INFO: [ app_init ] --END-- [ RunTime:0.001000s ]

[ 2014-12-19T10:25:58+08:00 ] 127.0.0.1 /addbbs/Home/article/see/aid/1.html
INFO: [ app_init ] --START--
INFO: Run Behavior\BuildLiteBehavior [ RunTime:0.000000s ]
INFO: [ app_init ] --END-- [ RunTime:0.001000s ]

[ 2014-12-19T10:25:59+08:00 ] 127.0.0.1 /addbbs/Home/article/see/aid/index.css
INFO: [ app_init ] --START--
INFO: Run Behavior\BuildLiteBehavior [ RunTime:0.000000s ]
INFO: [ app_init ] --END-- [ RunTime:0.000000s ]

[ 2014-12-19T10:26:25+08:00 ] 127.0.0.1 /addbbs/Home/article/see/aid/1.html
INFO: [ app_init ] --START--
INFO: Run Behavior\BuildLiteBehavior [ RunTime:0.000000s ]
INFO: [ app_init ] --END-- [ RunTime:0.000000s ]

[ 2014-12-19T10:26:25+08:00 ] 127.0.0.1 /addbbs/Home/article/see/aid/index.css
INFO: [ app_init ] --START--
INFO: Run Behavior\BuildLiteBehavior [ RunTime:0.000000s ]
INFO: [ app_init ] --END-- [ RunTime:0.001000s ]

[ 2014-12-19T10:26:34+08:00 ] 127.0.0.1 /addbbs/Home/article/article_list.html
INFO: [ app_init ] --START--
INFO: Run Behavior\BuildLiteBehavior [ RunTime:0.000000s ]
INFO: [ app_init ] --END-- [ RunTime:0.000000s ]

[ 2014-12-19T10:26:48+08:00 ] 127.0.0.1 /addbbs/Home/article/see/aid/1.html
INFO: [ app_init ] --START--
INFO: Run Behavior\BuildLiteBehavior [ RunTime:0.000000s ]
INFO: [ app_init ] --END-- [ RunTime:0.000000s ]

[ 2014-12-19T10:26:49+08:00 ] 127.0.0.1 /addbbs/Home/article/see/aid/index.css
INFO: [ app_init ] --START--
INFO: Run Behavior\BuildLiteBehavior [ RunTime:0.000000s ]
INFO: [ app_init ] --END-- [ RunTime:0.000000s ]

[ 2014-12-19T10:30:07+08:00 ] 127.0.0.1 /addbbs/Home/article/see/aid/1.html
INFO: [ app_init ] --START--
INFO: Run Behavior\BuildLiteBehavior [ RunTime:0.000000s ]
INFO: [ app_init ] --END-- [ RunTime:0.001000s ]

[ 2014-12-19T10:30:07+08:00 ] 127.0.0.1 /addbbs/Home/article/see/aid/index.css
INFO: [ app_init ] --START--
INFO: Run Behavior\BuildLiteBehavior [ RunTime:0.000000s ]
INFO: [ app_init ] --END-- [ RunTime:0.000000s ]

[ 2014-12-19T10:30:22+08:00 ] 127.0.0.1 /addbbs/Home/article/see/aid/1.html
INFO: [ app_init ] --START--
INFO: Run Behavior\BuildLiteBehavior [ RunTime:0.000000s ]
INFO: [ app_init ] --END-- [ RunTime:0.001000s ]

[ 2014-12-19T10:30:22+08:00 ] 127.0.0.1 /addbbs/Home/article/see/aid/index.css
INFO: [ app_init ] --START--
INFO: Run Behavior\BuildLiteBehavior [ RunTime:0.000000s ]
INFO: [ app_init ] --END-- [ RunTime:0.000000s ]

[ 2014-12-19T10:30:28+08:00 ] 127.0.0.1 /addbbs/Home/article/see/aid/1.html
INFO: [ app_init ] --START--
INFO: Run Behavior\BuildLiteBehavior [ RunTime:0.000000s ]
INFO: [ app_init ] --END-- [ RunTime:0.001000s ]

[ 2014-12-19T10:30:28+08:00 ] 127.0.0.1 /addbbs/Home/article/see/aid/index.css
INFO: [ app_init ] --START--
INFO: Run Behavior\BuildLiteBehavior [ RunTime:0.000000s ]
INFO: [ app_init ] --END-- [ RunTime:0.001000s ]

[ 2014-12-19T10:30:28+08:00 ] 127.0.0.1 /addbbs/Home/article/see/aid/1.html
INFO: [ app_init ] --START--
INFO: Run Behavior\BuildLiteBehavior [ RunTime:0.000000s ]
INFO: [ app_init ] --END-- [ RunTime:0.000000s ]

[ 2014-12-19T10:30:28+08:00 ] 127.0.0.1 /addbbs/Home/article/see/aid/index.css
INFO: [ app_init ] --START--
INFO: Run Behavior\BuildLiteBehavior [ RunTime:0.000000s ]
INFO: [ app_init ] --END-- [ RunTime:0.001000s ]

[ 2014-12-19T10:30:34+08:00 ] 127.0.0.1 /addbbs/Home/article/see/aid/1.html
INFO: [ app_init ] --START--
INFO: Run Behavior\BuildLiteBehavior [ RunTime:0.000000s ]
INFO: [ app_init ] --END-- [ RunTime:0.000000s ]

[ 2014-12-19T10:30:35+08:00 ] 127.0.0.1 /addbbs/Home/article/see/aid/index.css
INFO: [ app_init ] --START--
INFO: Run Behavior\BuildLiteBehavior [ RunTime:0.000000s ]
INFO: [ app_init ] --END-- [ RunTime:0.002000s ]

[ 2014-12-19T10:36:00+08:00 ] 127.0.0.1 /addbbs/Home/article/see/aid/1.html
INFO: [ app_init ] --START--
INFO: Run Behavior\BuildLiteBehavior [ RunTime:0.000000s ]
INFO: [ app_init ] --END-- [ RunTime:0.001000s ]

[ 2014-12-19T10:36:00+08:00 ] 127.0.0.1 /addbbs/Home/article/see/aid/index.css
INFO: [ app_init ] --START--
INFO: Run Behavior\BuildLiteBehavior [ RunTime:0.000000s ]
INFO: [ app_init ] --END-- [ RunTime:0.001000s ]

[ 2014-12-19T10:36:07+08:00 ] 127.0.0.1 /addbbs/Home/article/article_list.html
INFO: [ app_init ] --START--
INFO: Run Behavior\BuildLiteBehavior [ RunTime:0.000000s ]
INFO: [ app_init ] --END-- [ RunTime:0.000000s ]

[ 2014-12-19T10:36:08+08:00 ] 127.0.0.1 /addbbs/Home/article/add.html
INFO: [ app_init ] --START--
INFO: Run Behavior\BuildLiteBehavior [ RunTime:0.000000s ]
INFO: [ app_init ] --END-- [ RunTime:0.001000s ]

[ 2014-12-19T10:36:48+08:00 ] 127.0.0.1 /addbbs/Home/article/article_list.html
INFO: [ app_init ] --START--
INFO: Run Behavior\BuildLiteBehavior [ RunTime:0.000000s ]
INFO: [ app_init ] --END-- [ RunTime:0.000000s ]

[ 2014-12-19T10:36:52+08:00 ] 127.0.0.1 /addbbs/Home/article/add.html
INFO: [ app_init ] --START--
INFO: Run Behavior\BuildLiteBehavior [ RunTime:0.000000s ]
INFO: [ app_init ] --END-- [ RunTime:0.001000s ]

[ 2014-12-19T10:36:52+08:00 ] 127.0.0.1 /addbbs/Home/article/index.css
INFO: [ app_init ] --START--
INFO: Run Behavior\BuildLiteBehavior [ RunTime:0.000000s ]
INFO: [ app_init ] --END-- [ RunTime:0.000000s ]
ERR: 非法操作:index.css

[ 2014-12-19T10:37:22+08:00 ] 127.0.0.1 /addbbs/Home/article/%7BU('article/add_do')%7D
INFO: [ app_init ] --START--
INFO: Run Behavior\BuildLiteBehavior [ RunTime:0.000000s ]
INFO: [ app_init ] --END-- [ RunTime:0.001000s ]
ERR: 非法操作:{U('article

[ 2014-12-19T10:37:35+08:00 ] 127.0.0.1 /addbbs/Home/article/add.html
INFO: [ app_init ] --START--
INFO: Run Behavior\BuildLiteBehavior [ RunTime:0.001000s ]
INFO: [ app_init ] --END-- [ RunTime:0.001000s ]

[ 2014-12-19T10:37:35+08:00 ] 127.0.0.1 /addbbs/Home/article/index.css
INFO: [ app_init ] --START--
INFO: Run Behavior\BuildLiteBehavior [ RunTime:0.000000s ]
INFO: [ app_init ] --END-- [ RunTime:0.001000s ]
ERR: 非法操作:index.css

[ 2014-12-19T10:37:45+08:00 ] 127.0.0.1 /addbbs/Home/article/add_do.html
INFO: [ app_init ] --START--
INFO: Run Behavior\BuildLiteBehavior [ RunTime:0.000000s ]
INFO: [ app_init ] --END-- [ RunTime:0.000000s ]

[ 2014-12-19T10:37:57+08:00 ] 127.0.0.1 /addbbs/Home/article/add_do.html
INFO: [ app_init ] --START--
INFO: Run Behavior\BuildLiteBehavior [ RunTime:0.000000s ]
INFO: [ app_init ] --END-- [ RunTime:0.001000s ]

[ 2014-12-19T10:38:51+08:00 ] 127.0.0.1 /addbbs/Home/article/add.html
INFO: [ app_init ] --START--
INFO: Run Behavior\BuildLiteBehavior [ RunTime:0.000000s ]
INFO: [ app_init ] --END-- [ RunTime:0.001000s ]

[ 2014-12-19T10:38:51+08:00 ] 127.0.0.1 /addbbs/Home/article/index.css
INFO: [ app_init ] --START--
INFO: Run Behavior\BuildLiteBehavior [ RunTime:0.000000s ]
INFO: [ app_init ] --END-- [ RunTime:0.000000s ]
ERR: 非法操作:index.css

[ 2014-12-19T10:38:54+08:00 ] 127.0.0.1 /addbbs/Home/article/add_do.html
INFO: [ app_init ] --START--
INFO: Run Behavior\BuildLiteBehavior [ RunTime:0.000000s ]
INFO: [ app_init ] --END-- [ RunTime:0.000000s ]

[ 2014-12-19T10:39:06+08:00 ] 127.0.0.1 /addbbs/Home/article/add_do.html
INFO: [ app_init ] --START--
INFO: Run Behavior\BuildLiteBehavior [ RunTime:0.000000s ]
INFO: [ app_init ] --END-- [ RunTime:0.001000s ]

[ 2014-12-19T10:39:33+08:00 ] 127.0.0.1 /addbbs/Home/article/add_do.html
INFO: [ app_init ] --START--
INFO: Run Behavior\BuildLiteBehavior [ RunTime:0.000000s ]
INFO: [ app_init ] --END-- [ RunTime:0.000000s ]

[ 2014-12-19T10:41:32+08:00 ] 127.0.0.1 /addbbs/Home/article/add.html
INFO: [ app_init ] --START--
INFO: Run Behavior\BuildLiteBehavior [ RunTime:0.000000s ]
INFO: [ app_init ] --END-- [ RunTime:0.000000s ]

[ 2014-12-19T10:41:32+08:00 ] 127.0.0.1 /addbbs/Home/article/index.css
INFO: [ app_init ] --START--
INFO: Run Behavior\BuildLiteBehavior [ RunTime:0.000000s ]
INFO: [ app_init ] --END-- [ RunTime:0.000000s ]
ERR: 非法操作:index.css

[ 2014-12-19T10:41:35+08:00 ] 127.0.0.1 /addbbs/Home/article/add_do.html
INFO: [ app_init ] --START--
INFO: Run Behavior\BuildLiteBehavior [ RunTime:0.000000s ]
INFO: [ app_init ] --END-- [ RunTime:0.000000s ]

[ 2014-12-19T10:42:49+08:00 ] 127.0.0.1 /addbbs/Home/article/add_do.html
INFO: [ app_init ] --START--
INFO: Run Behavior\BuildLiteBehavior [ RunTime:0.000000s ]
INFO: [ app_init ] --END-- [ RunTime:0.000000s ]

[ 2014-12-19T10:42:53+08:00 ] 127.0.0.1 /addbbs/Home/article/add.html
INFO: [ app_init ] --START--
INFO: Run Behavior\BuildLiteBehavior [ RunTime:0.000000s ]
INFO: [ app_init ] --END-- [ RunTime:0.001000s ]

[ 2014-12-19T10:42:53+08:00 ] 127.0.0.1 /addbbs/Home/article/index.css
INFO: [ app_init ] --START--
INFO: Run Behavior\BuildLiteBehavior [ RunTime:0.000000s ]
INFO: [ app_init ] --END-- [ RunTime:0.001000s ]
ERR: 非法操作:index.css

[ 2014-12-19T10:43:01+08:00 ] 127.0.0.1 /addbbs/Home/article/add_do.html
INFO: [ app_init ] --START--
INFO: Run Behavior\BuildLiteBehavior [ RunTime:0.000000s ]
INFO: [ app_init ] --END-- [ RunTime:0.000000s ]
ERR: 非法数据对象！:[time=>1418956981]

[ 2014-12-19T10:43:31+08:00 ] 127.0.0.1 /addbbs/Home/article/add_do.html
INFO: [ app_init ] --START--
INFO: Run Behavior\BuildLiteBehavior [ RunTime:0.000000s ]
INFO: [ app_init ] --END-- [ RunTime:0.001000s ]

[ 2014-12-19T10:43:32+08:00 ] 127.0.0.1 /addbbs/Home/article/article_list.html
INFO: [ app_init ] --START--
INFO: Run Behavior\BuildLiteBehavior [ RunTime:0.000000s ]
INFO: [ app_init ] --END-- [ RunTime:0.000000s ]

[ 2014-12-19T10:43:40+08:00 ] 127.0.0.1 /addbbs/Home/article/article_list.html
INFO: [ app_init ] --START--
INFO: Run Behavior\BuildLiteBehavior [ RunTime:0.000000s ]
INFO: [ app_init ] --END-- [ RunTime:0.001000s ]

[ 2014-12-19T10:43:44+08:00 ] 127.0.0.1 /addbbs/Home/article/article_list.html
INFO: [ app_init ] --START--
INFO: Run Behavior\BuildLiteBehavior [ RunTime:0.000000s ]
INFO: [ app_init ] --END-- [ RunTime:0.002000s ]

[ 2014-12-19T10:45:12+08:00 ] 127.0.0.1 /addbbs/Home/article/add.html
INFO: [ app_init ] --START--
INFO: Run Behavior\BuildLiteBehavior [ RunTime:0.000000s ]
INFO: [ app_init ] --END-- [ RunTime:0.000000s ]

[ 2014-12-19T10:45:12+08:00 ] 127.0.0.1 /addbbs/Home/article/index.css
INFO: [ app_init ] --START--
INFO: Run Behavior\BuildLiteBehavior [ RunTime:0.000000s ]
INFO: [ app_init ] --END-- [ RunTime:0.001000s ]
ERR: 非法操作:index.css

[ 2014-12-19T10:45:17+08:00 ] 127.0.0.1 /addbbs/Home/article/article_list.html
INFO: [ app_init ] --START--
INFO: Run Behavior\BuildLiteBehavior [ RunTime:0.000000s ]
INFO: [ app_init ] --END-- [ RunTime:0.000000s ]

[ 2014-12-19T10:45:19+08:00 ] 127.0.0.1 /addbbs/Home/article/see/aid/1.html
INFO: [ app_init ] --START--
INFO: Run Behavior\BuildLiteBehavior [ RunTime:0.000000s ]
INFO: [ app_init ] --END-- [ RunTime:0.001000s ]

[ 2014-12-19T10:45:19+08:00 ] 127.0.0.1 /addbbs/Home/article/see/aid/index.css
INFO: [ app_init ] --START--
INFO: Run Behavior\BuildLiteBehavior [ RunTime:0.000000s ]
INFO: [ app_init ] --END-- [ RunTime:0.001000s ]

[ 2014-12-19T10:53:42+08:00 ] 127.0.0.1 /addbbs/Home/video/video_list.html
INFO: [ app_init ] --START--
INFO: Run Behavior\BuildLiteBehavior [ RunTime:0.000000s ]
INFO: [ app_init ] --END-- [ RunTime:0.001000s ]

[ 2014-12-19T10:53:43+08:00 ] 127.0.0.1 /addbbs/Home/video/js/jquery.js
INFO: [ app_init ] --START--
INFO: Run Behavior\BuildLiteBehavior [ RunTime:0.000000s ]
INFO: [ app_init ] --END-- [ RunTime:0.000000s ]
ERR: 非法操作:js

[ 2014-12-19T10:53:45+08:00 ] 127.0.0.1 /addbbs/Home/video/see/v_id/7.html
INFO: [ app_init ] --START--
INFO: Run Behavior\BuildLiteBehavior [ RunTime:0.000000s ]
INFO: [ app_init ] --END-- [ RunTime:0.001000s ]

<<<<<<< HEAD
[ 2014-12-19T14:57:46+08:00 ] 127.0.0.1 /Home/Index/verify_c.html
INFO: [ app_init ] --START--
INFO: Run Behavior\BuildLiteBehavior [ RunTime:0.000000s ]
INFO: [ app_init ] --END-- [ RunTime:0.001000s ]
ERR: 无法加载控制器:Index

[ 2014-12-19T14:57:50+08:00 ] 127.0.0.1 /Home/Index/verify_c.html
INFO: [ app_init ] --START--
INFO: Run Behavior\BuildLiteBehavior [ RunTime:0.000000s ]
INFO: [ app_init ] --END-- [ RunTime:0.002000s ]
ERR: 无法加载控制器:Index

=======
[ 2014-12-19T11:01:52+08:00 ] 127.0.0.1 /addbbs/Home/article/article_list.html
INFO: [ app_init ] --START--
INFO: Run Behavior\BuildLiteBehavior [ RunTime:0.000000s ]
INFO: [ app_init ] --END-- [ RunTime:0.001000s ]

[ 2014-12-19T11:02:21+08:00 ] 127.0.0.1 /addbbs/Home/article/see/aid/1.html
INFO: [ app_init ] --START--
INFO: Run Behavior\BuildLiteBehavior [ RunTime:0.000000s ]
INFO: [ app_init ] --END-- [ RunTime:0.001000s ]

[ 2014-12-19T11:02:22+08:00 ] 127.0.0.1 /addbbs/Home/article/see/aid/index.css
INFO: [ app_init ] --START--
INFO: Run Behavior\BuildLiteBehavior [ RunTime:0.000000s ]
INFO: [ app_init ] --END-- [ RunTime:0.000000s ]

[ 2014-12-19T11:02:34+08:00 ] 127.0.0.1 /addbbs/Home/article/article_list.html
INFO: [ app_init ] --START--
INFO: Run Behavior\BuildLiteBehavior [ RunTime:0.000000s ]
INFO: [ app_init ] --END-- [ RunTime:0.000000s ]

[ 2014-12-19T11:02:43+08:00 ] 127.0.0.1 /addbbs/Home/article/see/aid/71.html
INFO: [ app_init ] --START--
INFO: Run Behavior\BuildLiteBehavior [ RunTime:0.000000s ]
INFO: [ app_init ] --END-- [ RunTime:0.000000s ]

[ 2014-12-19T11:02:43+08:00 ] 127.0.0.1 /addbbs/Home/article/see/aid/index.css
INFO: [ app_init ] --START--
INFO: Run Behavior\BuildLiteBehavior [ RunTime:0.000000s ]
INFO: [ app_init ] --END-- [ RunTime:0.001000s ]

[ 2014-12-19T11:15:29+08:00 ] 127.0.0.1 /addbbs/Home/article/article_list.html
INFO: [ app_init ] --START--
INFO: Run Behavior\BuildLiteBehavior [ RunTime:0.000000s ]
INFO: [ app_init ] --END-- [ RunTime:0.000000s ]

[ 2014-12-19T11:15:31+08:00 ] 127.0.0.1 /addbbs/Home/article/see/aid/1.html
INFO: [ app_init ] --START--
INFO: Run Behavior\BuildLiteBehavior [ RunTime:0.000000s ]
INFO: [ app_init ] --END-- [ RunTime:0.001000s ]

[ 2014-12-19T11:15:32+08:00 ] 127.0.0.1 /addbbs/Home/article/see/aid/index.css
INFO: [ app_init ] --START--
INFO: Run Behavior\BuildLiteBehavior [ RunTime:0.000000s ]
INFO: [ app_init ] --END-- [ RunTime:0.000000s ]

[ 2014-12-19T11:15:36+08:00 ] 127.0.0.1 /addbbs/Home/article/see/aid/71.html
INFO: [ app_init ] --START--
INFO: Run Behavior\BuildLiteBehavior [ RunTime:0.000000s ]
INFO: [ app_init ] --END-- [ RunTime:0.001000s ]

[ 2014-12-19T11:15:36+08:00 ] 127.0.0.1 /addbbs/Home/article/see/aid/index.css
INFO: [ app_init ] --START--
INFO: Run Behavior\BuildLiteBehavior [ RunTime:0.001000s ]
INFO: [ app_init ] --END-- [ RunTime:0.001000s ]

[ 2014-12-19T11:15:54+08:00 ] 127.0.0.1 /addbbs/Home/article/see/aid/71.html
INFO: [ app_init ] --START--
INFO: Run Behavior\BuildLiteBehavior [ RunTime:0.000000s ]
INFO: [ app_init ] --END-- [ RunTime:0.001001s ]

[ 2014-12-19T11:15:54+08:00 ] 127.0.0.1 /addbbs/Home/article/see/aid/index.css
INFO: [ app_init ] --START--
INFO: Run Behavior\BuildLiteBehavior [ RunTime:0.000000s ]
INFO: [ app_init ] --END-- [ RunTime:0.000000s ]

[ 2014-12-19T11:16:25+08:00 ] 127.0.0.1 /addbbs/Home/article/see/aid/71.html
INFO: [ app_init ] --START--
INFO: Run Behavior\BuildLiteBehavior [ RunTime:0.000000s ]
INFO: [ app_init ] --END-- [ RunTime:0.000000s ]

[ 2014-12-19T11:16:25+08:00 ] 127.0.0.1 /addbbs/Home/article/see/aid/index.css
INFO: [ app_init ] --START--
INFO: Run Behavior\BuildLiteBehavior [ RunTime:0.000000s ]
INFO: [ app_init ] --END-- [ RunTime:0.001000s ]

[ 2014-12-19T11:17:18+08:00 ] 127.0.0.1 /addbbs/Home/article/article_list.html
INFO: [ app_init ] --START--
INFO: Run Behavior\BuildLiteBehavior [ RunTime:0.000000s ]
INFO: [ app_init ] --END-- [ RunTime:0.000000s ]

[ 2014-12-19T11:17:21+08:00 ] 127.0.0.1 /addbbs/Home/article/see/aid/1.html
INFO: [ app_init ] --START--
INFO: Run Behavior\BuildLiteBehavior [ RunTime:0.000000s ]
INFO: [ app_init ] --END-- [ RunTime:0.001000s ]

[ 2014-12-19T11:17:21+08:00 ] 127.0.0.1 /addbbs/Home/article/see/aid/index.css
INFO: [ app_init ] --START--
INFO: Run Behavior\BuildLiteBehavior [ RunTime:0.001000s ]
INFO: [ app_init ] --END-- [ RunTime:0.001000s ]

[ 2014-12-19T11:17:24+08:00 ] 127.0.0.1 /addbbs/Home/article/article_list.html
INFO: [ app_init ] --START--
INFO: Run Behavior\BuildLiteBehavior [ RunTime:0.000000s ]
INFO: [ app_init ] --END-- [ RunTime:0.001000s ]

[ 2014-12-19T11:17:26+08:00 ] 127.0.0.1 /addbbs/Home/article/see/aid/71.html
INFO: [ app_init ] --START--
INFO: Run Behavior\BuildLiteBehavior [ RunTime:0.000000s ]
INFO: [ app_init ] --END-- [ RunTime:0.000000s ]

[ 2014-12-19T11:17:26+08:00 ] 127.0.0.1 /addbbs/Home/article/see/aid/index.css
INFO: [ app_init ] --START--
INFO: Run Behavior\BuildLiteBehavior [ RunTime:0.000000s ]
INFO: [ app_init ] --END-- [ RunTime:0.000000s ]

[ 2014-12-19T11:17:40+08:00 ] 127.0.0.1 /addbbs/Home/article/see/aid/71.html
INFO: [ app_init ] --START--
INFO: Run Behavior\BuildLiteBehavior [ RunTime:0.000000s ]
INFO: [ app_init ] --END-- [ RunTime:0.001000s ]

[ 2014-12-19T11:17:40+08:00 ] 127.0.0.1 /addbbs/Home/article/see/aid/index.css
INFO: [ app_init ] --START--
INFO: Run Behavior\BuildLiteBehavior [ RunTime:0.001000s ]
INFO: [ app_init ] --END-- [ RunTime:0.001000s ]

[ 2014-12-19T11:17:43+08:00 ] 127.0.0.1 /addbbs/Home/article/update/aid/71.html
INFO: [ app_init ] --START--
INFO: Run Behavior\BuildLiteBehavior [ RunTime:0.000000s ]
INFO: [ app_init ] --END-- [ RunTime:0.000000s ]
ERR: 非法数据对象！:[a_title=>adasdadasda]

[ 2014-12-19T11:18:21+08:00 ] 127.0.0.1 /addbbs/Home/article/update/aid/71.html
INFO: [ app_init ] --START--
INFO: Run Behavior\BuildLiteBehavior [ RunTime:0.000000s ]
INFO: [ app_init ] --END-- [ RunTime:0.000000s ]

[ 2014-12-19T11:18:22+08:00 ] 127.0.0.1 /addbbs/Home/article/article_list.html
INFO: [ app_init ] --START--
INFO: Run Behavior\BuildLiteBehavior [ RunTime:0.000000s ]
INFO: [ app_init ] --END-- [ RunTime:0.001000s ]

[ 2014-12-19T11:18:38+08:00 ] 127.0.0.1 /addbbs/Home/article/class_list.html
INFO: [ app_init ] --START--
INFO: Run Behavior\BuildLiteBehavior [ RunTime:0.000000s ]
INFO: [ app_init ] --END-- [ RunTime:0.000000s ]
ERR: 非法操作:class_list

[ 2014-12-19T11:21:47+08:00 ] 127.0.0.1 /addbbs/Home/article/class_list.html
INFO: [ app_init ] --START--
INFO: Run Behavior\BuildLiteBehavior [ RunTime:0.000000s ]
INFO: [ app_init ] --END-- [ RunTime:0.000000s ]

[ 2014-12-19T11:22:01+08:00 ] 127.0.0.1 /addbbs/Home/article/class_list.html
INFO: [ app_init ] --START--
INFO: Run Behavior\BuildLiteBehavior [ RunTime:0.000000s ]
INFO: [ app_init ] --END-- [ RunTime:0.001000s ]

[ 2014-12-19T11:29:43+08:00 ] 127.0.0.1 /addbbs/Home/article/class_list.html
INFO: [ app_init ] --START--
INFO: Run Behavior\BuildLiteBehavior [ RunTime:0.000000s ]
INFO: [ app_init ] --END-- [ RunTime:0.001000s ]

[ 2014-12-19T11:29:44+08:00 ] 127.0.0.1 /addbbs/Home/article/class_list.html
INFO: [ app_init ] --START--
INFO: Run Behavior\BuildLiteBehavior [ RunTime:0.000000s ]
INFO: [ app_init ] --END-- [ RunTime:0.000000s ]

[ 2014-12-19T11:29:45+08:00 ] 127.0.0.1 /addbbs/Home/article/see_class/id/1.html
INFO: [ app_init ] --START--
INFO: Run Behavior\BuildLiteBehavior [ RunTime:0.000000s ]
INFO: [ app_init ] --END-- [ RunTime:0.000000s ]

[ 2014-12-19T11:29:48+08:00 ] 127.0.0.1 /addbbs/Home/article/upd_class.htmlArray
INFO: [ app_init ] --START--
INFO: Run Behavior\BuildLiteBehavior [ RunTime:0.000000s ]
INFO: [ app_init ] --END-- [ RunTime:0.000000s ]
ERR: 非法操作:upd_class.htmlArray

[ 2014-12-19T11:30:21+08:00 ] 127.0.0.1 /addbbs/Home/article/see_class/id/1.html
INFO: [ app_init ] --START--
INFO: Run Behavior\BuildLiteBehavior [ RunTime:0.000000s ]
INFO: [ app_init ] --END-- [ RunTime:0.000000s ]

[ 2014-12-19T11:30:22+08:00 ] 127.0.0.1 /addbbs/Home/article/upd_class/id/1.html
INFO: [ app_init ] --START--
INFO: Run Behavior\BuildLiteBehavior [ RunTime:0.000000s ]
INFO: [ app_init ] --END-- [ RunTime:0.000000s ]

[ 2014-12-19T11:30:24+08:00 ] 127.0.0.1 /addbbs/Home/article/article_list.html
INFO: [ app_init ] --START--
INFO: Run Behavior\BuildLiteBehavior [ RunTime:0.000000s ]
INFO: [ app_init ] --END-- [ RunTime:0.000000s ]

[ 2014-12-19T11:30:28+08:00 ] 127.0.0.1 /addbbs/Home/article/class_list.html
INFO: [ app_init ] --START--
INFO: Run Behavior\BuildLiteBehavior [ RunTime:0.000000s ]
INFO: [ app_init ] --END-- [ RunTime:0.001000s ]

[ 2014-12-19T11:30:31+08:00 ] 127.0.0.1 /addbbs/Home/article/see_class/id/1.html
INFO: [ app_init ] --START--
INFO: Run Behavior\BuildLiteBehavior [ RunTime:0.000000s ]
INFO: [ app_init ] --END-- [ RunTime:0.001000s ]

[ 2014-12-19T11:30:47+08:00 ] 127.0.0.1 /addbbs/Home/article/upd_class/id/1.html
INFO: [ app_init ] --START--
INFO: Run Behavior\BuildLiteBehavior [ RunTime:0.000000s ]
INFO: [ app_init ] --END-- [ RunTime:0.001000s ]

[ 2014-12-19T11:30:48+08:00 ] 127.0.0.1 /addbbs/Home/article/class_list.html
INFO: [ app_init ] --START--
INFO: Run Behavior\BuildLiteBehavior [ RunTime:0.000000s ]
INFO: [ app_init ] --END-- [ RunTime:0.001000s ]

[ 2014-12-19T11:30:52+08:00 ] 127.0.0.1 /addbbs/Home/article/add_class.html
INFO: [ app_init ] --START--
INFO: Run Behavior\BuildLiteBehavior [ RunTime:0.000000s ]
INFO: [ app_init ] --END-- [ RunTime:0.001000s ]

[ 2014-12-19T11:30:55+08:00 ] 127.0.0.1 /addbbs/Home/article/add_class_do.html
INFO: [ app_init ] --START--
INFO: Run Behavior\BuildLiteBehavior [ RunTime:0.000000s ]
INFO: [ app_init ] --END-- [ RunTime:0.001000s ]

[ 2014-12-19T11:30:56+08:00 ] 127.0.0.1 /addbbs/Home/article/class_list.html
INFO: [ app_init ] --START--
INFO: Run Behavior\BuildLiteBehavior [ RunTime:0.000000s ]
INFO: [ app_init ] --END-- [ RunTime:0.001000s ]

[ 2014-12-19T11:30:59+08:00 ] 127.0.0.1 /addbbs/Home/teacher/del.html
INFO: [ app_init ] --START--
INFO: Run Behavior\BuildLiteBehavior [ RunTime:0.000000s ]
INFO: [ app_init ] --END-- [ RunTime:0.000000s ]
INFO: [ app_begin ] --START--
INFO: Run Behavior\ReadHtmlCacheBehavior [ RunTime:0.001000s ]
INFO: [ app_begin ] --END-- [ RunTime:0.001000s ]
NOTIC: [8192] mysql_connect(): The mysql extension is deprecated and will be removed in the future: use mysqli or PDO instead D:\xampp\htdocs\addbbs\ThinkPHP\Library\Think\Db\Driver\Mysql.class.php 第 52 行.
SQL: SHOW COLUMNS FROM `bbs_teacher` [ RunTime:0.004000s ]
NOTIC: [8192] mysql_connect(): The mysql extension is deprecated and will be removed in the future: use mysqli or PDO instead D:\xampp\htdocs\addbbs\ThinkPHP\Library\Think\Db\Driver\Mysql.class.php 第 52 行.
SQL: DELETE FROM `bbs_teacher` WHERE ( t_id= ) [ RunTime:0.021001s ]
ERR: 1064:You have an error in your SQL syntax; check the manual that corresponds to your MySQL server version for the right syntax to use near ')' at line 1
 [ SQL语句 ] : DELETE FROM `bbs_teacher` WHERE ( t_id= )
INFO: [ app_end ] --START--
INFO: Run Behavior\ShowPageTraceBehavior [ RunTime:0.000000s ]
INFO: [ app_end ] --END-- [ RunTime:0.000000s ]

[ 2014-12-19T11:31:00+08:00 ] 127.0.0.1 /addbbs/Home/article/class_list.html
INFO: [ app_init ] --START--
INFO: Run Behavior\BuildLiteBehavior [ RunTime:0.000000s ]
INFO: [ app_init ] --END-- [ RunTime:0.001000s ]

[ 2014-12-19T11:32:19+08:00 ] 127.0.0.1 /addbbs/Home/article/class_list.html
INFO: [ app_init ] --START--
INFO: Run Behavior\BuildLiteBehavior [ RunTime:0.000000s ]
INFO: [ app_init ] --END-- [ RunTime:0.001000s ]

[ 2014-12-19T11:32:22+08:00 ] 127.0.0.1 /addbbs/Home/article/class_del.html
INFO: [ app_init ] --START--
INFO: Run Behavior\BuildLiteBehavior [ RunTime:0.000000s ]
INFO: [ app_init ] --END-- [ RunTime:0.001000s ]
INFO: [ app_begin ] --START--
INFO: Run Behavior\ReadHtmlCacheBehavior [ RunTime:0.000000s ]
INFO: [ app_begin ] --END-- [ RunTime:0.000000s ]
ERR: 非法操作:class_del

[ 2014-12-19T11:32:28+08:00 ] 127.0.0.1 /addbbs/Home/article/class_del.html
INFO: [ app_init ] --START--
INFO: Run Behavior\BuildLiteBehavior [ RunTime:0.000000s ]
INFO: [ app_init ] --END-- [ RunTime:0.001000s ]
INFO: [ app_begin ] --START--
INFO: Run Behavior\ReadHtmlCacheBehavior [ RunTime:0.000000s ]
INFO: [ app_begin ] --END-- [ RunTime:0.001000s ]
ERR: 非法操作:class_del

[ 2014-12-19T11:32:51+08:00 ] 127.0.0.1 /addbbs/Home/article/class_list.html
INFO: [ app_init ] --START--
INFO: Run Behavior\BuildLiteBehavior [ RunTime:0.000000s ]
INFO: [ app_init ] --END-- [ RunTime:0.000000s ]

[ 2014-12-19T11:32:53+08:00 ] 127.0.0.1 /addbbs/Home/article/del_class.html
INFO: [ app_init ] --START--
INFO: Run Behavior\BuildLiteBehavior [ RunTime:0.001000s ]
INFO: [ app_init ] --END-- [ RunTime:0.001000s ]
INFO: [ app_begin ] --START--
INFO: Run Behavior\ReadHtmlCacheBehavior [ RunTime:0.001001s ]
INFO: [ app_begin ] --END-- [ RunTime:0.001001s ]
NOTIC: [8192] mysql_connect(): The mysql extension is deprecated and will be removed in the future: use mysqli or PDO instead D:\xampp\htdocs\addbbs\ThinkPHP\Library\Think\Db\Driver\Mysql.class.php 第 52 行.
SQL: SHOW COLUMNS FROM `bbs_class` [ RunTime:0.006001s ]
NOTIC: [8192] mysql_connect(): The mysql extension is deprecated and will be removed in the future: use mysqli or PDO instead D:\xampp\htdocs\addbbs\ThinkPHP\Library\Think\Db\Driver\Mysql.class.php 第 52 行.
SQL: DELETE FROM `bbs_class` WHERE ( id=4 ) [ RunTime:0.001000s ]
INFO: [ app_end ] --START--
INFO: Run Behavior\ShowPageTraceBehavior [ RunTime:0.001000s ]
INFO: [ app_end ] --END-- [ RunTime:0.001000s ]

[ 2014-12-19T11:32:56+08:00 ] 127.0.0.1 /addbbs/Home/article/class_list.html
INFO: [ app_init ] --START--
INFO: Run Behavior\BuildLiteBehavior [ RunTime:0.000000s ]
INFO: [ app_init ] --END-- [ RunTime:0.000000s ]

[ 2014-12-19T11:33:00+08:00 ] 127.0.0.1 /addbbs/Home/article/del_class.html
INFO: [ app_init ] --START--
INFO: Run Behavior\BuildLiteBehavior [ RunTime:0.001000s ]
INFO: [ app_init ] --END-- [ RunTime:0.001000s ]
INFO: [ app_begin ] --START--
INFO: Run Behavior\ReadHtmlCacheBehavior [ RunTime:0.000000s ]
INFO: [ app_begin ] --END-- [ RunTime:0.000000s ]
NOTIC: [8192] mysql_connect(): The mysql extension is deprecated and will be removed in the future: use mysqli or PDO instead D:\xampp\htdocs\addbbs\ThinkPHP\Library\Think\Db\Driver\Mysql.class.php 第 52 行.
SQL: SHOW COLUMNS FROM `bbs_class` [ RunTime:0.005000s ]
NOTIC: [8192] mysql_connect(): The mysql extension is deprecated and will be removed in the future: use mysqli or PDO instead D:\xampp\htdocs\addbbs\ThinkPHP\Library\Think\Db\Driver\Mysql.class.php 第 52 行.
SQL: DELETE FROM `bbs_class` WHERE ( id=7 ) [ RunTime:0.001000s ]
INFO: [ app_end ] --START--
INFO: Run Behavior\ShowPageTraceBehavior [ RunTime:0.001001s ]
INFO: [ app_end ] --END-- [ RunTime:0.001001s ]

[ 2014-12-19T11:33:30+08:00 ] 127.0.0.1 /addbbs/Home/article/class_list.html
INFO: [ app_init ] --START--
INFO: Run Behavior\BuildLiteBehavior [ RunTime:0.000000s ]
INFO: [ app_init ] --END-- [ RunTime:0.001000s ]

[ 2014-12-19T11:33:33+08:00 ] 127.0.0.1 /addbbs/Home/article/del_class.html
INFO: [ app_init ] --START--
INFO: Run Behavior\BuildLiteBehavior [ RunTime:0.000000s ]
INFO: [ app_init ] --END-- [ RunTime:0.000000s ]
INFO: [ app_begin ] --START--
INFO: Run Behavior\ReadHtmlCacheBehavior [ RunTime:0.001000s ]
INFO: [ app_begin ] --END-- [ RunTime:0.001000s ]
NOTIC: [8192] mysql_connect(): The mysql extension is deprecated and will be removed in the future: use mysqli or PDO instead D:\xampp\htdocs\addbbs\ThinkPHP\Library\Think\Db\Driver\Mysql.class.php 第 52 行.
SQL: SHOW COLUMNS FROM `bbs_class` [ RunTime:0.008000s ]
NOTIC: [8192] mysql_connect(): The mysql extension is deprecated and will be removed in the future: use mysqli or PDO instead D:\xampp\htdocs\addbbs\ThinkPHP\Library\Think\Db\Driver\Mysql.class.php 第 52 行.
SQL: DELETE FROM `bbs_class` WHERE ( id=7 ) [ RunTime:0.000000s ]

[ 2014-12-19T11:33:50+08:00 ] 127.0.0.1 /addbbs/Home/article/class_list.html
INFO: [ app_init ] --START--
INFO: Run Behavior\BuildLiteBehavior [ RunTime:0.000000s ]
INFO: [ app_init ] --END-- [ RunTime:0.001000s ]

[ 2014-12-19T11:33:53+08:00 ] 127.0.0.1 /addbbs/Home/article/del_class.html
INFO: [ app_init ] --START--
INFO: Run Behavior\BuildLiteBehavior [ RunTime:0.000000s ]
INFO: [ app_init ] --END-- [ RunTime:0.001001s ]
INFO: [ app_begin ] --START--
INFO: Run Behavior\ReadHtmlCacheBehavior [ RunTime:0.001000s ]
INFO: [ app_begin ] --END-- [ RunTime:0.001000s ]
NOTIC: [8192] mysql_connect(): The mysql extension is deprecated and will be removed in the future: use mysqli or PDO instead D:\xampp\htdocs\addbbs\ThinkPHP\Library\Think\Db\Driver\Mysql.class.php 第 52 行.
SQL: SHOW COLUMNS FROM `bbs_type` [ RunTime:0.005001s ]
NOTIC: [8192] mysql_connect(): The mysql extension is deprecated and will be removed in the future: use mysqli or PDO instead D:\xampp\htdocs\addbbs\ThinkPHP\Library\Think\Db\Driver\Mysql.class.php 第 52 行.
SQL: DELETE FROM `bbs_type` WHERE ( id=7 ) [ RunTime:0.003000s ]

[ 2014-12-19T11:33:54+08:00 ] 127.0.0.1 /addbbs/Home/article/class_list.html
INFO: [ app_init ] --START--
INFO: Run Behavior\BuildLiteBehavior [ RunTime:0.000000s ]
INFO: [ app_init ] --END-- [ RunTime:0.001000s ]

[ 2014-12-19T11:34:48+08:00 ] 127.0.0.1 /addbbs/Home/article/article_list.html
INFO: [ app_init ] --START--
INFO: Run Behavior\BuildLiteBehavior [ RunTime:0.000000s ]
INFO: [ app_init ] --END-- [ RunTime:0.000000s ]

[ 2014-12-19T11:34:52+08:00 ] 127.0.0.1 /addbbs/Home/article/del.html
INFO: [ app_init ] --START--
INFO: Run Behavior\BuildLiteBehavior [ RunTime:0.000000s ]
INFO: [ app_init ] --END-- [ RunTime:0.001000s ]
INFO: [ app_begin ] --START--
INFO: Run Behavior\ReadHtmlCacheBehavior [ RunTime:0.001000s ]
INFO: [ app_begin ] --END-- [ RunTime:0.001000s ]
NOTIC: [8192] mysql_connect(): The mysql extension is deprecated and will be removed in the future: use mysqli or PDO instead D:\xampp\htdocs\addbbs\ThinkPHP\Library\Think\Db\Driver\Mysql.class.php 第 52 行.
SQL: SHOW COLUMNS FROM `bbs_article` [ RunTime:0.004001s ]
NOTIC: [8192] mysql_connect(): The mysql extension is deprecated and will be removed in the future: use mysqli or PDO instead D:\xampp\htdocs\addbbs\ThinkPHP\Library\Think\Db\Driver\Mysql.class.php 第 52 行.
SQL: DELETE FROM `bbs_article` WHERE ( aid=71 ) [ RunTime:0.002000s ]
INFO: [ app_end ] --START--
INFO: Run Behavior\ShowPageTraceBehavior [ RunTime:0.000000s ]
INFO: [ app_end ] --END-- [ RunTime:0.001000s ]

[ 2014-12-19T11:34:55+08:00 ] 127.0.0.1 /addbbs/Home/article/article_list.html
INFO: [ app_init ] --START--
INFO: Run Behavior\BuildLiteBehavior [ RunTime:0.000000s ]
INFO: [ app_init ] --END-- [ RunTime:0.001000s ]

[ 2014-12-19T11:37:02+08:00 ] 127.0.0.1 /addbbs/Home/admin/jyjb.html
INFO: [ app_init ] --START--
INFO: Run Behavior\BuildLiteBehavior [ RunTime:0.000000s ]
INFO: [ app_init ] --END-- [ RunTime:0.001000s ]
ERR: 非法操作:jyjb

[ 2014-12-19T14:16:32+08:00 ] 127.0.0.1 /addbbs/Home/admin/course.html
INFO: [ app_init ] --START--
INFO: Run Behavior\BuildLiteBehavior [ RunTime:0.000000s ]
INFO: [ app_init ] --END-- [ RunTime:0.001000s ]

[ 2014-12-19T14:26:18+08:00 ] 127.0.0.1 /addbbs/Home/admin/course.html
INFO: [ app_init ] --START--
INFO: Run Behavior\BuildLiteBehavior [ RunTime:0.000000s ]
INFO: [ app_init ] --END-- [ RunTime:0.001000s ]

[ 2014-12-19T14:35:12+08:00 ] 127.0.0.1 /addbbs/Home/article/article_list.html
INFO: [ app_init ] --START--
INFO: Run Behavior\BuildLiteBehavior [ RunTime:0.000000s ]
INFO: [ app_init ] --END-- [ RunTime:0.001001s ]

[ 2014-12-19T14:35:16+08:00 ] 127.0.0.1 /addbbs/Home/article/add.html
INFO: [ app_init ] --START--
INFO: Run Behavior\BuildLiteBehavior [ RunTime:0.000000s ]
INFO: [ app_init ] --END-- [ RunTime:0.000000s ]

[ 2014-12-19T14:35:16+08:00 ] 127.0.0.1 /addbbs/Home/article/index.css
INFO: [ app_init ] --START--
INFO: Run Behavior\BuildLiteBehavior [ RunTime:0.000000s ]
INFO: [ app_init ] --END-- [ RunTime:0.000000s ]
ERR: 非法操作:index.css

[ 2014-12-19T14:51:22+08:00 ] 127.0.0.1 /addbbs/Home/admin/course.html
INFO: [ app_init ] --START--
INFO: Run Behavior\BuildLiteBehavior [ RunTime:0.000000s ]
INFO: [ app_init ] --END-- [ RunTime:0.000000s ]

[ 2014-12-19T14:51:28+08:00 ] 127.0.0.1 /addbbs/Home/admin/add_course.html
INFO: [ app_init ] --START--
INFO: Run Behavior\BuildLiteBehavior [ RunTime:0.000000s ]
INFO: [ app_init ] --END-- [ RunTime:0.000000s ]

[ 2014-12-19T14:51:29+08:00 ] 127.0.0.1 /addbbs/Home/admin/index.css
INFO: [ app_init ] --START--
INFO: Run Behavior\BuildLiteBehavior [ RunTime:0.000000s ]
INFO: [ app_init ] --END-- [ RunTime:0.001000s ]
ERR: 非法操作:index.css

[ 2014-12-19T14:54:35+08:00 ] 127.0.0.1 /addbbs/Home/admin/add_course.html
INFO: [ app_init ] --START--
INFO: Run Behavior\BuildLiteBehavior [ RunTime:0.000000s ]
INFO: [ app_init ] --END-- [ RunTime:0.000000s ]

[ 2014-12-19T14:54:35+08:00 ] 127.0.0.1 /addbbs/Home/admin/index.css
INFO: [ app_init ] --START--
INFO: Run Behavior\BuildLiteBehavior [ RunTime:0.000000s ]
INFO: [ app_init ] --END-- [ RunTime:0.001001s ]
ERR: 非法操作:index.css

[ 2014-12-19T14:55:13+08:00 ] 127.0.0.1 /addbbs/Home/admin/add_course.html
INFO: [ app_init ] --START--
INFO: Run Behavior\BuildLiteBehavior [ RunTime:0.000000s ]
INFO: [ app_init ] --END-- [ RunTime:0.001000s ]

[ 2014-12-19T14:55:13+08:00 ] 127.0.0.1 /addbbs/Home/admin/index.css
INFO: [ app_init ] --START--
INFO: Run Behavior\BuildLiteBehavior [ RunTime:0.000000s ]
INFO: [ app_init ] --END-- [ RunTime:0.000000s ]
ERR: 非法操作:index.css

[ 2014-12-19T14:55:14+08:00 ] 127.0.0.1 /addbbs/Home/admin/add_course.html
INFO: [ app_init ] --START--
INFO: Run Behavior\BuildLiteBehavior [ RunTime:0.000000s ]
INFO: [ app_init ] --END-- [ RunTime:0.001000s ]

[ 2014-12-19T14:55:14+08:00 ] 127.0.0.1 /addbbs/Home/admin/index.css
INFO: [ app_init ] --START--
INFO: Run Behavior\BuildLiteBehavior [ RunTime:0.000000s ]
INFO: [ app_init ] --END-- [ RunTime:0.000000s ]
ERR: 非法操作:index.css

[ 2014-12-19T14:55:23+08:00 ] 127.0.0.1 /addbbs/Home/admin/add_course.html
INFO: [ app_init ] --START--
INFO: Run Behavior\BuildLiteBehavior [ RunTime:0.000000s ]
INFO: [ app_init ] --END-- [ RunTime:0.001000s ]

[ 2014-12-19T14:55:23+08:00 ] 127.0.0.1 /addbbs/Home/admin/index.css
INFO: [ app_init ] --START--
INFO: Run Behavior\BuildLiteBehavior [ RunTime:0.000000s ]
INFO: [ app_init ] --END-- [ RunTime:0.001000s ]
ERR: 非法操作:index.css

[ 2014-12-19T14:55:24+08:00 ] 127.0.0.1 /addbbs/Home/admin/add_course.html
INFO: [ app_init ] --START--
INFO: Run Behavior\BuildLiteBehavior [ RunTime:0.000000s ]
INFO: [ app_init ] --END-- [ RunTime:0.000000s ]

[ 2014-12-19T14:55:24+08:00 ] 127.0.0.1 /addbbs/Home/admin/index.css
INFO: [ app_init ] --START--
INFO: Run Behavior\BuildLiteBehavior [ RunTime:0.000000s ]
INFO: [ app_init ] --END-- [ RunTime:0.001000s ]
ERR: 非法操作:index.css

[ 2014-12-19T14:55:25+08:00 ] 127.0.0.1 /addbbs/Home/admin/add_course.html
INFO: [ app_init ] --START--
INFO: Run Behavior\BuildLiteBehavior [ RunTime:0.000000s ]
INFO: [ app_init ] --END-- [ RunTime:0.000000s ]

[ 2014-12-19T14:55:25+08:00 ] 127.0.0.1 /addbbs/Home/admin/index.css
INFO: [ app_init ] --START--
INFO: Run Behavior\BuildLiteBehavior [ RunTime:0.000000s ]
INFO: [ app_init ] --END-- [ RunTime:0.001000s ]
ERR: 非法操作:index.css

[ 2014-12-19T14:55:26+08:00 ] 127.0.0.1 /addbbs/Home/admin/add_course.html
INFO: [ app_init ] --START--
INFO: Run Behavior\BuildLiteBehavior [ RunTime:0.000000s ]
INFO: [ app_init ] --END-- [ RunTime:0.000000s ]

[ 2014-12-19T14:55:26+08:00 ] 127.0.0.1 /addbbs/Home/admin/index.css
INFO: [ app_init ] --START--
INFO: Run Behavior\BuildLiteBehavior [ RunTime:0.000000s ]
INFO: [ app_init ] --END-- [ RunTime:0.002000s ]
ERR: 非法操作:index.css

[ 2014-12-19T14:55:26+08:00 ] 127.0.0.1 /addbbs/Home/admin/add_course.html
INFO: [ app_init ] --START--
INFO: Run Behavior\BuildLiteBehavior [ RunTime:0.000000s ]
INFO: [ app_init ] --END-- [ RunTime:0.000000s ]

[ 2014-12-19T14:55:26+08:00 ] 127.0.0.1 /addbbs/Home/admin/index.css
INFO: [ app_init ] --START--
INFO: Run Behavior\BuildLiteBehavior [ RunTime:0.000000s ]
INFO: [ app_init ] --END-- [ RunTime:0.001000s ]
ERR: 非法操作:index.css

[ 2014-12-19T14:55:35+08:00 ] 127.0.0.1 /addbbs/Home/admin/course.html
INFO: [ app_init ] --START--
INFO: Run Behavior\BuildLiteBehavior [ RunTime:0.000000s ]
INFO: [ app_init ] --END-- [ RunTime:0.000000s ]

[ 2014-12-19T14:55:35+08:00 ] 127.0.0.1 /addbbs/Home/admin/verify_c.html
INFO: [ app_init ] --START--
INFO: Run Behavior\BuildLiteBehavior [ RunTime:0.000000s ]
INFO: [ app_init ] --END-- [ RunTime:0.000000s ]

[ 2014-12-19T14:56:54+08:00 ] 127.0.0.1 /addbbs/Home/admin/course.html
INFO: [ app_init ] --START--
INFO: Run Behavior\BuildLiteBehavior [ RunTime:0.000000s ]
INFO: [ app_init ] --END-- [ RunTime:0.000000s ]

[ 2014-12-19T14:56:54+08:00 ] 127.0.0.1 /addbbs/Home/Index/verify_c.html
INFO: [ app_init ] --START--
INFO: Run Behavior\BuildLiteBehavior [ RunTime:0.000000s ]
INFO: [ app_init ] --END-- [ RunTime:0.001000s ]
ERR: 无法加载控制器:Index

[ 2014-12-19T14:57:06+08:00 ] 127.0.0.1 /addbbs/Home/admin/course.html
INFO: [ app_init ] --START--
INFO: Run Behavior\BuildLiteBehavior [ RunTime:0.000000s ]
INFO: [ app_init ] --END-- [ RunTime:0.000000s ]

[ 2014-12-19T14:57:06+08:00 ] 127.0.0.1 /addbbs/Home/admin/verify_c.html
INFO: [ app_init ] --START--
INFO: Run Behavior\BuildLiteBehavior [ RunTime:0.000000s ]
INFO: [ app_init ] --END-- [ RunTime:0.001000s ]

[ 2014-12-19T14:59:00+08:00 ] 127.0.0.1 /addbbs/Home/admin/course.html
INFO: [ app_init ] --START--
INFO: Run Behavior\BuildLiteBehavior [ RunTime:0.000000s ]
INFO: [ app_init ] --END-- [ RunTime:0.000000s ]

[ 2014-12-19T14:59:00+08:00 ] 127.0.0.1 /addbbs/Home/admin/verify_c.html
INFO: [ app_init ] --START--
INFO: Run Behavior\BuildLiteBehavior [ RunTime:0.000000s ]
INFO: [ app_init ] --END-- [ RunTime:0.001000s ]

[ 2014-12-19T14:59:26+08:00 ] 127.0.0.1 /addbbs/Home/admin/course.html
INFO: [ app_init ] --START--
INFO: Run Behavior\BuildLiteBehavior [ RunTime:0.000000s ]
INFO: [ app_init ] --END-- [ RunTime:0.000000s ]

[ 2014-12-19T14:59:26+08:00 ] 127.0.0.1 /addbbs/Home/admin/verify_c.html
INFO: [ app_init ] --START--
INFO: Run Behavior\BuildLiteBehavior [ RunTime:0.000000s ]
INFO: [ app_init ] --END-- [ RunTime:0.000000s ]

[ 2014-12-19T14:59:53+08:00 ] 127.0.0.1 /addbbs/Home/admin/course.html
INFO: [ app_init ] --START--
INFO: Run Behavior\BuildLiteBehavior [ RunTime:0.000000s ]
INFO: [ app_init ] --END-- [ RunTime:0.000000s ]

[ 2014-12-19T14:59:53+08:00 ] 127.0.0.1 /addbbs/Home/admin/course.html
INFO: [ app_init ] --START--
INFO: Run Behavior\BuildLiteBehavior [ RunTime:0.000000s ]
INFO: [ app_init ] --END-- [ RunTime:0.001000s ]

[ 2014-12-19T14:59:54+08:00 ] 127.0.0.1 /addbbs/Home/admin/verify_c.html
INFO: [ app_init ] --START--
INFO: Run Behavior\BuildLiteBehavior [ RunTime:0.000000s ]
INFO: [ app_init ] --END-- [ RunTime:0.001000s ]

[ 2014-12-19T15:01:04+08:00 ] 127.0.0.1 /addbbs/Home/admin/course.html
INFO: [ app_init ] --START--
INFO: Run Behavior\BuildLiteBehavior [ RunTime:0.000000s ]
INFO: [ app_init ] --END-- [ RunTime:0.001000s ]

[ 2014-12-19T15:01:04+08:00 ] 127.0.0.1 /addbbs/Home/admin/verify_c.html
INFO: [ app_init ] --START--
INFO: Run Behavior\BuildLiteBehavior [ RunTime:0.001000s ]
INFO: [ app_init ] --END-- [ RunTime:0.001000s ]

[ 2014-12-19T15:01:11+08:00 ] 127.0.0.1 /addbbs/Home/admin/course.html
INFO: [ app_init ] --START--
INFO: Run Behavior\BuildLiteBehavior [ RunTime:0.000000s ]
INFO: [ app_init ] --END-- [ RunTime:0.001000s ]

[ 2014-12-19T15:01:11+08:00 ] 127.0.0.1 /addbbs/Home/admin/verify_c.html
INFO: [ app_init ] --START--
INFO: Run Behavior\BuildLiteBehavior [ RunTime:0.000000s ]
INFO: [ app_init ] --END-- [ RunTime:0.000000s ]

[ 2014-12-19T15:02:12+08:00 ] 127.0.0.1 /addbbs/Home/admin/course.html
INFO: [ app_init ] --START--
INFO: Run Behavior\BuildLiteBehavior [ RunTime:0.000000s ]
INFO: [ app_init ] --END-- [ RunTime:0.001000s ]

[ 2014-12-19T15:02:12+08:00 ] 127.0.0.1 /addbbs/Home/admin/verify_c.html
INFO: [ app_init ] --START--
INFO: Run Behavior\BuildLiteBehavior [ RunTime:0.000000s ]
INFO: [ app_init ] --END-- [ RunTime:0.001000s ]

[ 2014-12-19T15:02:45+08:00 ] 127.0.0.1 /addbbs/Home/admin/course.html
INFO: [ app_init ] --START--
INFO: Run Behavior\BuildLiteBehavior [ RunTime:0.000000s ]
INFO: [ app_init ] --END-- [ RunTime:0.001000s ]

[ 2014-12-19T15:02:45+08:00 ] 127.0.0.1 /addbbs/Home/admin/verify_c.html
INFO: [ app_init ] --START--
INFO: Run Behavior\BuildLiteBehavior [ RunTime:0.000000s ]
INFO: [ app_init ] --END-- [ RunTime:0.000000s ]

[ 2014-12-19T15:02:52+08:00 ] 127.0.0.1 /addbbs/Home/admin/course.html
INFO: [ app_init ] --START--
INFO: Run Behavior\BuildLiteBehavior [ RunTime:0.000000s ]
INFO: [ app_init ] --END-- [ RunTime:0.001000s ]

[ 2014-12-19T15:02:52+08:00 ] 127.0.0.1 /addbbs/Home/admin/verify_c.html
INFO: [ app_init ] --START--
INFO: Run Behavior\BuildLiteBehavior [ RunTime:0.000000s ]
INFO: [ app_init ] --END-- [ RunTime:0.001000s ]

[ 2014-12-19T15:03:35+08:00 ] 127.0.0.1 /addbbs/Home/admin/course.html
INFO: [ app_init ] --START--
INFO: Run Behavior\BuildLiteBehavior [ RunTime:0.000000s ]
INFO: [ app_init ] --END-- [ RunTime:0.000000s ]

[ 2014-12-19T15:03:35+08:00 ] 127.0.0.1 /addbbs/Home/admin/verify_c.html
INFO: [ app_init ] --START--
INFO: Run Behavior\BuildLiteBehavior [ RunTime:0.000000s ]
INFO: [ app_init ] --END-- [ RunTime:0.000000s ]

[ 2014-12-19T15:03:41+08:00 ] 127.0.0.1 /addbbs/Home/admin/course.html
INFO: [ app_init ] --START--
INFO: Run Behavior\BuildLiteBehavior [ RunTime:0.000000s ]
INFO: [ app_init ] --END-- [ RunTime:0.001000s ]

[ 2014-12-19T15:03:41+08:00 ] 127.0.0.1 /addbbs/Home/admin/verify_c.html
INFO: [ app_init ] --START--
INFO: Run Behavior\BuildLiteBehavior [ RunTime:0.000000s ]
INFO: [ app_init ] --END-- [ RunTime:0.000000s ]

[ 2014-12-19T15:03:51+08:00 ] 127.0.0.1 /addbbs/Home/admin/course.html
INFO: [ app_init ] --START--
INFO: Run Behavior\BuildLiteBehavior [ RunTime:0.000000s ]
INFO: [ app_init ] --END-- [ RunTime:0.001000s ]

[ 2014-12-19T15:03:51+08:00 ] 127.0.0.1 /addbbs/Home/admin/verify_c.html
INFO: [ app_init ] --START--
INFO: Run Behavior\BuildLiteBehavior [ RunTime:0.000000s ]
INFO: [ app_init ] --END-- [ RunTime:0.000000s ]

[ 2014-12-19T15:04:31+08:00 ] 127.0.0.1 /addbbs/Home/admin/course.html
INFO: [ app_init ] --START--
INFO: Run Behavior\BuildLiteBehavior [ RunTime:0.000000s ]
INFO: [ app_init ] --END-- [ RunTime:0.000000s ]

[ 2014-12-19T15:04:32+08:00 ] 127.0.0.1 /addbbs/Home/admin/verify_c.html
INFO: [ app_init ] --START--
INFO: Run Behavior\BuildLiteBehavior [ RunTime:0.000000s ]
INFO: [ app_init ] --END-- [ RunTime:0.001000s ]

[ 2014-12-19T15:04:33+08:00 ] 127.0.0.1 /addbbs/Home/admin/verify_c.html?0.10611305548809469
INFO: [ app_init ] --START--
INFO: Run Behavior\BuildLiteBehavior [ RunTime:0.000000s ]
INFO: [ app_init ] --END-- [ RunTime:0.000000s ]

[ 2014-12-19T15:04:33+08:00 ] 127.0.0.1 /addbbs/Home/admin/verify_c.html?0.3196390869561583
INFO: [ app_init ] --START--
INFO: Run Behavior\BuildLiteBehavior [ RunTime:0.000000s ]
INFO: [ app_init ] --END-- [ RunTime:0.001000s ]

[ 2014-12-19T15:04:34+08:00 ] 127.0.0.1 /addbbs/Home/admin/verify_c.html?0.5119497200939804
INFO: [ app_init ] --START--
INFO: Run Behavior\BuildLiteBehavior [ RunTime:0.000000s ]
INFO: [ app_init ] --END-- [ RunTime:0.000000s ]

[ 2014-12-19T15:04:34+08:00 ] 127.0.0.1 /addbbs/Home/admin/verify_c.html?0.05972287757322192
INFO: [ app_init ] --START--
INFO: Run Behavior\BuildLiteBehavior [ RunTime:0.000000s ]
INFO: [ app_init ] --END-- [ RunTime:0.001000s ]

[ 2014-12-19T15:04:35+08:00 ] 127.0.0.1 /addbbs/Home/admin/verify_c.html?0.34402153291739523
INFO: [ app_init ] --START--
INFO: Run Behavior\BuildLiteBehavior [ RunTime:0.000000s ]
INFO: [ app_init ] --END-- [ RunTime:0.000000s ]

[ 2014-12-19T15:04:35+08:00 ] 127.0.0.1 /addbbs/Home/admin/verify_c.html?0.7109922445379198
INFO: [ app_init ] --START--
INFO: Run Behavior\BuildLiteBehavior [ RunTime:0.000000s ]
INFO: [ app_init ] --END-- [ RunTime:0.001000s ]

[ 2014-12-19T15:04:36+08:00 ] 127.0.0.1 /addbbs/Home/admin/verify_c.html?0.2539482726715505
INFO: [ app_init ] --START--
INFO: Run Behavior\BuildLiteBehavior [ RunTime:0.000000s ]
INFO: [ app_init ] --END-- [ RunTime:0.001000s ]

[ 2014-12-19T15:04:37+08:00 ] 127.0.0.1 /addbbs/Home/admin/verify_c.html?0.5074503682553768
INFO: [ app_init ] --START--
INFO: Run Behavior\BuildLiteBehavior [ RunTime:0.000000s ]
INFO: [ app_init ] --END-- [ RunTime:0.001000s ]

[ 2014-12-19T15:04:37+08:00 ] 127.0.0.1 /addbbs/Home/admin/verify_c.html?0.9277779292315245
INFO: [ app_init ] --START--
INFO: Run Behavior\BuildLiteBehavior [ RunTime:0.000000s ]
INFO: [ app_init ] --END-- [ RunTime:0.001000s ]

[ 2014-12-19T15:04:37+08:00 ] 127.0.0.1 /addbbs/Home/admin/verify_c.html?0.46350695355795324
INFO: [ app_init ] --START--
INFO: Run Behavior\BuildLiteBehavior [ RunTime:0.001000s ]
INFO: [ app_init ] --END-- [ RunTime:0.001000s ]

[ 2014-12-19T15:04:38+08:00 ] 127.0.0.1 /addbbs/Home/admin/verify_c.html?0.004421979188919067
INFO: [ app_init ] --START--
INFO: Run Behavior\BuildLiteBehavior [ RunTime:0.000000s ]
INFO: [ app_init ] --END-- [ RunTime:0.003001s ]

[ 2014-12-19T15:04:38+08:00 ] 127.0.0.1 /addbbs/Home/admin/verify_c.html?0.8031500081997365
INFO: [ app_init ] --START--
INFO: Run Behavior\BuildLiteBehavior [ RunTime:0.000000s ]
INFO: [ app_init ] --END-- [ RunTime:0.001000s ]

[ 2014-12-19T15:04:38+08:00 ] 127.0.0.1 /addbbs/Home/admin/verify_c.html?0.14472162700258195
INFO: [ app_init ] --START--
INFO: Run Behavior\BuildLiteBehavior [ RunTime:0.000000s ]
INFO: [ app_init ] --END-- [ RunTime:0.001000s ]

[ 2014-12-19T15:04:38+08:00 ] 127.0.0.1 /addbbs/Home/admin/verify_c.html?0.03176284395158291
INFO: [ app_init ] --START--
INFO: Run Behavior\BuildLiteBehavior [ RunTime:0.000000s ]
INFO: [ app_init ] --END-- [ RunTime:0.001000s ]

[ 2014-12-19T15:04:38+08:00 ] 127.0.0.1 /addbbs/Home/admin/verify_c.html?0.36660663853399456
INFO: [ app_init ] --START--
INFO: Run Behavior\BuildLiteBehavior [ RunTime:0.000000s ]
INFO: [ app_init ] --END-- [ RunTime:0.001000s ]

[ 2014-12-19T15:07:39+08:00 ] 127.0.0.1 /addbbs/Home/admin/course.html
INFO: [ app_init ] --START--
INFO: Run Behavior\BuildLiteBehavior [ RunTime:0.000000s ]
INFO: [ app_init ] --END-- [ RunTime:0.001000s ]

[ 2014-12-19T15:07:42+08:00 ] 127.0.0.1 /addbbs/Home/admin/course.html
INFO: [ app_init ] --START--
INFO: Run Behavior\BuildLiteBehavior [ RunTime:0.000000s ]
INFO: [ app_init ] --END-- [ RunTime:0.000000s ]

[ 2014-12-19T15:08:02+08:00 ] 127.0.0.1 /addbbs/Home/admin/course.html
INFO: [ app_init ] --START--
INFO: Run Behavior\BuildLiteBehavior [ RunTime:0.000000s ]
INFO: [ app_init ] --END-- [ RunTime:0.001000s ]

>>>>>>> f376cbe27799c336ee6f3dfe9b65ef50b83eb90c
