[ 2014-12-30T08:32:47+08:00 ] 127.0.0.1 /addbbs/home
INFO: [ app_init ] --START--
INFO: Run Behavior\BuildLiteBehavior [ RunTime:0.000000s ]
INFO: [ app_init ] --END-- [ RunTime:0.000000s ]

[ 2014-12-30T08:32:48+08:00 ] 127.0.0.1 /addbbs/Home/login/login.html
INFO: [ app_init ] --START--
INFO: Run Behavior\BuildLiteBehavior [ RunTime:0.000000s ]
INFO: [ app_init ] --END-- [ RunTime:0.000000s ]

[ 2014-12-30T08:32:50+08:00 ] 127.0.0.1 /addbbs/Home/login/login_do.html
INFO: [ app_init ] --START--
INFO: Run Behavior\BuildLiteBehavior [ RunTime:0.000000s ]
INFO: [ app_init ] --END-- [ RunTime:0.001000s ]

[ 2014-12-30T08:32:52+08:00 ] 127.0.0.1 /addbbs/Home/admin/index.html
INFO: [ app_init ] --START--
INFO: Run Behavior\BuildLiteBehavior [ RunTime:0.000000s ]
INFO: [ app_init ] --END-- [ RunTime:0.001000s ]

[ 2014-12-30T08:33:05+08:00 ] 127.0.0.1 /addbbs/Home/api/user.html
INFO: [ app_init ] --START--
INFO: Run Behavior\BuildLiteBehavior [ RunTime:0.000000s ]
INFO: [ app_init ] --END-- [ RunTime:0.002000s ]

[ 2014-12-30T08:33:17+08:00 ] 127.0.0.1 /addbbs/Home/api/user.html
INFO: [ app_init ] --START--
INFO: Run Behavior\BuildLiteBehavior [ RunTime:0.000000s ]
INFO: [ app_init ] --END-- [ RunTime:0.001000s ]

[ 2014-12-30T08:47:05+08:00 ] 127.0.0.1 /addbbs/Home/api/user.html
INFO: [ app_init ] --START--
INFO: Run Behavior\BuildLiteBehavior [ RunTime:0.000000s ]
INFO: [ app_init ] --END-- [ RunTime:0.001000s ]

[ 2014-12-30T08:47:08+08:00 ] 127.0.0.1 /addbbs/Home/api/user_apply.html
INFO: [ app_init ] --START--
INFO: Run Behavior\BuildLiteBehavior [ RunTime:0.000000s ]
INFO: [ app_init ] --END-- [ RunTime:0.000000s ]
INFO: [ app_begin ] --START--
INFO: Run Behavior\ReadHtmlCacheBehavior [ RunTime:0.001000s ]
INFO: [ app_begin ] --END-- [ RunTime:0.001000s ]
INFO: [ app_end ] --START--
INFO: Run Behavior\ShowPageTraceBehavior [ RunTime:0.000000s ]
INFO: [ app_end ] --END-- [ RunTime:0.000000s ]
NOTIC: [8192] mysql_connect(): The mysql extension is deprecated and will be removed in the future: use mysqli or PDO instead D:\xampp\htdocs\addbbs\ThinkPHP\Library\Think\Db\Driver\Mysql.class.php 第 52 行.
SQL: SHOW COLUMNS FROM `bbs_pv` [ RunTime:0.002000s ]
SQL: SELECT * FROM `bbs_pv` WHERE ( start_time='2014-12-30' ) LIMIT 1   [ RunTime:0.004001s ]
SQL: SELECT * FROM `bbs_pv` WHERE ( start_time='All' ) LIMIT 1   [ RunTime:0.003000s ]
NOTIC: [8192] mysql_connect(): The mysql extension is deprecated and will be removed in the future: use mysqli or PDO instead D:\xampp\htdocs\addbbs\ThinkPHP\Library\Think\Db\Driver\Mysql.class.php 第 52 行.
SQL: UPDATE `bbs_pv` SET `pv`=16 WHERE ( start_time='2014-12-30' ) [ RunTime:0.005000s ]
SQL: UPDATE `bbs_pv` SET `pv`=1 WHERE ( start_time='All' ) [ RunTime:0.001000s ]

[ 2014-12-30T08:47:11+08:00 ] 127.0.0.1 /addbbs/Home/api/user_apply.html
INFO: [ app_init ] --START--
INFO: Run Behavior\BuildLiteBehavior [ RunTime:0.000000s ]
INFO: [ app_init ] --END-- [ RunTime:0.000000s ]
INFO: [ app_begin ] --START--
INFO: Run Behavior\ReadHtmlCacheBehavior [ RunTime:0.000000s ]
INFO: [ app_begin ] --END-- [ RunTime:0.000000s ]
INFO: [ app_end ] --START--
INFO: Run Behavior\ShowPageTraceBehavior [ RunTime:0.000000s ]
INFO: [ app_end ] --END-- [ RunTime:0.000000s ]
NOTIC: [8192] mysql_connect(): The mysql extension is deprecated and will be removed in the future: use mysqli or PDO instead D:\xampp\htdocs\addbbs\ThinkPHP\Library\Think\Db\Driver\Mysql.class.php 第 52 行.
SQL: SHOW COLUMNS FROM `bbs_pv` [ RunTime:0.006000s ]
SQL: SELECT * FROM `bbs_pv` WHERE ( start_time='2014-12-30' ) LIMIT 1   [ RunTime:0.002000s ]
SQL: SELECT * FROM `bbs_pv` WHERE ( start_time='All' ) LIMIT 1   [ RunTime:0.002000s ]
NOTIC: [8192] mysql_connect(): The mysql extension is deprecated and will be removed in the future: use mysqli or PDO instead D:\xampp\htdocs\addbbs\ThinkPHP\Library\Think\Db\Driver\Mysql.class.php 第 52 行.
SQL: UPDATE `bbs_pv` SET `pv`=17 WHERE ( start_time='2014-12-30' ) [ RunTime:0.006001s ]
SQL: UPDATE `bbs_pv` SET `pv`=1 WHERE ( start_time='All' ) [ RunTime:0.002000s ]

[ 2014-12-30T08:48:16+08:00 ] 127.0.0.1 /addbbs/Home/api/user.html
INFO: [ app_init ] --START--
INFO: Run Behavior\BuildLiteBehavior [ RunTime:0.000000s ]
INFO: [ app_init ] --END-- [ RunTime:0.000000s ]

[ 2014-12-30T08:48:52+08:00 ] 127.0.0.1 /addbbs/Home/api/user.html
INFO: [ app_init ] --START--
INFO: Run Behavior\BuildLiteBehavior [ RunTime:0.000000s ]
INFO: [ app_init ] --END-- [ RunTime:0.000000s ]

[ 2014-12-30T08:48:54+08:00 ] 127.0.0.1 /addbbs/Home/api/user.html
INFO: [ app_init ] --START--
INFO: Run Behavior\BuildLiteBehavior [ RunTime:0.000000s ]
INFO: [ app_init ] --END-- [ RunTime:0.001000s ]

[ 2014-12-30T08:48:54+08:00 ] 127.0.0.1 /addbbs/Home/api/user.html
INFO: [ app_init ] --START--
INFO: Run Behavior\BuildLiteBehavior [ RunTime:0.000000s ]
INFO: [ app_init ] --END-- [ RunTime:0.001000s ]

[ 2014-12-30T08:48:54+08:00 ] 127.0.0.1 /addbbs/Home/api/user.html
INFO: [ app_init ] --START--
INFO: Run Behavior\BuildLiteBehavior [ RunTime:0.000000s ]
INFO: [ app_init ] --END-- [ RunTime:0.001000s ]

[ 2014-12-30T08:49:35+08:00 ] 127.0.0.1 /addbbs/Home/api/user.html
INFO: [ app_init ] --START--
INFO: Run Behavior\BuildLiteBehavior [ RunTime:0.000000s ]
INFO: [ app_init ] --END-- [ RunTime:0.000000s ]

[ 2014-12-30T08:49:37+08:00 ] 127.0.0.1 /addbbs/Home/api/user.html
INFO: [ app_init ] --START--
INFO: Run Behavior\BuildLiteBehavior [ RunTime:0.000000s ]
INFO: [ app_init ] --END-- [ RunTime:0.000000s ]

[ 2014-12-30T08:49:38+08:00 ] 127.0.0.1 /addbbs/Home/api/user.html
INFO: [ app_init ] --START--
INFO: Run Behavior\BuildLiteBehavior [ RunTime:0.000000s ]
INFO: [ app_init ] --END-- [ RunTime:0.001000s ]

[ 2014-12-30T08:49:46+08:00 ] 127.0.0.1 /addbbs/Home/api/user.html
INFO: [ app_init ] --START--
INFO: Run Behavior\BuildLiteBehavior [ RunTime:0.000000s ]
INFO: [ app_init ] --END-- [ RunTime:0.001000s ]

[ 2014-12-30T08:50:01+08:00 ] 127.0.0.1 /addbbs/Home/api/user.html
INFO: [ app_init ] --START--
INFO: Run Behavior\BuildLiteBehavior [ RunTime:0.000000s ]
INFO: [ app_init ] --END-- [ RunTime:0.000000s ]

[ 2014-12-30T08:50:28+08:00 ] 127.0.0.1 /addbbs/Home/api/user.html
INFO: [ app_init ] --START--
INFO: Run Behavior\BuildLiteBehavior [ RunTime:0.000000s ]
INFO: [ app_init ] --END-- [ RunTime:0.001000s ]

[ 2014-12-30T08:50:37+08:00 ] 127.0.0.1 /addbbs/Home/api/user.html
INFO: [ app_init ] --START--
INFO: Run Behavior\BuildLiteBehavior [ RunTime:0.001000s ]
INFO: [ app_init ] --END-- [ RunTime:0.001000s ]

[ 2014-12-30T08:53:26+08:00 ] 127.0.0.1 /addbbs/Home/api/user.html
INFO: [ app_init ] --START--
INFO: Run Behavior\BuildLiteBehavior [ RunTime:0.000000s ]
INFO: [ app_init ] --END-- [ RunTime:0.000000s ]

[ 2014-12-30T08:53:28+08:00 ] 127.0.0.1 /addbbs/Home/api/user_apply.html
INFO: [ app_init ] --START--
INFO: Run Behavior\BuildLiteBehavior [ RunTime:0.000000s ]
INFO: [ app_init ] --END-- [ RunTime:0.000000s ]
INFO: [ app_begin ] --START--
INFO: Run Behavior\ReadHtmlCacheBehavior [ RunTime:0.000000s ]
INFO: [ app_begin ] --END-- [ RunTime:0.000000s ]
NOTIC: [8192] mysql_connect(): The mysql extension is deprecated and will be removed in the future: use mysqli or PDO instead D:\xampp\htdocs\addbbs\ThinkPHP\Library\Think\Db\Driver\Mysql.class.php 第 52 行.
SQL: SHOW COLUMNS FROM `bbs_api_user` [ RunTime:0.003000s ]
NOTIC: [8] Undefined index: id D:\xampp\htdocs\addbbs\Application\Home\Controller\ApiController.class.php 第 24 行.
NOTIC: [8192] mysql_connect(): The mysql extension is deprecated and will be removed in the future: use mysqli or PDO instead D:\xampp\htdocs\addbbs\ThinkPHP\Library\Think\Db\Driver\Mysql.class.php 第 52 行.
SQL: UPDATE `bbs_api_user` SET `state`=0 WHERE ( id= ) [ RunTime:0.002001s ]
ERR: 1064:You have an error in your SQL syntax; check the manual that corresponds to your MySQL server version for the right syntax to use near ')' at line 1
 [ SQL语句 ] : UPDATE `bbs_api_user` SET `state`=0 WHERE ( id= )
INFO: [ app_end ] --START--
INFO: Run Behavior\ShowPageTraceBehavior [ RunTime:0.001000s ]
INFO: [ app_end ] --END-- [ RunTime:0.001000s ]
SQL: SHOW COLUMNS FROM `bbs_pv` [ RunTime:0.004000s ]
SQL: SELECT * FROM `bbs_pv` WHERE ( start_time='2014-12-30' ) LIMIT 1   [ RunTime:0.002000s ]
SQL: SELECT * FROM `bbs_pv` WHERE ( start_time='All' ) LIMIT 1   [ RunTime:0.001000s ]
SQL: UPDATE `bbs_pv` SET `pv`=24 WHERE ( start_time='2014-12-30' ) [ RunTime:0.006000s ]
SQL: UPDATE `bbs_pv` SET `pv`=1 WHERE ( start_time='All' ) [ RunTime:0.002001s ]

[ 2014-12-30T08:53:30+08:00 ] 127.0.0.1 /addbbs/Home/api/user.html
INFO: [ app_init ] --START--
INFO: Run Behavior\BuildLiteBehavior [ RunTime:0.000000s ]
INFO: [ app_init ] --END-- [ RunTime:0.001000s ]

[ 2014-12-30T08:54:24+08:00 ] 127.0.0.1 /addbbs/Home/api/user_apply.html
INFO: [ app_init ] --START--
INFO: Run Behavior\BuildLiteBehavior [ RunTime:0.000000s ]
INFO: [ app_init ] --END-- [ RunTime:0.000000s ]
INFO: [ app_begin ] --START--
INFO: Run Behavior\ReadHtmlCacheBehavior [ RunTime:0.001000s ]
INFO: [ app_begin ] --END-- [ RunTime:0.001000s ]
NOTIC: [8192] mysql_connect(): The mysql extension is deprecated and will be removed in the future: use mysqli or PDO instead D:\xampp\htdocs\addbbs\ThinkPHP\Library\Think\Db\Driver\Mysql.class.php 第 52 行.
SQL: SHOW COLUMNS FROM `bbs_api_user` [ RunTime:0.002000s ]
NOTIC: [8] Undefined index: id D:\xampp\htdocs\addbbs\Application\Home\Controller\ApiController.class.php 第 24 行.
NOTIC: [8192] mysql_connect(): The mysql extension is deprecated and will be removed in the future: use mysqli or PDO instead D:\xampp\htdocs\addbbs\ThinkPHP\Library\Think\Db\Driver\Mysql.class.php 第 52 行.
SQL: UPDATE `bbs_api_user` SET `state`=0 WHERE ( id= ) [ RunTime:0.001000s ]
ERR: 1064:You have an error in your SQL syntax; check the manual that corresponds to your MySQL server version for the right syntax to use near ')' at line 1
 [ SQL语句 ] : UPDATE `bbs_api_user` SET `state`=0 WHERE ( id= )
INFO: [ app_end ] --START--
INFO: Run Behavior\ShowPageTraceBehavior [ RunTime:0.001001s ]
INFO: [ app_end ] --END-- [ RunTime:0.001001s ]
SQL: SHOW COLUMNS FROM `bbs_pv` [ RunTime:0.003000s ]
SQL: SELECT * FROM `bbs_pv` WHERE ( start_time='2014-12-30' ) LIMIT 1   [ RunTime:0.001000s ]
SQL: SELECT * FROM `bbs_pv` WHERE ( start_time='All' ) LIMIT 1   [ RunTime:0.001000s ]
SQL: UPDATE `bbs_pv` SET `pv`=26 WHERE ( start_time='2014-12-30' ) [ RunTime:0.005000s ]
SQL: UPDATE `bbs_pv` SET `pv`=1 WHERE ( start_time='All' ) [ RunTime:0.001000s ]

[ 2014-12-30T08:54:56+08:00 ] 127.0.0.1 /addbbs/Home/api/user_apply.html
INFO: [ app_init ] --START--
INFO: Run Behavior\BuildLiteBehavior [ RunTime:0.000000s ]
INFO: [ app_init ] --END-- [ RunTime:0.000000s ]
INFO: [ app_begin ] --START--
INFO: Run Behavior\ReadHtmlCacheBehavior [ RunTime:0.000000s ]
INFO: [ app_begin ] --END-- [ RunTime:0.000000s ]
NOTIC: [8192] mysql_connect(): The mysql extension is deprecated and will be removed in the future: use mysqli or PDO instead D:\xampp\htdocs\addbbs\ThinkPHP\Library\Think\Db\Driver\Mysql.class.php 第 52 行.
SQL: SHOW COLUMNS FROM `bbs_api_user` [ RunTime:0.002000s ]
NOTIC: [8] Undefined index: id D:\xampp\htdocs\addbbs\Application\Home\Controller\ApiController.class.php 第 24 行.
NOTIC: [8192] mysql_connect(): The mysql extension is deprecated and will be removed in the future: use mysqli or PDO instead D:\xampp\htdocs\addbbs\ThinkPHP\Library\Think\Db\Driver\Mysql.class.php 第 52 行.
SQL: UPDATE `bbs_api_user` SET `state`=0 WHERE ( id= ) [ RunTime:0.002000s ]
ERR: 1064:You have an error in your SQL syntax; check the manual that corresponds to your MySQL server version for the right syntax to use near ')' at line 1
 [ SQL语句 ] : UPDATE `bbs_api_user` SET `state`=0 WHERE ( id= )
NOTIC: [8] Undefined index: id D:\xampp\htdocs\addbbs\Application\Home\Controller\ApiController.class.php 第 26 行.
INFO: [ app_end ] --START--
INFO: Run Behavior\ShowPageTraceBehavior [ RunTime:0.001000s ]
INFO: [ app_end ] --END-- [ RunTime:0.001000s ]
SQL: SHOW COLUMNS FROM `bbs_pv` [ RunTime:0.016001s ]
SQL: SELECT * FROM `bbs_pv` WHERE ( start_time='2014-12-30' ) LIMIT 1   [ RunTime:0.002000s ]
SQL: SELECT * FROM `bbs_pv` WHERE ( start_time='All' ) LIMIT 1   [ RunTime:0.001000s ]
SQL: UPDATE `bbs_pv` SET `pv`=27 WHERE ( start_time='2014-12-30' ) [ RunTime:0.009001s ]
SQL: UPDATE `bbs_pv` SET `pv`=1 WHERE ( start_time='All' ) [ RunTime:0.002000s ]

[ 2014-12-30T08:55:10+08:00 ] 127.0.0.1 /addbbs/Home/api/user.html
INFO: [ app_init ] --START--
INFO: Run Behavior\BuildLiteBehavior [ RunTime:0.000000s ]
INFO: [ app_init ] --END-- [ RunTime:0.000000s ]

[ 2014-12-30T08:55:12+08:00 ] 127.0.0.1 /addbbs/Home/api/user_apply.html
INFO: [ app_init ] --START--
INFO: Run Behavior\BuildLiteBehavior [ RunTime:0.000000s ]
INFO: [ app_init ] --END-- [ RunTime:0.001000s ]
INFO: [ app_begin ] --START--
INFO: Run Behavior\ReadHtmlCacheBehavior [ RunTime:0.000000s ]
INFO: [ app_begin ] --END-- [ RunTime:0.001000s ]
NOTIC: [8192] mysql_connect(): The mysql extension is deprecated and will be removed in the future: use mysqli or PDO instead D:\xampp\htdocs\addbbs\ThinkPHP\Library\Think\Db\Driver\Mysql.class.php 第 52 行.
SQL: SHOW COLUMNS FROM `bbs_api_user` [ RunTime:0.002000s ]
NOTIC: [8] Undefined index: id D:\xampp\htdocs\addbbs\Application\Home\Controller\ApiController.class.php 第 24 行.
NOTIC: [8192] mysql_connect(): The mysql extension is deprecated and will be removed in the future: use mysqli or PDO instead D:\xampp\htdocs\addbbs\ThinkPHP\Library\Think\Db\Driver\Mysql.class.php 第 52 行.
SQL: UPDATE `bbs_api_user` SET `state`=0 WHERE ( id= ) [ RunTime:0.001000s ]
ERR: 1064:You have an error in your SQL syntax; check the manual that corresponds to your MySQL server version for the right syntax to use near ')' at line 1
 [ SQL语句 ] : UPDATE `bbs_api_user` SET `state`=0 WHERE ( id= )
NOTIC: [8] Undefined index: id D:\xampp\htdocs\addbbs\Application\Home\Controller\ApiController.class.php 第 26 行.
INFO: [ app_end ] --START--
INFO: Run Behavior\ShowPageTraceBehavior [ RunTime:0.001000s ]
INFO: [ app_end ] --END-- [ RunTime:0.001000s ]
SQL: SHOW COLUMNS FROM `bbs_pv` [ RunTime:0.003000s ]
SQL: SELECT * FROM `bbs_pv` WHERE ( start_time='2014-12-30' ) LIMIT 1   [ RunTime:0.001000s ]
SQL: SELECT * FROM `bbs_pv` WHERE ( start_time='All' ) LIMIT 1   [ RunTime:0.001000s ]
SQL: UPDATE `bbs_pv` SET `pv`=29 WHERE ( start_time='2014-12-30' ) [ RunTime:0.006000s ]
SQL: UPDATE `bbs_pv` SET `pv`=1 WHERE ( start_time='All' ) [ RunTime:0.001001s ]

[ 2014-12-30T08:55:15+08:00 ] 127.0.0.1 /addbbs/Home/api/user_apply.html
INFO: [ app_init ] --START--
INFO: Run Behavior\BuildLiteBehavior [ RunTime:0.000000s ]
INFO: [ app_init ] --END-- [ RunTime:0.002000s ]
INFO: [ app_begin ] --START--
INFO: Run Behavior\ReadHtmlCacheBehavior [ RunTime:0.000000s ]
INFO: [ app_begin ] --END-- [ RunTime:0.000000s ]
NOTIC: [8192] mysql_connect(): The mysql extension is deprecated and will be removed in the future: use mysqli or PDO instead D:\xampp\htdocs\addbbs\ThinkPHP\Library\Think\Db\Driver\Mysql.class.php 第 52 行.
SQL: SHOW COLUMNS FROM `bbs_api_user` [ RunTime:0.002000s ]
NOTIC: [8] Undefined index: id D:\xampp\htdocs\addbbs\Application\Home\Controller\ApiController.class.php 第 24 行.
NOTIC: [8192] mysql_connect(): The mysql extension is deprecated and will be removed in the future: use mysqli or PDO instead D:\xampp\htdocs\addbbs\ThinkPHP\Library\Think\Db\Driver\Mysql.class.php 第 52 行.
SQL: UPDATE `bbs_api_user` SET `state`=0 WHERE ( id= ) [ RunTime:0.001000s ]
ERR: 1064:You have an error in your SQL syntax; check the manual that corresponds to your MySQL server version for the right syntax to use near ')' at line 1
 [ SQL语句 ] : UPDATE `bbs_api_user` SET `state`=0 WHERE ( id= )
NOTIC: [8] Undefined index: id D:\xampp\htdocs\addbbs\Application\Home\Controller\ApiController.class.php 第 26 行.
INFO: [ app_end ] --START--
INFO: Run Behavior\ShowPageTraceBehavior [ RunTime:0.002000s ]
INFO: [ app_end ] --END-- [ RunTime:0.002000s ]
SQL: SHOW COLUMNS FROM `bbs_pv` [ RunTime:0.003000s ]
SQL: SELECT * FROM `bbs_pv` WHERE ( start_time='2014-12-30' ) LIMIT 1   [ RunTime:0.002000s ]
SQL: SELECT * FROM `bbs_pv` WHERE ( start_time='All' ) LIMIT 1   [ RunTime:0.002001s ]
SQL: UPDATE `bbs_pv` SET `pv`=30 WHERE ( start_time='2014-12-30' ) [ RunTime:0.006000s ]
SQL: UPDATE `bbs_pv` SET `pv`=1 WHERE ( start_time='All' ) [ RunTime:0.002000s ]

[ 2014-12-30T08:55:24+08:00 ] 127.0.0.1 /addbbs/Home/api/user.html
INFO: [ app_init ] --START--
INFO: Run Behavior\BuildLiteBehavior [ RunTime:0.000000s ]
INFO: [ app_init ] --END-- [ RunTime:0.001001s ]

[ 2014-12-30T08:55:25+08:00 ] 127.0.0.1 /addbbs/Home/api/user_apply.html
INFO: [ app_init ] --START--
INFO: Run Behavior\BuildLiteBehavior [ RunTime:0.000000s ]
INFO: [ app_init ] --END-- [ RunTime:0.000000s ]
INFO: [ app_begin ] --START--
INFO: Run Behavior\ReadHtmlCacheBehavior [ RunTime:0.000000s ]
INFO: [ app_begin ] --END-- [ RunTime:0.000000s ]
NOTIC: [8192] mysql_connect(): The mysql extension is deprecated and will be removed in the future: use mysqli or PDO instead D:\xampp\htdocs\addbbs\ThinkPHP\Library\Think\Db\Driver\Mysql.class.php 第 52 行.
SQL: SHOW COLUMNS FROM `bbs_api_user` [ RunTime:0.002001s ]
NOTIC: [8192] mysql_connect(): The mysql extension is deprecated and will be removed in the future: use mysqli or PDO instead D:\xampp\htdocs\addbbs\ThinkPHP\Library\Think\Db\Driver\Mysql.class.php 第 52 行.
SQL: UPDATE `bbs_api_user` SET `state`=0 WHERE ( id=3 ) [ RunTime:0.005000s ]
INFO: [ app_end ] --START--
INFO: Run Behavior\ShowPageTraceBehavior [ RunTime:0.001000s ]
INFO: [ app_end ] --END-- [ RunTime:0.001000s ]
SQL: SHOW COLUMNS FROM `bbs_pv` [ RunTime:0.026002s ]
SQL: SELECT * FROM `bbs_pv` WHERE ( start_time='2014-12-30' ) LIMIT 1   [ RunTime:0.001000s ]
SQL: SELECT * FROM `bbs_pv` WHERE ( start_time='All' ) LIMIT 1   [ RunTime:0.002000s ]
SQL: UPDATE `bbs_pv` SET `pv`=32 WHERE ( start_time='2014-12-30' ) [ RunTime:0.005000s ]
SQL: UPDATE `bbs_pv` SET `pv`=1 WHERE ( start_time='All' ) [ RunTime:0.002001s ]

[ 2014-12-30T08:55:41+08:00 ] 127.0.0.1 /addbbs/Home/api/user.html
INFO: [ app_init ] --START--
INFO: Run Behavior\BuildLiteBehavior [ RunTime:0.000000s ]
INFO: [ app_init ] --END-- [ RunTime:0.001000s ]

[ 2014-12-30T08:55:43+08:00 ] 127.0.0.1 /addbbs/Home/api/user_apply.html
INFO: [ app_init ] --START--
INFO: Run Behavior\BuildLiteBehavior [ RunTime:0.000000s ]
INFO: [ app_init ] --END-- [ RunTime:0.001001s ]
INFO: [ app_begin ] --START--
INFO: Run Behavior\ReadHtmlCacheBehavior [ RunTime:0.000000s ]
INFO: [ app_begin ] --END-- [ RunTime:0.000000s ]
NOTIC: [8192] mysql_connect(): The mysql extension is deprecated and will be removed in the future: use mysqli or PDO instead D:\xampp\htdocs\addbbs\ThinkPHP\Library\Think\Db\Driver\Mysql.class.php 第 52 行.
SQL: SHOW COLUMNS FROM `bbs_api_user` [ RunTime:0.002000s ]
NOTIC: [8192] mysql_connect(): The mysql extension is deprecated and will be removed in the future: use mysqli or PDO instead D:\xampp\htdocs\addbbs\ThinkPHP\Library\Think\Db\Driver\Mysql.class.php 第 52 行.
SQL: UPDATE `bbs_api_user` SET `state`=1 WHERE ( id=3 ) [ RunTime:0.011001s ]
INFO: [ app_end ] --START--
INFO: Run Behavior\ShowPageTraceBehavior [ RunTime:0.000000s ]
INFO: [ app_end ] --END-- [ RunTime:0.000000s ]
SQL: SHOW COLUMNS FROM `bbs_pv` [ RunTime:0.002000s ]
SQL: SELECT * FROM `bbs_pv` WHERE ( start_time='2014-12-30' ) LIMIT 1   [ RunTime:0.001000s ]
SQL: SELECT * FROM `bbs_pv` WHERE ( start_time='All' ) LIMIT 1   [ RunTime:0.002000s ]
SQL: UPDATE `bbs_pv` SET `pv`=34 WHERE ( start_time='2014-12-30' ) [ RunTime:0.006000s ]
SQL: UPDATE `bbs_pv` SET `pv`=1 WHERE ( start_time='All' ) [ RunTime:0.002001s ]

[ 2014-12-30T08:55:46+08:00 ] 127.0.0.1 /addbbs/Home/api/user.html
INFO: [ app_init ] --START--
INFO: Run Behavior\BuildLiteBehavior [ RunTime:0.000000s ]
INFO: [ app_init ] --END-- [ RunTime:0.001000s ]

[ 2014-12-30T09:00:34+08:00 ] 127.0.0.1 /addbbs/Home/api/user.html
INFO: [ app_init ] --START--
INFO: Run Behavior\BuildLiteBehavior [ RunTime:0.000000s ]
INFO: [ app_init ] --END-- [ RunTime:0.001000s ]

[ 2014-12-30T09:01:42+08:00 ] 127.0.0.1 /addbbs/Home/api/user.html
INFO: [ app_init ] --START--
INFO: Run Behavior\BuildLiteBehavior [ RunTime:0.000000s ]
INFO: [ app_init ] --END-- [ RunTime:0.000000s ]

[ 2014-12-30T09:03:41+08:00 ] 127.0.0.1 /addbbs/Home/api/user.html
INFO: [ app_init ] --START--
INFO: Run Behavior\BuildLiteBehavior [ RunTime:0.000000s ]
INFO: [ app_init ] --END-- [ RunTime:0.000000s ]

[ 2014-12-30T09:03:42+08:00 ] 127.0.0.1 /addbbs/Home/api/user.html
INFO: [ app_init ] --START--
INFO: Run Behavior\BuildLiteBehavior [ RunTime:0.000000s ]
INFO: [ app_init ] --END-- [ RunTime:0.000000s ]

[ 2014-12-30T09:03:43+08:00 ] 127.0.0.1 /addbbs/Home/Api/user_apply?state=0&id=3
INFO: [ app_init ] --START--
INFO: Run Behavior\BuildLiteBehavior [ RunTime:0.000000s ]
INFO: [ app_init ] --END-- [ RunTime:0.000000s ]

[ 2014-12-30T09:03:44+08:00 ] 127.0.0.1 /addbbs/Home/api/user.html
INFO: [ app_init ] --START--
INFO: Run Behavior\BuildLiteBehavior [ RunTime:0.000000s ]
INFO: [ app_init ] --END-- [ RunTime:0.000000s ]

[ 2014-12-30T09:03:46+08:00 ] 127.0.0.1 /addbbs/Home/Api/user_apply?state=1&id=3
INFO: [ app_init ] --START--
INFO: Run Behavior\BuildLiteBehavior [ RunTime:0.000000s ]
INFO: [ app_init ] --END-- [ RunTime:0.001001s ]

[ 2014-12-30T09:03:48+08:00 ] 127.0.0.1 /addbbs/Home/api/user.html
INFO: [ app_init ] --START--
INFO: Run Behavior\BuildLiteBehavior [ RunTime:0.000000s ]
INFO: [ app_init ] --END-- [ RunTime:0.001000s ]

[ 2014-12-30T09:07:07+08:00 ] 127.0.0.1 /addbbs/Home/api/url.html
INFO: [ app_init ] --START--
INFO: Run Behavior\BuildLiteBehavior [ RunTime:0.000000s ]
INFO: [ app_init ] --END-- [ RunTime:0.001000s ]

[ 2014-12-30T09:11:01+08:00 ] 127.0.0.1 /addbbs/Home/api/url.html
INFO: [ app_init ] --START--
INFO: Run Behavior\BuildLiteBehavior [ RunTime:0.000000s ]
INFO: [ app_init ] --END-- [ RunTime:0.000000s ]

[ 2014-12-30T09:11:02+08:00 ] 127.0.0.1 /addbbs/Home/api/add_url.html
INFO: [ app_init ] --START--
INFO: Run Behavior\BuildLiteBehavior [ RunTime:0.000000s ]
INFO: [ app_init ] --END-- [ RunTime:0.001000s ]

[ 2014-12-30T09:11:12+08:00 ] 127.0.0.1 /addbbs/Home/api/add_url_do.html
INFO: [ app_init ] --START--
INFO: Run Behavior\BuildLiteBehavior [ RunTime:0.000000s ]
INFO: [ app_init ] --END-- [ RunTime:0.001000s ]

[ 2014-12-30T09:11:34+08:00 ] 127.0.0.1 /addbbs/Home/api/add_url.html
INFO: [ app_init ] --START--
INFO: Run Behavior\BuildLiteBehavior [ RunTime:0.000000s ]
INFO: [ app_init ] --END-- [ RunTime:0.000000s ]

[ 2014-12-30T09:11:37+08:00 ] 127.0.0.1 /addbbs/Home/api/add_url_do.html
INFO: [ app_init ] --START--
INFO: Run Behavior\BuildLiteBehavior [ RunTime:0.000000s ]
INFO: [ app_init ] --END-- [ RunTime:0.001000s ]

[ 2014-12-30T09:13:17+08:00 ] 127.0.0.1 /addbbs/Home/api/add_url_do.html
INFO: [ app_init ] --START--
INFO: Run Behavior\BuildLiteBehavior [ RunTime:0.000000s ]
INFO: [ app_init ] --END-- [ RunTime:0.001000s ]

[ 2014-12-30T09:13:36+08:00 ] 127.0.0.1 /addbbs/Home/api/add_url.html
INFO: [ app_init ] --START--
INFO: Run Behavior\BuildLiteBehavior [ RunTime:0.000000s ]
INFO: [ app_init ] --END-- [ RunTime:0.000000s ]

[ 2014-12-30T09:13:39+08:00 ] 127.0.0.1 /addbbs/Home/api/add_url_do.html
INFO: [ app_init ] --START--
INFO: Run Behavior\BuildLiteBehavior [ RunTime:0.000000s ]
INFO: [ app_init ] --END-- [ RunTime:0.001000s ]

[ 2014-12-30T09:14:30+08:00 ] 127.0.0.1 /addbbs/Home/api/add_url_do.html
INFO: [ app_init ] --START--
INFO: Run Behavior\BuildLiteBehavior [ RunTime:0.000000s ]
INFO: [ app_init ] --END-- [ RunTime:0.000000s ]

[ 2014-12-30T09:18:05+08:00 ] 127.0.0.1 /addbbs/Home/api/user_url.html
INFO: [ app_init ] --START--
INFO: Run Behavior\BuildLiteBehavior [ RunTime:0.000000s ]
INFO: [ app_init ] --END-- [ RunTime:0.001000s ]

[ 2014-12-30T09:18:40+08:00 ] 127.0.0.1 /addbbs/Home/api/user_url.html
INFO: [ app_init ] --START--
INFO: Run Behavior\BuildLiteBehavior [ RunTime:0.000000s ]
INFO: [ app_init ] --END-- [ RunTime:0.001000s ]

[ 2014-12-30T09:19:28+08:00 ] 127.0.0.1 /addbbs/Home/api/user_url.html
INFO: [ app_init ] --START--
INFO: Run Behavior\BuildLiteBehavior [ RunTime:0.000000s ]
INFO: [ app_init ] --END-- [ RunTime:0.000000s ]

[ 2014-12-30T09:20:01+08:00 ] 127.0.0.1 /addbbs/Home/api/user_url.html
INFO: [ app_init ] --START--
INFO: Run Behavior\BuildLiteBehavior [ RunTime:0.000000s ]
INFO: [ app_init ] --END-- [ RunTime:0.001000s ]

[ 2014-12-30T09:21:32+08:00 ] 127.0.0.1 /addbbs/Home/api/user_url.html
INFO: [ app_init ] --START--
INFO: Run Behavior\BuildLiteBehavior [ RunTime:0.000000s ]
INFO: [ app_init ] --END-- [ RunTime:0.000000s ]

[ 2014-12-30T09:22:28+08:00 ] 127.0.0.1 /addbbs/Home/api/user_url.html
INFO: [ app_init ] --START--
INFO: Run Behavior\BuildLiteBehavior [ RunTime:0.000000s ]
INFO: [ app_init ] --END-- [ RunTime:0.000000s ]

[ 2014-12-30T09:22:31+08:00 ] 127.0.0.1 /addbbs/Home/Api/user_url_apply?state=1&id=3
INFO: [ app_init ] --START--
INFO: Run Behavior\BuildLiteBehavior [ RunTime:0.000000s ]
INFO: [ app_init ] --END-- [ RunTime:0.000000s ]

[ 2014-12-30T09:22:32+08:00 ] 127.0.0.1 /addbbs/Home/api/user_url.html
INFO: [ app_init ] --START--
INFO: Run Behavior\BuildLiteBehavior [ RunTime:0.000000s ]
INFO: [ app_init ] --END-- [ RunTime:0.001000s ]

[ 2014-12-30T09:22:34+08:00 ] 127.0.0.1 /addbbs/Home/api/user_url.html
INFO: [ app_init ] --START--
INFO: Run Behavior\BuildLiteBehavior [ RunTime:0.000000s ]
INFO: [ app_init ] --END-- [ RunTime:0.000000s ]

[ 2014-12-30T09:22:45+08:00 ] 127.0.0.1 /addbbs/Home/api/user_url.html
INFO: [ app_init ] --START--
INFO: Run Behavior\BuildLiteBehavior [ RunTime:0.000000s ]
INFO: [ app_init ] --END-- [ RunTime:0.001000s ]

[ 2014-12-30T09:22:47+08:00 ] 127.0.0.1 /addbbs/Home/Api/user_url_apply?state=1&id=3
INFO: [ app_init ] --START--
INFO: Run Behavior\BuildLiteBehavior [ RunTime:0.000000s ]
INFO: [ app_init ] --END-- [ RunTime:0.001000s ]

[ 2014-12-30T09:22:53+08:00 ] 127.0.0.1 /addbbs/Home/Api/user_url_apply?state=1&id=3
INFO: [ app_init ] --START--
INFO: Run Behavior\BuildLiteBehavior [ RunTime:0.000000s ]
INFO: [ app_init ] --END-- [ RunTime:0.001000s ]

[ 2014-12-30T09:23:15+08:00 ] 127.0.0.1 /addbbs/Home/Api/user_url_apply?state=1&id=3
INFO: [ app_init ] --START--
INFO: Run Behavior\BuildLiteBehavior [ RunTime:0.000000s ]
INFO: [ app_init ] --END-- [ RunTime:0.000000s ]

[ 2014-12-30T09:23:21+08:00 ] 127.0.0.1 /addbbs/Home/api/user_url.html
INFO: [ app_init ] --START--
INFO: Run Behavior\BuildLiteBehavior [ RunTime:0.000000s ]
INFO: [ app_init ] --END-- [ RunTime:0.001000s ]

[ 2014-12-30T09:23:22+08:00 ] 127.0.0.1 /addbbs/Home/api/user_url.html
INFO: [ app_init ] --START--
INFO: Run Behavior\BuildLiteBehavior [ RunTime:0.000000s ]
INFO: [ app_init ] --END-- [ RunTime:0.000000s ]

[ 2014-12-30T09:23:22+08:00 ] 127.0.0.1 /addbbs/Home/api/user_url.html
INFO: [ app_init ] --START--
INFO: Run Behavior\BuildLiteBehavior [ RunTime:0.000000s ]
INFO: [ app_init ] --END-- [ RunTime:0.000000s ]

[ 2014-12-30T09:23:23+08:00 ] 127.0.0.1 /addbbs/Home/Api/user_url_apply?state=0&id=3
INFO: [ app_init ] --START--
INFO: Run Behavior\BuildLiteBehavior [ RunTime:0.000000s ]
INFO: [ app_init ] --END-- [ RunTime:0.001000s ]

[ 2014-12-30T09:23:24+08:00 ] 127.0.0.1 /addbbs/Home/api/user_url.html
INFO: [ app_init ] --START--
INFO: Run Behavior\BuildLiteBehavior [ RunTime:0.000000s ]
INFO: [ app_init ] --END-- [ RunTime:0.000000s ]

[ 2014-12-30T09:23:26+08:00 ] 127.0.0.1 /addbbs/Home/api/user_url.html
INFO: [ app_init ] --START--
INFO: Run Behavior\BuildLiteBehavior [ RunTime:0.000000s ]
INFO: [ app_init ] --END-- [ RunTime:0.001000s ]

[ 2014-12-30T09:23:27+08:00 ] 127.0.0.1 /addbbs/Home/Api/user_url_apply?state=1&id=3
INFO: [ app_init ] --START--
INFO: Run Behavior\BuildLiteBehavior [ RunTime:0.000000s ]
INFO: [ app_init ] --END-- [ RunTime:0.001000s ]

[ 2014-12-30T09:23:28+08:00 ] 127.0.0.1 /addbbs/Home/api/user_url.html
INFO: [ app_init ] --START--
INFO: Run Behavior\BuildLiteBehavior [ RunTime:0.000000s ]
INFO: [ app_init ] --END-- [ RunTime:0.001000s ]

[ 2014-12-30T09:24:35+08:00 ] 127.0.0.1 /addbbs/Home/api/user_url.html
INFO: [ app_init ] --START--
INFO: Run Behavior\BuildLiteBehavior [ RunTime:0.000000s ]
INFO: [ app_init ] --END-- [ RunTime:0.000000s ]

[ 2014-12-30T09:24:36+08:00 ] 127.0.0.1 /addbbs/Home/Api/user_url_apply?state=0&id=1
INFO: [ app_init ] --START--
INFO: Run Behavior\BuildLiteBehavior [ RunTime:0.000000s ]
INFO: [ app_init ] --END-- [ RunTime:0.001001s ]

[ 2014-12-30T09:24:38+08:00 ] 127.0.0.1 /addbbs/Home/api/user_url.html
INFO: [ app_init ] --START--
INFO: Run Behavior\BuildLiteBehavior [ RunTime:0.000000s ]
INFO: [ app_init ] --END-- [ RunTime:0.000000s ]

[ 2014-12-30T09:24:40+08:00 ] 127.0.0.1 /addbbs/Home/Api/user_url_apply?state=1&id=1
INFO: [ app_init ] --START--
INFO: Run Behavior\BuildLiteBehavior [ RunTime:0.000000s ]
INFO: [ app_init ] --END-- [ RunTime:0.001000s ]

[ 2014-12-30T09:24:42+08:00 ] 127.0.0.1 /addbbs/Home/api/user_url.html
INFO: [ app_init ] --START--
INFO: Run Behavior\BuildLiteBehavior [ RunTime:0.000000s ]
INFO: [ app_init ] --END-- [ RunTime:0.001000s ]

[ 2014-12-30T09:40:30+08:00 ] 127.0.0.1 /addbbs/Home/api/user_url.html
INFO: [ app_init ] --START--
INFO: Run Behavior\BuildLiteBehavior [ RunTime:0.000000s ]
INFO: [ app_init ] --END-- [ RunTime:0.001000s ]

[ 2014-12-30T09:40:33+08:00 ] 127.0.0.1 /addbbs/Home/Api/user_url_apply?state=1&id=4
INFO: [ app_init ] --START--
INFO: Run Behavior\BuildLiteBehavior [ RunTime:0.000000s ]
INFO: [ app_init ] --END-- [ RunTime:0.001000s ]

[ 2014-12-30T09:40:34+08:00 ] 127.0.0.1 /addbbs/Home/api/user_url.html
INFO: [ app_init ] --START--
INFO: Run Behavior\BuildLiteBehavior [ RunTime:0.000000s ]
INFO: [ app_init ] --END-- [ RunTime:0.001000s ]

[ 2014-12-30T16:21:38+08:00 ] 127.0.0.1 /home
INFO: [ app_init ] --START--
INFO: Run Behavior\BuildLiteBehavior [ RunTime:0.000000s ]
INFO: [ app_init ] --END-- [ RunTime:0.001000s ]

[ 2014-12-30T16:21:39+08:00 ] 127.0.0.1 /Home/login/login.html
INFO: [ app_init ] --START--
INFO: Run Behavior\BuildLiteBehavior [ RunTime:0.000000s ]
INFO: [ app_init ] --END-- [ RunTime:0.001000s ]

[ 2014-12-30T16:21:42+08:00 ] 127.0.0.1 /Home/login/login_do.html
INFO: [ app_init ] --START--
INFO: Run Behavior\BuildLiteBehavior [ RunTime:0.000000s ]
INFO: [ app_init ] --END-- [ RunTime:0.001000s ]

[ 2014-12-30T16:21:43+08:00 ] 127.0.0.1 /Home/admin/index.html
INFO: [ app_init ] --START--
INFO: Run Behavior\BuildLiteBehavior [ RunTime:0.000000s ]
INFO: [ app_init ] --END-- [ RunTime:0.000000s ]

[ 2014-12-30T16:21:47+08:00 ] 127.0.0.1 /Home/api/user.html
INFO: [ app_init ] --START--
INFO: Run Behavior\BuildLiteBehavior [ RunTime:0.000000s ]
INFO: [ app_init ] --END-- [ RunTime:0.002000s ]

[ 2014-12-30T16:21:53+08:00 ] 127.0.0.1 /Home/api/url.html
INFO: [ app_init ] --START--
INFO: Run Behavior\BuildLiteBehavior [ RunTime:0.000000s ]
INFO: [ app_init ] --END-- [ RunTime:0.001000s ]

[ 2014-12-30T16:22:00+08:00 ] 127.0.0.1 /Home/api/add_url.html
INFO: [ app_init ] --START--
INFO: Run Behavior\BuildLiteBehavior [ RunTime:0.000000s ]
INFO: [ app_init ] --END-- [ RunTime:0.000000s ]

[ 2014-12-30T16:22:10+08:00 ] 127.0.0.1 /Home/api/url.html
INFO: [ app_init ] --START--
INFO: Run Behavior\BuildLiteBehavior [ RunTime:0.000000s ]
INFO: [ app_init ] --END-- [ RunTime:0.001000s ]

[ 2014-12-30T16:22:16+08:00 ] 127.0.0.1 /Home/api/add_url.html
INFO: [ app_init ] --START--
INFO: Run Behavior\BuildLiteBehavior [ RunTime:0.000000s ]
INFO: [ app_init ] --END-- [ RunTime:0.005001s ]

[ 2014-12-30T16:22:20+08:00 ] 127.0.0.1 /Home/api/url.html
INFO: [ app_init ] --START--
INFO: Run Behavior\BuildLiteBehavior [ RunTime:0.000000s ]
INFO: [ app_init ] --END-- [ RunTime:0.000000s ]

[ 2014-12-30T16:22:40+08:00 ] 127.0.0.1 /Home/api/add_url.html
INFO: [ app_init ] --START--
INFO: Run Behavior\BuildLiteBehavior [ RunTime:0.000000s ]
INFO: [ app_init ] --END-- [ RunTime:0.001000s ]

[ 2014-12-30T16:24:17+08:00 ] 127.0.0.1 /Home/api/add_url_do.html
INFO: [ app_init ] --START--
INFO: Run Behavior\BuildLiteBehavior [ RunTime:0.000000s ]
INFO: [ app_init ] --END-- [ RunTime:0.000000s ]

[ 2014-12-30T16:24:18+08:00 ] 127.0.0.1 /Home/api/url.html
INFO: [ app_init ] --START--
INFO: Run Behavior\BuildLiteBehavior [ RunTime:0.001000s ]
INFO: [ app_init ] --END-- [ RunTime:0.002000s ]

[ 2014-12-30T16:27:31+08:00 ] 127.0.0.1 /Home/api/url.html
INFO: [ app_init ] --START--
INFO: Run Behavior\BuildLiteBehavior [ RunTime:0.000000s ]
INFO: [ app_init ] --END-- [ RunTime:0.001000s ]

[ 2014-12-30T19:06:34+08:00 ] 127.0.0.1 /Home/api/user.html
INFO: [ app_init ] --START--
INFO: Run Behavior\BuildLiteBehavior [ RunTime:0.000000s ]
INFO: [ app_init ] --END-- [ RunTime:0.001000s ]

[ 2014-12-30T19:06:39+08:00 ] 127.0.0.1 /Home/api/url.html
INFO: [ app_init ] --START--
INFO: Run Behavior\BuildLiteBehavior [ RunTime:0.000000s ]
INFO: [ app_init ] --END-- [ RunTime:0.001000s ]

[ 2014-12-30T19:06:43+08:00 ] 127.0.0.1 /Home/api/user_url.html
INFO: [ app_init ] --START--
INFO: Run Behavior\BuildLiteBehavior [ RunTime:0.000000s ]
INFO: [ app_init ] --END-- [ RunTime:0.001000s ]

