[ 2014-12-26T08:03:19+08:00 ] 127.0.0.1 /
INFO: [ app_init ] --START--
INFO: Run Behavior\BuildLiteBehavior [ RunTime:0.000000s ]
INFO: [ app_init ] --END-- [ RunTime:0.041002s ]
INFO: [ app_begin ] --START--
INFO: Run Behavior\ReadHtmlCacheBehavior [ RunTime:0.003000s ]
INFO: [ app_begin ] --END-- [ RunTime:0.003000s ]
NOTIC: [2048] Declaration of Index\Controller\IndexController::show() should be compatible with Think\Controller::show($content, $charset = '', $contentType = '', $prefix = '') D:\web4\Application\Index\Controller\IndexController.class.php 第 104 行.
NOTIC: [8192] mysql_connect(): The mysql extension is deprecated and will be removed in the future: use mysqli or PDO instead D:\web4\ThinkPHP\Library\Think\Db\Driver\Mysql.class.php 第 52 行.
SQL: SHOW COLUMNS FROM `bbs_nav` [ RunTime:0.008001s ]
SQL: SELECT * FROM `bbs_nav`  [ RunTime:0.002000s ]
SQL: SHOW COLUMNS FROM `bbs_employment` [ RunTime:0.005000s ]
SQL: SHOW COLUMNS FROM `bbs_class` [ RunTime:0.004000s ]
SQL: select * from bbs_article where t_id=1 [ RunTime:0.002000s ]
SQL: select * from bbs_article where t_id=2 [ RunTime:0.001000s ]
SQL: select * from bbs_article where t_id=3 and state=0 [ RunTime:0.001000s ]
SQL: select * from bbs_article where t_id=4 [ RunTime:0.002000s ]
SQL: select * from bbs_article where t_id=5 [ RunTime:0.003000s ]
SQL: select * from bbs_article where t_id=6 [ RunTime:0.003000s ]
SQL: SELECT * FROM `bbs_class` WHERE ( class_type=1 )  [ RunTime:0.003000s ]
SQL: SELECT * FROM `bbs_class` WHERE ( class_type=2 )  [ RunTime:0.003001s ]
SQL: SELECT * FROM `bbs_class` WHERE ( class_type=3 )  [ RunTime:0.004000s ]
SQL: select * from bbs_employment  limit 0,8 [ RunTime:0.001000s ]
SQL: select * from pre_forum_post where first=1   order by pid desc limit 6 [ RunTime:0.003000s ]
INFO: [ view_parse ] --START--
INFO: [ template_filter ] --START--
INFO: Run Behavior\ContentReplaceBehavior [ RunTime:0.001000s ]
INFO: [ template_filter ] --END-- [ RunTime:0.001000s ]
INFO: Run Behavior\ParseTemplateBehavior [ RunTime:0.161009s ]
INFO: [ view_parse ] --END-- [ RunTime:0.161009s ]
INFO: [ view_filter ] --START--
INFO: Run Behavior\WriteHtmlCacheBehavior [ RunTime:0.014001s ]
INFO: [ view_filter ] --END-- [ RunTime:0.014001s ]
INFO: [ app_end ] --START--
INFO: Run Behavior\ShowPageTraceBehavior [ RunTime:0.005000s ]
INFO: [ app_end ] --END-- [ RunTime:0.005000s ]
SQL: SHOW COLUMNS FROM `bbs_pv` [ RunTime:0.004000s ]
SQL: SELECT * FROM `bbs_pv` WHERE ( start_time='2014-12-26' ) LIMIT 1   [ RunTime:0.005001s ]
SQL: SELECT * FROM `bbs_pv` WHERE ( start_time='All' ) LIMIT 1   [ RunTime:0.002000s ]
NOTIC: [8192] mysql_connect(): The mysql extension is deprecated and will be removed in the future: use mysqli or PDO instead D:\web4\ThinkPHP\Library\Think\Db\Driver\Mysql.class.php 第 52 行.
SQL: UPDATE `bbs_pv` SET `pv`=2 WHERE ( start_time='2014-12-26' ) [ RunTime:0.007000s ]
SQL: UPDATE `bbs_pv` SET `pv`=1 WHERE ( start_time='All' ) [ RunTime:0.001000s ]

[ 2014-12-26T09:06:15+08:00 ] 127.0.0.1 /addbbs/
INFO: [ app_init ] --START--
INFO: Run Behavior\BuildLiteBehavior [ RunTime:0.000000s ]
INFO: [ app_init ] --END-- [ RunTime:0.044002s ]
INFO: [ app_begin ] --START--
INFO: Run Behavior\ReadHtmlCacheBehavior [ RunTime:0.028001s ]
INFO: [ app_begin ] --END-- [ RunTime:0.028001s ]
NOTIC: [2048] Declaration of Index\Controller\IndexController::show() should be compatible with Think\Controller::show($content, $charset = '', $contentType = '', $prefix = '') D:\xampp\htdocs\addbbs\Application\Index\Controller\IndexController.class.php 第 104 行.
NOTIC: [8192] mysql_connect(): The mysql extension is deprecated and will be removed in the future: use mysqli or PDO instead D:\xampp\htdocs\addbbs\ThinkPHP\Library\Think\Db\Driver\Mysql.class.php 第 52 行.
SQL: SHOW COLUMNS FROM `bbs_nav` [ RunTime:0.003000s ]
SQL: SELECT * FROM `bbs_nav`  [ RunTime:0.001001s ]
SQL: SHOW COLUMNS FROM `bbs_employment` [ RunTime:0.003000s ]
SQL: SHOW COLUMNS FROM `bbs_class` [ RunTime:0.026001s ]
SQL: select * from bbs_article where t_id=1 [ RunTime:0.002000s ]
SQL: select * from bbs_article where t_id=2 [ RunTime:0.001000s ]
SQL: select * from bbs_article where t_id=3 and state=0 [ RunTime:0.001000s ]
SQL: select * from bbs_article where t_id=4 [ RunTime:0.002000s ]
SQL: select * from bbs_article where t_id=5 [ RunTime:0.002000s ]
SQL: select * from bbs_article where t_id=6 [ RunTime:0.003000s ]
SQL: SELECT * FROM `bbs_class` WHERE ( class_type=1 )  [ RunTime:0.002000s ]
SQL: SELECT * FROM `bbs_class` WHERE ( class_type=2 )  [ RunTime:0.001000s ]
SQL: SELECT * FROM `bbs_class` WHERE ( class_type=3 )  [ RunTime:0.002000s ]
SQL: select * from bbs_employment  limit 0,8 [ RunTime:0.001000s ]
SQL: select * from pre_forum_post where first=1   order by pid desc limit 6 [ RunTime:0.005000s ]
INFO: [ view_parse ] --START--
INFO: [ template_filter ] --START--
INFO: Run Behavior\ContentReplaceBehavior [ RunTime:0.000000s ]
INFO: [ template_filter ] --END-- [ RunTime:0.000000s ]
INFO: Run Behavior\ParseTemplateBehavior [ RunTime:0.113007s ]
INFO: [ view_parse ] --END-- [ RunTime:0.113007s ]
INFO: [ view_filter ] --START--
INFO: Run Behavior\WriteHtmlCacheBehavior [ RunTime:0.012000s ]
INFO: [ view_filter ] --END-- [ RunTime:0.012000s ]
INFO: [ app_end ] --START--
INFO: Run Behavior\ShowPageTraceBehavior [ RunTime:0.001000s ]
INFO: [ app_end ] --END-- [ RunTime:0.001000s ]
SQL: SHOW COLUMNS FROM `bbs_pv` [ RunTime:0.003000s ]
SQL: SELECT * FROM `bbs_pv` WHERE ( start_time='2014-12-26' ) LIMIT 1   [ RunTime:0.001000s ]
SQL: SELECT * FROM `bbs_pv` WHERE ( start_time='All' ) LIMIT 1   [ RunTime:0.001000s ]
NOTIC: [8192] mysql_connect(): The mysql extension is deprecated and will be removed in the future: use mysqli or PDO instead D:\xampp\htdocs\addbbs\ThinkPHP\Library\Think\Db\Driver\Mysql.class.php 第 52 行.
SQL: UPDATE `bbs_pv` SET `pv`=13 WHERE ( start_time='2014-12-26' ) [ RunTime:0.444026s ]
SQL: UPDATE `bbs_pv` SET `pv`=1 WHERE ( start_time='All' ) [ RunTime:0.002000s ]

[ 2014-12-26T09:09:20+08:00 ] 127.0.0.1 /addbbs/Index/index/index.html
INFO: [ app_init ] --START--
INFO: Run Behavior\BuildLiteBehavior [ RunTime:0.000000s ]
INFO: [ app_init ] --END-- [ RunTime:0.000000s ]
INFO: [ app_begin ] --START--
INFO: Run Behavior\ReadHtmlCacheBehavior [ RunTime:0.000000s ]
INFO: [ app_begin ] --END-- [ RunTime:0.000000s ]
NOTIC: [2048] Declaration of Index\Controller\IndexController::show() should be compatible with Think\Controller::show($content, $charset = '', $contentType = '', $prefix = '') D:\xampp\htdocs\addbbs\Application\Index\Controller\IndexController.class.php 第 104 行.
NOTIC: [8192] mysql_connect(): The mysql extension is deprecated and will be removed in the future: use mysqli or PDO instead D:\xampp\htdocs\addbbs\ThinkPHP\Library\Think\Db\Driver\Mysql.class.php 第 52 行.
SQL: SHOW COLUMNS FROM `bbs_nav` [ RunTime:0.003000s ]
SQL: SELECT * FROM `bbs_nav`  [ RunTime:0.002000s ]
SQL: SHOW COLUMNS FROM `bbs_employment` [ RunTime:0.004001s ]
SQL: SHOW COLUMNS FROM `bbs_class` [ RunTime:0.002000s ]
SQL: select * from bbs_article where t_id=1 [ RunTime:0.001000s ]
SQL: select * from bbs_article where t_id=2 [ RunTime:0.001000s ]
SQL: select * from bbs_article where t_id=3 and state=0 [ RunTime:0.001000s ]
SQL: select * from bbs_article where t_id=4 [ RunTime:0.002000s ]
SQL: select * from bbs_article where t_id=5 [ RunTime:0.002000s ]
SQL: select * from bbs_article where t_id=6 [ RunTime:0.003000s ]
SQL: SELECT * FROM `bbs_class` WHERE ( class_type=1 )  [ RunTime:0.002000s ]
SQL: SELECT * FROM `bbs_class` WHERE ( class_type=2 )  [ RunTime:0.002001s ]
SQL: SELECT * FROM `bbs_class` WHERE ( class_type=3 )  [ RunTime:0.002000s ]
SQL: select * from bbs_employment  limit 0,8 [ RunTime:0.001000s ]
SQL: select * from pre_forum_post where first=1   order by pid desc limit 6 [ RunTime:0.002000s ]
INFO: [ view_parse ] --START--
INFO: [ template_filter ] --START--
INFO: Run Behavior\ContentReplaceBehavior [ RunTime:0.000000s ]
INFO: [ template_filter ] --END-- [ RunTime:0.000000s ]
INFO: Run Behavior\ParseTemplateBehavior [ RunTime:0.021001s ]
INFO: [ view_parse ] --END-- [ RunTime:0.021001s ]
INFO: [ view_filter ] --START--
INFO: Run Behavior\WriteHtmlCacheBehavior [ RunTime:0.001000s ]
INFO: [ view_filter ] --END-- [ RunTime:0.001000s ]
INFO: [ app_end ] --START--
INFO: Run Behavior\ShowPageTraceBehavior [ RunTime:0.001000s ]
INFO: [ app_end ] --END-- [ RunTime:0.001000s ]
SQL: SHOW COLUMNS FROM `bbs_pv` [ RunTime:0.028002s ]
SQL: SELECT * FROM `bbs_pv` WHERE ( start_time='2014-12-26' ) LIMIT 1   [ RunTime:0.001000s ]
SQL: SELECT * FROM `bbs_pv` WHERE ( start_time='All' ) LIMIT 1   [ RunTime:0.001000s ]
NOTIC: [8192] mysql_connect(): The mysql extension is deprecated and will be removed in the future: use mysqli or PDO instead D:\xampp\htdocs\addbbs\ThinkPHP\Library\Think\Db\Driver\Mysql.class.php 第 52 行.
SQL: UPDATE `bbs_pv` SET `pv`=14 WHERE ( start_time='2014-12-26' ) [ RunTime:0.013000s ]
SQL: UPDATE `bbs_pv` SET `pv`=1 WHERE ( start_time='All' ) [ RunTime:0.002001s ]

[ 2014-12-26T09:09:22+08:00 ] 127.0.0.1 /addbbs/Index/course/index.html
INFO: [ app_init ] --START--
INFO: Run Behavior\BuildLiteBehavior [ RunTime:0.000000s ]
INFO: [ app_init ] --END-- [ RunTime:0.001000s ]
INFO: [ app_begin ] --START--
INFO: Run Behavior\ReadHtmlCacheBehavior [ RunTime:0.001000s ]
INFO: [ app_begin ] --END-- [ RunTime:0.001000s ]
NOTIC: [2048] Declaration of Index\Controller\IndexController::show() should be compatible with Think\Controller::show($content, $charset = '', $contentType = '', $prefix = '') D:\xampp\htdocs\addbbs\Application\Index\Controller\IndexController.class.php 第 104 行.
NOTIC: [8192] mysql_connect(): The mysql extension is deprecated and will be removed in the future: use mysqli or PDO instead D:\xampp\htdocs\addbbs\ThinkPHP\Library\Think\Db\Driver\Mysql.class.php 第 52 行.
SQL: SHOW COLUMNS FROM `bbs_nav` [ RunTime:0.002000s ]
SQL: SELECT * FROM `bbs_nav`  [ RunTime:0.001000s ]
SQL: SHOW COLUMNS FROM `bbs_class` [ RunTime:0.002000s ]
SQL: select * from bbs_content [ RunTime:0.090005s ]
SQL: SELECT * FROM `bbs_class` WHERE ( class_type=1 )  [ RunTime:0.004001s ]
SQL: SELECT * FROM `bbs_class` WHERE ( class_type=2 )  [ RunTime:0.002000s ]
SQL: SELECT * FROM `bbs_class` WHERE ( class_type=3 )  [ RunTime:0.003000s ]
INFO: [ view_parse ] --START--
INFO: [ template_filter ] --START--
INFO: Run Behavior\ContentReplaceBehavior [ RunTime:0.001000s ]
INFO: [ template_filter ] --END-- [ RunTime:0.001000s ]
INFO: Run Behavior\ParseTemplateBehavior [ RunTime:0.165009s ]
INFO: [ view_parse ] --END-- [ RunTime:0.165009s ]
INFO: [ view_filter ] --START--
INFO: Run Behavior\WriteHtmlCacheBehavior [ RunTime:0.001000s ]
INFO: [ view_filter ] --END-- [ RunTime:0.001000s ]
INFO: [ app_end ] --START--
INFO: Run Behavior\ShowPageTraceBehavior [ RunTime:0.009000s ]
INFO: [ app_end ] --END-- [ RunTime:0.009000s ]
SQL: SHOW COLUMNS FROM `bbs_pv` [ RunTime:0.007000s ]
SQL: SELECT * FROM `bbs_pv` WHERE ( start_time='2014-12-26' ) LIMIT 1   [ RunTime:0.001000s ]
SQL: SELECT * FROM `bbs_pv` WHERE ( start_time='All' ) LIMIT 1   [ RunTime:0.001000s ]
NOTIC: [8192] mysql_connect(): The mysql extension is deprecated and will be removed in the future: use mysqli or PDO instead D:\xampp\htdocs\addbbs\ThinkPHP\Library\Think\Db\Driver\Mysql.class.php 第 52 行.
SQL: UPDATE `bbs_pv` SET `pv`=15 WHERE ( start_time='2014-12-26' ) [ RunTime:0.005000s ]
SQL: UPDATE `bbs_pv` SET `pv`=1 WHERE ( start_time='All' ) [ RunTime:0.002000s ]

[ 2014-12-26T09:09:23+08:00 ] 127.0.0.1 /addbbs/Index/video/index.html
INFO: [ app_init ] --START--
INFO: Run Behavior\BuildLiteBehavior [ RunTime:0.000000s ]
INFO: [ app_init ] --END-- [ RunTime:0.000000s ]
INFO: [ app_begin ] --START--
INFO: Run Behavior\ReadHtmlCacheBehavior [ RunTime:0.000000s ]
INFO: [ app_begin ] --END-- [ RunTime:0.000000s ]
NOTIC: [2048] Declaration of Index\Controller\IndexController::show() should be compatible with Think\Controller::show($content, $charset = '', $contentType = '', $prefix = '') D:\xampp\htdocs\addbbs\Application\Index\Controller\IndexController.class.php 第 104 行.
NOTIC: [8192] mysql_connect(): The mysql extension is deprecated and will be removed in the future: use mysqli or PDO instead D:\xampp\htdocs\addbbs\ThinkPHP\Library\Think\Db\Driver\Mysql.class.php 第 52 行.
SQL: SHOW COLUMNS FROM `bbs_nav` [ RunTime:0.002000s ]
SQL: SELECT * FROM `bbs_nav`  [ RunTime:0.001000s ]
SQL: SHOW COLUMNS FROM `bbs_videos` [ RunTime:0.075005s ]
SQL: SELECT * FROM bbs_videos v,bbs_videos_cate c WHERE ( v.cate_id=c.cate_id ) ORDER BY v_id   [ RunTime:0.105006s ]
SQL: SHOW COLUMNS FROM `bbs_problem` [ RunTime:0.035002s ]
SQL: SELECT * FROM `bbs_problem` ORDER BY start_time desc LIMIT 5   [ RunTime:0.006000s ]
INFO: [ view_parse ] --START--
INFO: [ template_filter ] --START--
INFO: Run Behavior\ContentReplaceBehavior [ RunTime:0.000000s ]
INFO: [ template_filter ] --END-- [ RunTime:0.000000s ]
INFO: Run Behavior\ParseTemplateBehavior [ RunTime:0.069004s ]
INFO: [ view_parse ] --END-- [ RunTime:0.069004s ]
INFO: [ view_filter ] --START--
INFO: Run Behavior\WriteHtmlCacheBehavior [ RunTime:0.001000s ]
INFO: [ view_filter ] --END-- [ RunTime:0.001000s ]
INFO: [ app_end ] --START--
INFO: Run Behavior\ShowPageTraceBehavior [ RunTime:0.001000s ]
INFO: [ app_end ] --END-- [ RunTime:0.002000s ]
SQL: SHOW COLUMNS FROM `bbs_pv` [ RunTime:0.006001s ]
SQL: SELECT * FROM `bbs_pv` WHERE ( start_time='2014-12-26' ) LIMIT 1   [ RunTime:0.001000s ]
SQL: SELECT * FROM `bbs_pv` WHERE ( start_time='All' ) LIMIT 1   [ RunTime:0.001000s ]
NOTIC: [8192] mysql_connect(): The mysql extension is deprecated and will be removed in the future: use mysqli or PDO instead D:\xampp\htdocs\addbbs\ThinkPHP\Library\Think\Db\Driver\Mysql.class.php 第 52 行.
SQL: UPDATE `bbs_pv` SET `pv`=16 WHERE ( start_time='2014-12-26' ) [ RunTime:0.006001s ]
SQL: UPDATE `bbs_pv` SET `pv`=1 WHERE ( start_time='All' ) [ RunTime:0.002000s ]

[ 2014-12-26T09:09:24+08:00 ] 127.0.0.1 /addbbs/Index/teacher/index.html
INFO: [ app_init ] --START--
INFO: Run Behavior\BuildLiteBehavior [ RunTime:0.000000s ]
INFO: [ app_init ] --END-- [ RunTime:0.001000s ]
INFO: [ app_begin ] --START--
INFO: Run Behavior\ReadHtmlCacheBehavior [ RunTime:0.000000s ]
INFO: [ app_begin ] --END-- [ RunTime:0.000000s ]
NOTIC: [2048] Declaration of Index\Controller\IndexController::show() should be compatible with Think\Controller::show($content, $charset = '', $contentType = '', $prefix = '') D:\xampp\htdocs\addbbs\Application\Index\Controller\IndexController.class.php 第 104 行.
NOTIC: [8192] mysql_connect(): The mysql extension is deprecated and will be removed in the future: use mysqli or PDO instead D:\xampp\htdocs\addbbs\ThinkPHP\Library\Think\Db\Driver\Mysql.class.php 第 52 行.
SQL: SHOW COLUMNS FROM `bbs_nav` [ RunTime:0.005001s ]
SQL: SELECT * FROM `bbs_nav`  [ RunTime:0.002000s ]
SQL: SHOW COLUMNS FROM `bbs_teacher` [ RunTime:0.075004s ]
SQL: SELECT * FROM bbs_teacher tea,bbs_teacher_cate cate WHERE ( tea.cate_id=cate.cate_id ) ORDER BY t_id asc  [ RunTime:0.052003s ]
INFO: [ view_parse ] --START--
INFO: [ template_filter ] --START--
INFO: Run Behavior\ContentReplaceBehavior [ RunTime:0.000000s ]
INFO: [ template_filter ] --END-- [ RunTime:0.000000s ]
NOTIC: [8] Undefined variable: page D:\xampp\htdocs\addbbs\Application\Runtime\Cache\Index\0fa547d45531922e8e75f8944444c53d.php 第 79 行.
INFO: Run Behavior\ParseTemplateBehavior [ RunTime:0.039002s ]
INFO: [ view_parse ] --END-- [ RunTime:0.039002s ]
INFO: [ view_filter ] --START--
INFO: Run Behavior\WriteHtmlCacheBehavior [ RunTime:0.001000s ]
INFO: [ view_filter ] --END-- [ RunTime:0.001000s ]
INFO: [ app_end ] --START--
INFO: Run Behavior\ShowPageTraceBehavior [ RunTime:0.003001s ]
INFO: [ app_end ] --END-- [ RunTime:0.003001s ]
SQL: SHOW COLUMNS FROM `bbs_pv` [ RunTime:0.005000s ]
SQL: SELECT * FROM `bbs_pv` WHERE ( start_time='2014-12-26' ) LIMIT 1   [ RunTime:0.004000s ]
SQL: SELECT * FROM `bbs_pv` WHERE ( start_time='All' ) LIMIT 1   [ RunTime:0.004000s ]
NOTIC: [8192] mysql_connect(): The mysql extension is deprecated and will be removed in the future: use mysqli or PDO instead D:\xampp\htdocs\addbbs\ThinkPHP\Library\Think\Db\Driver\Mysql.class.php 第 52 行.
SQL: UPDATE `bbs_pv` SET `pv`=17 WHERE ( start_time='2014-12-26' ) [ RunTime:0.058004s ]
SQL: UPDATE `bbs_pv` SET `pv`=1 WHERE ( start_time='All' ) [ RunTime:0.001000s ]

[ 2014-12-26T09:09:25+08:00 ] 127.0.0.1 /addbbs/Index/course/index.html
INFO: [ app_init ] --START--
INFO: Run Behavior\BuildLiteBehavior [ RunTime:0.000000s ]
INFO: [ app_init ] --END-- [ RunTime:0.000000s ]
INFO: [ app_begin ] --START--
INFO: Run Behavior\ReadHtmlCacheBehavior [ RunTime:0.000000s ]
INFO: [ app_begin ] --END-- [ RunTime:0.000000s ]
NOTIC: [2048] Declaration of Index\Controller\IndexController::show() should be compatible with Think\Controller::show($content, $charset = '', $contentType = '', $prefix = '') D:\xampp\htdocs\addbbs\Application\Index\Controller\IndexController.class.php 第 104 行.
NOTIC: [8192] mysql_connect(): The mysql extension is deprecated and will be removed in the future: use mysqli or PDO instead D:\xampp\htdocs\addbbs\ThinkPHP\Library\Think\Db\Driver\Mysql.class.php 第 52 行.
SQL: SHOW COLUMNS FROM `bbs_nav` [ RunTime:0.002000s ]
SQL: SELECT * FROM `bbs_nav`  [ RunTime:0.001000s ]
SQL: SHOW COLUMNS FROM `bbs_class` [ RunTime:0.003000s ]
SQL: select * from bbs_content [ RunTime:0.003000s ]
SQL: SELECT * FROM `bbs_class` WHERE ( class_type=1 )  [ RunTime:0.002000s ]
SQL: SELECT * FROM `bbs_class` WHERE ( class_type=2 )  [ RunTime:0.002001s ]
SQL: SELECT * FROM `bbs_class` WHERE ( class_type=3 )  [ RunTime:0.002000s ]
INFO: [ view_parse ] --START--
INFO: [ template_filter ] --START--
INFO: Run Behavior\ContentReplaceBehavior [ RunTime:0.000000s ]
INFO: [ template_filter ] --END-- [ RunTime:0.000000s ]
INFO: Run Behavior\ParseTemplateBehavior [ RunTime:0.015001s ]
INFO: [ view_parse ] --END-- [ RunTime:0.015001s ]
INFO: [ view_filter ] --START--
INFO: Run Behavior\WriteHtmlCacheBehavior [ RunTime:0.000000s ]
INFO: [ view_filter ] --END-- [ RunTime:0.001000s ]
INFO: [ app_end ] --START--
INFO: Run Behavior\ShowPageTraceBehavior [ RunTime:0.001000s ]
INFO: [ app_end ] --END-- [ RunTime:0.001000s ]
SQL: SHOW COLUMNS FROM `bbs_pv` [ RunTime:0.003000s ]
SQL: SELECT * FROM `bbs_pv` WHERE ( start_time='2014-12-26' ) LIMIT 1   [ RunTime:0.001000s ]
SQL: SELECT * FROM `bbs_pv` WHERE ( start_time='All' ) LIMIT 1   [ RunTime:0.001000s ]
NOTIC: [8192] mysql_connect(): The mysql extension is deprecated and will be removed in the future: use mysqli or PDO instead D:\xampp\htdocs\addbbs\ThinkPHP\Library\Think\Db\Driver\Mysql.class.php 第 52 行.
SQL: UPDATE `bbs_pv` SET `pv`=18 WHERE ( start_time='2014-12-26' ) [ RunTime:0.007000s ]
SQL: UPDATE `bbs_pv` SET `pv`=1 WHERE ( start_time='All' ) [ RunTime:0.002001s ]

[ 2014-12-26T09:09:26+08:00 ] 127.0.0.1 /addbbs/Index/index/index.html
INFO: [ app_init ] --START--
INFO: Run Behavior\BuildLiteBehavior [ RunTime:0.000000s ]
INFO: [ app_init ] --END-- [ RunTime:0.001000s ]
INFO: [ app_begin ] --START--
INFO: Run Behavior\ReadHtmlCacheBehavior [ RunTime:0.001000s ]
INFO: [ app_begin ] --END-- [ RunTime:0.001000s ]
NOTIC: [2048] Declaration of Index\Controller\IndexController::show() should be compatible with Think\Controller::show($content, $charset = '', $contentType = '', $prefix = '') D:\xampp\htdocs\addbbs\Application\Index\Controller\IndexController.class.php 第 104 行.
NOTIC: [8192] mysql_connect(): The mysql extension is deprecated and will be removed in the future: use mysqli or PDO instead D:\xampp\htdocs\addbbs\ThinkPHP\Library\Think\Db\Driver\Mysql.class.php 第 52 行.
SQL: SHOW COLUMNS FROM `bbs_nav` [ RunTime:0.002000s ]
SQL: SELECT * FROM `bbs_nav`  [ RunTime:0.002000s ]
SQL: SHOW COLUMNS FROM `bbs_employment` [ RunTime:0.003001s ]
SQL: SHOW COLUMNS FROM `bbs_class` [ RunTime:0.003000s ]
SQL: select * from bbs_article where t_id=1 [ RunTime:0.002000s ]
SQL: select * from bbs_article where t_id=2 [ RunTime:0.002000s ]
SQL: select * from bbs_article where t_id=3 and state=0 [ RunTime:0.001000s ]
SQL: select * from bbs_article where t_id=4 [ RunTime:0.002000s ]
SQL: select * from bbs_article where t_id=5 [ RunTime:0.002000s ]
SQL: select * from bbs_article where t_id=6 [ RunTime:0.002000s ]
SQL: SELECT * FROM `bbs_class` WHERE ( class_type=1 )  [ RunTime:0.003001s ]
SQL: SELECT * FROM `bbs_class` WHERE ( class_type=2 )  [ RunTime:0.002000s ]
SQL: SELECT * FROM `bbs_class` WHERE ( class_type=3 )  [ RunTime:0.002000s ]
SQL: select * from bbs_employment  limit 0,8 [ RunTime:0.001000s ]
SQL: select * from pre_forum_post where first=1   order by pid desc limit 6 [ RunTime:0.003000s ]
INFO: [ view_parse ] --START--
INFO: [ template_filter ] --START--
INFO: Run Behavior\ContentReplaceBehavior [ RunTime:0.000000s ]
INFO: [ template_filter ] --END-- [ RunTime:0.000000s ]
INFO: Run Behavior\ParseTemplateBehavior [ RunTime:0.026002s ]
INFO: [ view_parse ] --END-- [ RunTime:0.026002s ]
INFO: [ view_filter ] --START--
INFO: Run Behavior\WriteHtmlCacheBehavior [ RunTime:0.001000s ]
INFO: [ view_filter ] --END-- [ RunTime:0.001000s ]
INFO: [ app_end ] --START--
INFO: Run Behavior\ShowPageTraceBehavior [ RunTime:0.000000s ]
INFO: [ app_end ] --END-- [ RunTime:0.001000s ]
SQL: SHOW COLUMNS FROM `bbs_pv` [ RunTime:0.003000s ]
SQL: SELECT * FROM `bbs_pv` WHERE ( start_time='2014-12-26' ) LIMIT 1   [ RunTime:0.001000s ]
SQL: SELECT * FROM `bbs_pv` WHERE ( start_time='All' ) LIMIT 1   [ RunTime:0.001000s ]
NOTIC: [8192] mysql_connect(): The mysql extension is deprecated and will be removed in the future: use mysqli or PDO instead D:\xampp\htdocs\addbbs\ThinkPHP\Library\Think\Db\Driver\Mysql.class.php 第 52 行.
SQL: UPDATE `bbs_pv` SET `pv`=19 WHERE ( start_time='2014-12-26' ) [ RunTime:0.006000s ]
SQL: UPDATE `bbs_pv` SET `pv`=1 WHERE ( start_time='All' ) [ RunTime:0.003001s ]

[ 2014-12-26T09:13:45+08:00 ] 127.0.0.1 /addbbs/
INFO: [ app_init ] --START--
INFO: Run Behavior\BuildLiteBehavior [ RunTime:0.000000s ]
INFO: [ app_init ] --END-- [ RunTime:0.002000s ]
INFO: [ app_begin ] --START--
INFO: Run Behavior\ReadHtmlCacheBehavior [ RunTime:0.002000s ]
INFO: [ app_begin ] --END-- [ RunTime:0.002000s ]
NOTIC: [2048] Declaration of Index\Controller\IndexController::show() should be compatible with Think\Controller::show($content, $charset = '', $contentType = '', $prefix = '') D:\xampp\htdocs\addbbs\Application\Index\Controller\IndexController.class.php 第 104 行.
NOTIC: [8192] mysql_connect(): The mysql extension is deprecated and will be removed in the future: use mysqli or PDO instead D:\xampp\htdocs\addbbs\ThinkPHP\Library\Think\Db\Driver\Mysql.class.php 第 52 行.
SQL: SHOW COLUMNS FROM `bbs_nav` [ RunTime:0.002000s ]
SQL: SELECT * FROM `bbs_nav`  [ RunTime:0.001000s ]
SQL: SHOW COLUMNS FROM `bbs_employment` [ RunTime:0.003000s ]
SQL: SHOW COLUMNS FROM `bbs_class` [ RunTime:0.003000s ]
SQL: select * from bbs_article where t_id=1 [ RunTime:0.002000s ]
SQL: select * from bbs_article where t_id=2 [ RunTime:0.001000s ]
SQL: select * from bbs_article where t_id=3 and state=0 [ RunTime:0.002001s ]
SQL: select * from bbs_article where t_id=4 [ RunTime:0.004000s ]
SQL: select * from bbs_article where t_id=5 [ RunTime:0.003000s ]
SQL: select * from bbs_article where t_id=6 [ RunTime:0.003000s ]
SQL: SELECT * FROM `bbs_class` WHERE ( class_type=1 )  [ RunTime:0.002000s ]
SQL: SELECT * FROM `bbs_class` WHERE ( class_type=2 )  [ RunTime:0.001000s ]
SQL: SELECT * FROM `bbs_class` WHERE ( class_type=3 )  [ RunTime:0.002000s ]
SQL: select * from bbs_employment  limit 0,8 [ RunTime:0.001001s ]
SQL: select * from pre_forum_post where first=1   order by pid desc limit 6 [ RunTime:0.003000s ]
INFO: [ view_parse ] --START--
INFO: [ template_filter ] --START--
INFO: Run Behavior\ContentReplaceBehavior [ RunTime:0.001000s ]
INFO: [ template_filter ] --END-- [ RunTime:0.001000s ]
INFO: Run Behavior\ParseTemplateBehavior [ RunTime:0.022001s ]
INFO: [ view_parse ] --END-- [ RunTime:0.022001s ]
INFO: [ view_filter ] --START--
INFO: Run Behavior\WriteHtmlCacheBehavior [ RunTime:0.000000s ]
INFO: [ view_filter ] --END-- [ RunTime:0.000000s ]
INFO: [ app_end ] --START--
INFO: Run Behavior\ShowPageTraceBehavior [ RunTime:0.000000s ]
INFO: [ app_end ] --END-- [ RunTime:0.000000s ]
SQL: SHOW COLUMNS FROM `bbs_pv` [ RunTime:0.004000s ]
SQL: SELECT * FROM `bbs_pv` WHERE ( start_time='2014-12-26' ) LIMIT 1   [ RunTime:0.006001s ]
SQL: SELECT * FROM `bbs_pv` WHERE ( start_time='All' ) LIMIT 1   [ RunTime:0.001000s ]
NOTIC: [8192] mysql_connect(): The mysql extension is deprecated and will be removed in the future: use mysqli or PDO instead D:\xampp\htdocs\addbbs\ThinkPHP\Library\Think\Db\Driver\Mysql.class.php 第 52 行.
SQL: UPDATE `bbs_pv` SET `pv`=23 WHERE ( start_time='2014-12-26' ) [ RunTime:0.007000s ]
SQL: UPDATE `bbs_pv` SET `pv`=1 WHERE ( start_time='All' ) [ RunTime:0.003001s ]

[ 2014-12-26T09:39:06+08:00 ] 127.0.0.1 /addbbs/Index/index/login.html
INFO: [ app_init ] --START--
INFO: Run Behavior\BuildLiteBehavior [ RunTime:0.000000s ]
INFO: [ app_init ] --END-- [ RunTime:0.001000s ]
INFO: [ app_begin ] --START--
INFO: Run Behavior\ReadHtmlCacheBehavior [ RunTime:0.001000s ]
INFO: [ app_begin ] --END-- [ RunTime:0.001000s ]
NOTIC: [2048] Declaration of Index\Controller\IndexController::show() should be compatible with Think\Controller::show($content, $charset = '', $contentType = '', $prefix = '') D:\xampp\htdocs\addbbs\Application\Index\Controller\IndexController.class.php 第 104 行.
NOTIC: [8192] mysql_connect(): The mysql extension is deprecated and will be removed in the future: use mysqli or PDO instead D:\xampp\htdocs\addbbs\ThinkPHP\Library\Think\Db\Driver\Mysql.class.php 第 52 行.
SQL: SHOW COLUMNS FROM `bbs_nav` [ RunTime:0.020001s ]
SQL: SELECT * FROM `bbs_nav`  [ RunTime:0.002000s ]
INFO: [ view_parse ] --START--
INFO: [ template_filter ] --START--
INFO: Run Behavior\ContentReplaceBehavior [ RunTime:0.000000s ]
INFO: [ template_filter ] --END-- [ RunTime:0.000000s ]
NOTIC: [8] Undefined variable: info D:\xampp\htdocs\addbbs\Application\Runtime\Cache\Index\94abb3b3f84c32142713d0a0aab0c4f0.php 第 77 行.
INFO: Run Behavior\ParseTemplateBehavior [ RunTime:0.023001s ]
INFO: [ view_parse ] --END-- [ RunTime:0.023001s ]
INFO: [ view_filter ] --START--
INFO: Run Behavior\WriteHtmlCacheBehavior [ RunTime:0.000000s ]
INFO: [ view_filter ] --END-- [ RunTime:0.000000s ]
INFO: [ app_end ] --START--
INFO: Run Behavior\ShowPageTraceBehavior [ RunTime:0.000000s ]
INFO: [ app_end ] --END-- [ RunTime:0.000000s ]
SQL: SHOW COLUMNS FROM `bbs_pv` [ RunTime:0.003001s ]
SQL: SELECT * FROM `bbs_pv` WHERE ( start_time='2014-12-26' ) LIMIT 1   [ RunTime:0.006000s ]
SQL: SELECT * FROM `bbs_pv` WHERE ( start_time='All' ) LIMIT 1   [ RunTime:0.002000s ]
NOTIC: [8192] mysql_connect(): The mysql extension is deprecated and will be removed in the future: use mysqli or PDO instead D:\xampp\htdocs\addbbs\ThinkPHP\Library\Think\Db\Driver\Mysql.class.php 第 52 行.
SQL: UPDATE `bbs_pv` SET `pv`=45 WHERE ( start_time='2014-12-26' ) [ RunTime:0.025002s ]
SQL: UPDATE `bbs_pv` SET `pv`=1 WHERE ( start_time='All' ) [ RunTime:0.002000s ]

[ 2014-12-26T09:41:02+08:00 ] 127.0.0.1 /addbbs/Index/index/index.html
INFO: [ app_init ] --START--
INFO: Run Behavior\BuildLiteBehavior [ RunTime:0.001000s ]
INFO: [ app_init ] --END-- [ RunTime:0.001000s ]
INFO: [ app_begin ] --START--
INFO: Run Behavior\ReadHtmlCacheBehavior [ RunTime:0.001000s ]
INFO: [ app_begin ] --END-- [ RunTime:0.001000s ]
NOTIC: [2048] Declaration of Index\Controller\IndexController::show() should be compatible with Think\Controller::show($content, $charset = '', $contentType = '', $prefix = '') D:\xampp\htdocs\addbbs\Application\Index\Controller\IndexController.class.php 第 104 行.
NOTIC: [8192] mysql_connect(): The mysql extension is deprecated and will be removed in the future: use mysqli or PDO instead D:\xampp\htdocs\addbbs\ThinkPHP\Library\Think\Db\Driver\Mysql.class.php 第 52 行.
SQL: SHOW COLUMNS FROM `bbs_nav` [ RunTime:0.002001s ]
SQL: SELECT * FROM `bbs_nav`  [ RunTime:0.002000s ]
SQL: SHOW COLUMNS FROM `bbs_employment` [ RunTime:0.005000s ]
SQL: SHOW COLUMNS FROM `bbs_class` [ RunTime:0.014001s ]
SQL: select * from bbs_article where t_id=1 [ RunTime:0.002000s ]
SQL: select * from bbs_article where t_id=2 [ RunTime:0.002000s ]
SQL: select * from bbs_article where t_id=3 and state=0 [ RunTime:0.002000s ]
SQL: select * from bbs_article where t_id=4 [ RunTime:0.001000s ]
SQL: select * from bbs_article where t_id=5 [ RunTime:0.003000s ]
SQL: select * from bbs_article where t_id=6 [ RunTime:0.003000s ]
SQL: SELECT * FROM `bbs_class` WHERE ( class_type=1 )  [ RunTime:0.001001s ]
SQL: SELECT * FROM `bbs_class` WHERE ( class_type=2 )  [ RunTime:0.001000s ]
SQL: SELECT * FROM `bbs_class` WHERE ( class_type=3 )  [ RunTime:0.002000s ]
SQL: select * from bbs_employment  limit 0,8 [ RunTime:0.001000s ]
SQL: select * from pre_forum_post where first=1   order by pid desc limit 6 [ RunTime:0.003000s ]
INFO: [ view_parse ] --START--
INFO: [ template_filter ] --START--
INFO: Run Behavior\ContentReplaceBehavior [ RunTime:0.000000s ]
INFO: [ template_filter ] --END-- [ RunTime:0.000000s ]
INFO: Run Behavior\ParseTemplateBehavior [ RunTime:0.035002s ]
INFO: [ view_parse ] --END-- [ RunTime:0.035002s ]
INFO: [ view_filter ] --START--
INFO: Run Behavior\WriteHtmlCacheBehavior [ RunTime:0.000000s ]
INFO: [ view_filter ] --END-- [ RunTime:0.000000s ]
INFO: [ app_end ] --START--
INFO: Run Behavior\ShowPageTraceBehavior [ RunTime:0.001000s ]
INFO: [ app_end ] --END-- [ RunTime:0.001000s ]
SQL: SHOW COLUMNS FROM `bbs_pv` [ RunTime:0.003000s ]
SQL: SELECT * FROM `bbs_pv` WHERE ( start_time='2014-12-26' ) LIMIT 1   [ RunTime:0.002000s ]
SQL: SELECT * FROM `bbs_pv` WHERE ( start_time='All' ) LIMIT 1   [ RunTime:0.002001s ]
NOTIC: [8192] mysql_connect(): The mysql extension is deprecated and will be removed in the future: use mysqli or PDO instead D:\xampp\htdocs\addbbs\ThinkPHP\Library\Think\Db\Driver\Mysql.class.php 第 52 行.
SQL: UPDATE `bbs_pv` SET `pv`=46 WHERE ( start_time='2014-12-26' ) [ RunTime:0.010001s ]
SQL: UPDATE `bbs_pv` SET `pv`=1 WHERE ( start_time='All' ) [ RunTime:0.002000s ]

[ 2014-12-26T09:41:03+08:00 ] 127.0.0.1 /addbbs/Index/course/index.html
INFO: [ app_init ] --START--
INFO: Run Behavior\BuildLiteBehavior [ RunTime:0.000000s ]
INFO: [ app_init ] --END-- [ RunTime:0.000000s ]
INFO: [ app_begin ] --START--
INFO: Run Behavior\ReadHtmlCacheBehavior [ RunTime:0.001000s ]
INFO: [ app_begin ] --END-- [ RunTime:0.001000s ]
NOTIC: [2048] Declaration of Index\Controller\IndexController::show() should be compatible with Think\Controller::show($content, $charset = '', $contentType = '', $prefix = '') D:\xampp\htdocs\addbbs\Application\Index\Controller\IndexController.class.php 第 104 行.
NOTIC: [8192] mysql_connect(): The mysql extension is deprecated and will be removed in the future: use mysqli or PDO instead D:\xampp\htdocs\addbbs\ThinkPHP\Library\Think\Db\Driver\Mysql.class.php 第 52 行.
SQL: SHOW COLUMNS FROM `bbs_nav` [ RunTime:0.003000s ]
SQL: SELECT * FROM `bbs_nav`  [ RunTime:0.001000s ]
SQL: SHOW COLUMNS FROM `bbs_class` [ RunTime:0.003000s ]
SQL: select * from bbs_content [ RunTime:0.002000s ]
SQL: SELECT * FROM `bbs_class` WHERE ( class_type=1 )  [ RunTime:0.001000s ]
SQL: SELECT * FROM `bbs_class` WHERE ( class_type=2 )  [ RunTime:0.001000s ]
SQL: SELECT * FROM `bbs_class` WHERE ( class_type=3 )  [ RunTime:0.001000s ]
INFO: [ view_parse ] --START--
INFO: [ template_filter ] --START--
INFO: Run Behavior\ContentReplaceBehavior [ RunTime:0.000000s ]
INFO: [ template_filter ] --END-- [ RunTime:0.000000s ]
INFO: Run Behavior\ParseTemplateBehavior [ RunTime:0.012001s ]
INFO: [ view_parse ] --END-- [ RunTime:0.012001s ]
INFO: [ view_filter ] --START--
INFO: Run Behavior\WriteHtmlCacheBehavior [ RunTime:0.000000s ]
INFO: [ view_filter ] --END-- [ RunTime:0.000000s ]
INFO: [ app_end ] --START--
INFO: Run Behavior\ShowPageTraceBehavior [ RunTime:0.000000s ]
INFO: [ app_end ] --END-- [ RunTime:0.000000s ]
SQL: SHOW COLUMNS FROM `bbs_pv` [ RunTime:0.003000s ]
SQL: SELECT * FROM `bbs_pv` WHERE ( start_time='2014-12-26' ) LIMIT 1   [ RunTime:0.001000s ]
SQL: SELECT * FROM `bbs_pv` WHERE ( start_time='All' ) LIMIT 1   [ RunTime:0.002000s ]
NOTIC: [8192] mysql_connect(): The mysql extension is deprecated and will be removed in the future: use mysqli or PDO instead D:\xampp\htdocs\addbbs\ThinkPHP\Library\Think\Db\Driver\Mysql.class.php 第 52 行.
SQL: UPDATE `bbs_pv` SET `pv`=47 WHERE ( start_time='2014-12-26' ) [ RunTime:0.016001s ]
SQL: UPDATE `bbs_pv` SET `pv`=1 WHERE ( start_time='All' ) [ RunTime:0.002000s ]

[ 2014-12-26T10:23:43+08:00 ] 127.0.0.1 /addbbs/Index/index/index.html
INFO: [ app_init ] --START--
INFO: Run Behavior\BuildLiteBehavior [ RunTime:0.000000s ]
INFO: [ app_init ] --END-- [ RunTime:0.000000s ]
INFO: [ app_begin ] --START--
INFO: Run Behavior\ReadHtmlCacheBehavior [ RunTime:0.001000s ]
INFO: [ app_begin ] --END-- [ RunTime:0.001000s ]
NOTIC: [2048] Declaration of Index\Controller\IndexController::show() should be compatible with Think\Controller::show($content, $charset = '', $contentType = '', $prefix = '') D:\xampp\htdocs\addbbs\Application\Index\Controller\IndexController.class.php 第 104 行.
NOTIC: [8192] mysql_connect(): The mysql extension is deprecated and will be removed in the future: use mysqli or PDO instead D:\xampp\htdocs\addbbs\ThinkPHP\Library\Think\Db\Driver\Mysql.class.php 第 52 行.
SQL: SHOW COLUMNS FROM `bbs_nav` [ RunTime:0.002001s ]
SQL: SELECT * FROM `bbs_nav`  [ RunTime:0.001000s ]
SQL: SHOW COLUMNS FROM `bbs_employment` [ RunTime:0.003000s ]
SQL: SHOW COLUMNS FROM `bbs_class` [ RunTime:0.003000s ]
SQL: select * from bbs_article where t_id=1 [ RunTime:0.002000s ]
SQL: select * from bbs_article where t_id=2 [ RunTime:0.002000s ]
SQL: select * from bbs_article where t_id=3 and state=0 [ RunTime:0.002000s ]
SQL: select * from bbs_article where t_id=4 [ RunTime:0.001000s ]
SQL: select * from bbs_article where t_id=5 [ RunTime:0.002000s ]
SQL: select * from bbs_article where t_id=6 [ RunTime:0.003000s ]
SQL: SELECT * FROM `bbs_class` WHERE ( class_type=1 )  [ RunTime:0.001000s ]
SQL: SELECT * FROM `bbs_class` WHERE ( class_type=2 )  [ RunTime:0.001000s ]
SQL: SELECT * FROM `bbs_class` WHERE ( class_type=3 )  [ RunTime:0.001000s ]
SQL: select * from bbs_employment  limit 0,8 [ RunTime:0.001000s ]
SQL: select * from pre_forum_post where first=1   order by pid desc limit 6 [ RunTime:0.003000s ]
INFO: [ view_parse ] --START--
INFO: [ template_filter ] --START--
INFO: Run Behavior\ContentReplaceBehavior [ RunTime:0.000000s ]
INFO: [ template_filter ] --END-- [ RunTime:0.000000s ]
INFO: Run Behavior\ParseTemplateBehavior [ RunTime:0.024002s ]
INFO: [ view_parse ] --END-- [ RunTime:0.024002s ]
INFO: [ view_filter ] --START--
INFO: Run Behavior\WriteHtmlCacheBehavior [ RunTime:0.001000s ]
INFO: [ view_filter ] --END-- [ RunTime:0.001000s ]
INFO: [ app_end ] --START--
INFO: Run Behavior\ShowPageTraceBehavior [ RunTime:0.001000s ]
INFO: [ app_end ] --END-- [ RunTime:0.001000s ]
SQL: SHOW COLUMNS FROM `bbs_pv` [ RunTime:0.003000s ]
SQL: SELECT * FROM `bbs_pv` WHERE ( start_time='2014-12-26' ) LIMIT 1   [ RunTime:0.001000s ]
SQL: SELECT * FROM `bbs_pv` WHERE ( start_time='All' ) LIMIT 1   [ RunTime:0.002000s ]
NOTIC: [8192] mysql_connect(): The mysql extension is deprecated and will be removed in the future: use mysqli or PDO instead D:\xampp\htdocs\addbbs\ThinkPHP\Library\Think\Db\Driver\Mysql.class.php 第 52 行.
SQL: UPDATE `bbs_pv` SET `pv`=147 WHERE ( start_time='2014-12-26' ) [ RunTime:0.015001s ]
SQL: UPDATE `bbs_pv` SET `pv`=1 WHERE ( start_time='All' ) [ RunTime:0.001000s ]

[ 2014-12-26T10:34:39+08:00 ] 127.0.0.1 /addbbs/Index/index/index.html
INFO: [ app_init ] --START--
INFO: Run Behavior\BuildLiteBehavior [ RunTime:0.000000s ]
INFO: [ app_init ] --END-- [ RunTime:0.000000s ]
INFO: [ app_begin ] --START--
INFO: Run Behavior\ReadHtmlCacheBehavior [ RunTime:0.001000s ]
INFO: [ app_begin ] --END-- [ RunTime:0.001000s ]
NOTIC: [2048] Declaration of Index\Controller\IndexController::show() should be compatible with Think\Controller::show($content, $charset = '', $contentType = '', $prefix = '') D:\xampp\htdocs\addbbs\Application\Index\Controller\IndexController.class.php 第 104 行.
NOTIC: [8192] mysql_connect(): The mysql extension is deprecated and will be removed in the future: use mysqli or PDO instead D:\xampp\htdocs\addbbs\ThinkPHP\Library\Think\Db\Driver\Mysql.class.php 第 52 行.
SQL: SHOW COLUMNS FROM `bbs_nav` [ RunTime:0.003000s ]
SQL: SELECT * FROM `bbs_nav`  [ RunTime:0.001000s ]
SQL: SHOW COLUMNS FROM `bbs_employment` [ RunTime:0.003001s ]
SQL: SHOW COLUMNS FROM `bbs_class` [ RunTime:0.004000s ]
SQL: select * from bbs_article where t_id=1 [ RunTime:0.002000s ]
SQL: select * from bbs_article where t_id=2 [ RunTime:0.001000s ]
SQL: select * from bbs_article where t_id=3 and state=0 [ RunTime:0.002000s ]
SQL: select * from bbs_article where t_id=4 [ RunTime:0.002000s ]
SQL: select * from bbs_article where t_id=5 [ RunTime:0.004000s ]
SQL: select * from bbs_article where t_id=6 [ RunTime:0.003001s ]
SQL: SELECT * FROM `bbs_class` WHERE ( class_type=1 )  [ RunTime:0.001000s ]
SQL: SELECT * FROM `bbs_class` WHERE ( class_type=2 )  [ RunTime:0.001000s ]
SQL: SELECT * FROM `bbs_class` WHERE ( class_type=3 )  [ RunTime:0.001000s ]
SQL: select * from bbs_employment  limit 0,8 [ RunTime:0.002000s ]
SQL: select * from pre_forum_post where first=1   order by pid desc limit 6 [ RunTime:0.002000s ]
INFO: [ view_parse ] --START--
INFO: [ template_filter ] --START--
INFO: Run Behavior\ContentReplaceBehavior [ RunTime:0.000000s ]
INFO: [ template_filter ] --END-- [ RunTime:0.000000s ]
INFO: Run Behavior\ParseTemplateBehavior [ RunTime:0.028002s ]
INFO: [ view_parse ] --END-- [ RunTime:0.028002s ]
INFO: [ view_filter ] --START--
INFO: Run Behavior\WriteHtmlCacheBehavior [ RunTime:0.001000s ]
INFO: [ view_filter ] --END-- [ RunTime:0.001000s ]
INFO: [ app_end ] --START--
INFO: Run Behavior\ShowPageTraceBehavior [ RunTime:0.001000s ]
INFO: [ app_end ] --END-- [ RunTime:0.001000s ]
SQL: SHOW COLUMNS FROM `bbs_pv` [ RunTime:0.038002s ]
SQL: SELECT * FROM `bbs_pv` WHERE ( start_time='2014-12-26' ) LIMIT 1   [ RunTime:0.003000s ]
SQL: SELECT * FROM `bbs_pv` WHERE ( start_time='All' ) LIMIT 1   [ RunTime:0.002000s ]
NOTIC: [8192] mysql_connect(): The mysql extension is deprecated and will be removed in the future: use mysqli or PDO instead D:\xampp\htdocs\addbbs\ThinkPHP\Library\Think\Db\Driver\Mysql.class.php 第 52 行.
SQL: UPDATE `bbs_pv` SET `pv`=163 WHERE ( start_time='2014-12-26' ) [ RunTime:0.039002s ]
SQL: UPDATE `bbs_pv` SET `pv`=1 WHERE ( start_time='All' ) [ RunTime:0.002000s ]

[ 2014-12-26T10:34:42+08:00 ] 127.0.0.1 /addbbs/Index/index/index.html
INFO: [ app_init ] --START--
INFO: Run Behavior\BuildLiteBehavior [ RunTime:0.000000s ]
INFO: [ app_init ] --END-- [ RunTime:0.000000s ]
INFO: [ app_begin ] --START--
INFO: Run Behavior\ReadHtmlCacheBehavior [ RunTime:0.000000s ]
INFO: [ app_begin ] --END-- [ RunTime:0.000000s ]
NOTIC: [2048] Declaration of Index\Controller\IndexController::show() should be compatible with Think\Controller::show($content, $charset = '', $contentType = '', $prefix = '') D:\xampp\htdocs\addbbs\Application\Index\Controller\IndexController.class.php 第 104 行.
NOTIC: [8192] mysql_connect(): The mysql extension is deprecated and will be removed in the future: use mysqli or PDO instead D:\xampp\htdocs\addbbs\ThinkPHP\Library\Think\Db\Driver\Mysql.class.php 第 52 行.
SQL: SHOW COLUMNS FROM `bbs_nav` [ RunTime:0.002000s ]
SQL: SELECT * FROM `bbs_nav`  [ RunTime:0.001000s ]
SQL: SHOW COLUMNS FROM `bbs_employment` [ RunTime:0.048003s ]
SQL: SHOW COLUMNS FROM `bbs_class` [ RunTime:0.014001s ]
SQL: select * from bbs_article where t_id=1 [ RunTime:0.002000s ]
SQL: select * from bbs_article where t_id=2 [ RunTime:0.002000s ]
SQL: select * from bbs_article where t_id=3 and state=0 [ RunTime:0.002000s ]
SQL: select * from bbs_article where t_id=4 [ RunTime:0.002000s ]
SQL: select * from bbs_article where t_id=5 [ RunTime:0.003001s ]
SQL: select * from bbs_article where t_id=6 [ RunTime:0.004000s ]
SQL: SELECT * FROM `bbs_class` WHERE ( class_type=1 )  [ RunTime:0.001000s ]
SQL: SELECT * FROM `bbs_class` WHERE ( class_type=2 )  [ RunTime:0.001000s ]
SQL: SELECT * FROM `bbs_class` WHERE ( class_type=3 )  [ RunTime:0.001000s ]
SQL: select * from bbs_employment  limit 0,8 [ RunTime:0.001000s ]
SQL: select * from pre_forum_post where first=1   order by pid desc limit 6 [ RunTime:0.003000s ]
INFO: [ view_parse ] --START--
INFO: [ template_filter ] --START--
INFO: Run Behavior\ContentReplaceBehavior [ RunTime:0.000000s ]
INFO: [ template_filter ] --END-- [ RunTime:0.000000s ]
INFO: Run Behavior\ParseTemplateBehavior [ RunTime:0.051003s ]
INFO: [ view_parse ] --END-- [ RunTime:0.051003s ]
INFO: [ view_filter ] --START--
INFO: Run Behavior\WriteHtmlCacheBehavior [ RunTime:0.001000s ]
INFO: [ view_filter ] --END-- [ RunTime:0.001000s ]
INFO: [ app_end ] --START--
INFO: Run Behavior\ShowPageTraceBehavior [ RunTime:0.000000s ]
INFO: [ app_end ] --END-- [ RunTime:0.001000s ]
SQL: SHOW COLUMNS FROM `bbs_pv` [ RunTime:0.002000s ]
SQL: SELECT * FROM `bbs_pv` WHERE ( start_time='2014-12-26' ) LIMIT 1   [ RunTime:0.001000s ]
SQL: SELECT * FROM `bbs_pv` WHERE ( start_time='All' ) LIMIT 1   [ RunTime:0.001000s ]
NOTIC: [8192] mysql_connect(): The mysql extension is deprecated and will be removed in the future: use mysqli or PDO instead D:\xampp\htdocs\addbbs\ThinkPHP\Library\Think\Db\Driver\Mysql.class.php 第 52 行.
SQL: UPDATE `bbs_pv` SET `pv`=164 WHERE ( start_time='2014-12-26' ) [ RunTime:0.037002s ]
SQL: UPDATE `bbs_pv` SET `pv`=1 WHERE ( start_time='All' ) [ RunTime:0.001000s ]

[ 2014-12-26T10:34:43+08:00 ] 127.0.0.1 /addbbs/Index/index/index.html
INFO: [ app_init ] --START--
INFO: Run Behavior\BuildLiteBehavior [ RunTime:0.000000s ]
INFO: [ app_init ] --END-- [ RunTime:0.001000s ]
INFO: [ app_begin ] --START--
INFO: Run Behavior\ReadHtmlCacheBehavior [ RunTime:0.001000s ]
INFO: [ app_begin ] --END-- [ RunTime:0.001000s ]
NOTIC: [2048] Declaration of Index\Controller\IndexController::show() should be compatible with Think\Controller::show($content, $charset = '', $contentType = '', $prefix = '') D:\xampp\htdocs\addbbs\Application\Index\Controller\IndexController.class.php 第 104 行.
NOTIC: [8192] mysql_connect(): The mysql extension is deprecated and will be removed in the future: use mysqli or PDO instead D:\xampp\htdocs\addbbs\ThinkPHP\Library\Think\Db\Driver\Mysql.class.php 第 52 行.
SQL: SHOW COLUMNS FROM `bbs_nav` [ RunTime:0.002000s ]
SQL: SELECT * FROM `bbs_nav`  [ RunTime:0.001000s ]
SQL: SHOW COLUMNS FROM `bbs_employment` [ RunTime:0.003000s ]
SQL: SHOW COLUMNS FROM `bbs_class` [ RunTime:0.002000s ]
SQL: select * from bbs_article where t_id=1 [ RunTime:0.002000s ]
SQL: select * from bbs_article where t_id=2 [ RunTime:0.001000s ]
SQL: select * from bbs_article where t_id=3 and state=0 [ RunTime:0.001000s ]
SQL: select * from bbs_article where t_id=4 [ RunTime:0.002000s ]
SQL: select * from bbs_article where t_id=5 [ RunTime:0.003000s ]
SQL: select * from bbs_article where t_id=6 [ RunTime:0.002000s ]
SQL: SELECT * FROM `bbs_class` WHERE ( class_type=1 )  [ RunTime:0.001000s ]
SQL: SELECT * FROM `bbs_class` WHERE ( class_type=2 )  [ RunTime:0.001000s ]
SQL: SELECT * FROM `bbs_class` WHERE ( class_type=3 )  [ RunTime:0.002000s ]
SQL: select * from bbs_employment  limit 0,8 [ RunTime:0.001001s ]
SQL: select * from pre_forum_post where first=1   order by pid desc limit 6 [ RunTime:0.002000s ]
INFO: [ view_parse ] --START--
INFO: [ template_filter ] --START--
INFO: Run Behavior\ContentReplaceBehavior [ RunTime:0.000000s ]
INFO: [ template_filter ] --END-- [ RunTime:0.000000s ]
INFO: Run Behavior\ParseTemplateBehavior [ RunTime:0.021001s ]
INFO: [ view_parse ] --END-- [ RunTime:0.021001s ]
INFO: [ view_filter ] --START--
INFO: Run Behavior\WriteHtmlCacheBehavior [ RunTime:0.000000s ]
INFO: [ view_filter ] --END-- [ RunTime:0.000000s ]
INFO: [ app_end ] --START--
INFO: Run Behavior\ShowPageTraceBehavior [ RunTime:0.000000s ]
INFO: [ app_end ] --END-- [ RunTime:0.001000s ]
SQL: SHOW COLUMNS FROM `bbs_pv` [ RunTime:0.002000s ]
SQL: SELECT * FROM `bbs_pv` WHERE ( start_time='2014-12-26' ) LIMIT 1   [ RunTime:0.001000s ]
SQL: SELECT * FROM `bbs_pv` WHERE ( start_time='All' ) LIMIT 1   [ RunTime:0.001000s ]
NOTIC: [8192] mysql_connect(): The mysql extension is deprecated and will be removed in the future: use mysqli or PDO instead D:\xampp\htdocs\addbbs\ThinkPHP\Library\Think\Db\Driver\Mysql.class.php 第 52 行.
SQL: UPDATE `bbs_pv` SET `pv`=165 WHERE ( start_time='2014-12-26' ) [ RunTime:0.012001s ]
SQL: UPDATE `bbs_pv` SET `pv`=1 WHERE ( start_time='All' ) [ RunTime:0.002000s ]

[ 2014-12-26T10:35:01+08:00 ] 127.0.0.1 /addbbs/Index/index/index.html
INFO: [ app_init ] --START--
INFO: Run Behavior\BuildLiteBehavior [ RunTime:0.000000s ]
INFO: [ app_init ] --END-- [ RunTime:0.000000s ]
INFO: [ app_begin ] --START--
INFO: Run Behavior\ReadHtmlCacheBehavior [ RunTime:0.001000s ]
INFO: [ app_begin ] --END-- [ RunTime:0.001000s ]
NOTIC: [2048] Declaration of Index\Controller\IndexController::show() should be compatible with Think\Controller::show($content, $charset = '', $contentType = '', $prefix = '') D:\xampp\htdocs\addbbs\Application\Index\Controller\IndexController.class.php 第 104 行.
NOTIC: [8192] mysql_connect(): The mysql extension is deprecated and will be removed in the future: use mysqli or PDO instead D:\xampp\htdocs\addbbs\ThinkPHP\Library\Think\Db\Driver\Mysql.class.php 第 52 行.
SQL: SHOW COLUMNS FROM `bbs_nav` [ RunTime:0.006000s ]
SQL: SELECT * FROM `bbs_nav`  [ RunTime:0.002000s ]
SQL: SHOW COLUMNS FROM `bbs_employment` [ RunTime:0.003000s ]
SQL: SHOW COLUMNS FROM `bbs_class` [ RunTime:0.005001s ]
SQL: select * from bbs_article where t_id=1 [ RunTime:0.002000s ]
SQL: select * from bbs_article where t_id=2 [ RunTime:0.002000s ]
SQL: select * from bbs_article where t_id=3 and state=0 [ RunTime:0.002000s ]
SQL: select * from bbs_article where t_id=4 [ RunTime:0.003000s ]
SQL: select * from bbs_article where t_id=5 [ RunTime:0.004000s ]
SQL: select * from bbs_article where t_id=6 [ RunTime:0.003001s ]
SQL: SELECT * FROM `bbs_class` WHERE ( class_type=1 )  [ RunTime:0.003000s ]
SQL: SELECT * FROM `bbs_class` WHERE ( class_type=2 )  [ RunTime:0.005000s ]
SQL: SELECT * FROM `bbs_class` WHERE ( class_type=3 )  [ RunTime:0.003000s ]
SQL: select * from bbs_employment  limit 0,8 [ RunTime:0.002000s ]
SQL: select * from pre_forum_post where first=1   order by pid desc limit 6 [ RunTime:0.002000s ]
INFO: [ view_parse ] --START--
INFO: [ template_filter ] --START--
INFO: Run Behavior\ContentReplaceBehavior [ RunTime:0.001000s ]
INFO: [ template_filter ] --END-- [ RunTime:0.001000s ]
INFO: Run Behavior\ParseTemplateBehavior [ RunTime:0.022001s ]
INFO: [ view_parse ] --END-- [ RunTime:0.022001s ]
INFO: [ view_filter ] --START--
INFO: Run Behavior\WriteHtmlCacheBehavior [ RunTime:0.001000s ]
INFO: [ view_filter ] --END-- [ RunTime:0.001000s ]
INFO: [ app_end ] --START--
INFO: Run Behavior\ShowPageTraceBehavior [ RunTime:0.001000s ]
INFO: [ app_end ] --END-- [ RunTime:0.001000s ]
SQL: SHOW COLUMNS FROM `bbs_pv` [ RunTime:0.003000s ]
SQL: SELECT * FROM `bbs_pv` WHERE ( start_time='2014-12-26' ) LIMIT 1   [ RunTime:0.001000s ]
SQL: SELECT * FROM `bbs_pv` WHERE ( start_time='All' ) LIMIT 1   [ RunTime:0.001000s ]
NOTIC: [8192] mysql_connect(): The mysql extension is deprecated and will be removed in the future: use mysqli or PDO instead D:\xampp\htdocs\addbbs\ThinkPHP\Library\Think\Db\Driver\Mysql.class.php 第 52 行.
SQL: UPDATE `bbs_pv` SET `pv`=166 WHERE ( start_time='2014-12-26' ) [ RunTime:0.049003s ]
SQL: UPDATE `bbs_pv` SET `pv`=1 WHERE ( start_time='All' ) [ RunTime:0.001000s ]

[ 2014-12-26T10:35:22+08:00 ] 127.0.0.1 /addbbs/Index/index/index.html
INFO: [ app_init ] --START--
INFO: Run Behavior\BuildLiteBehavior [ RunTime:0.000000s ]
INFO: [ app_init ] --END-- [ RunTime:0.001000s ]
INFO: [ app_begin ] --START--
INFO: Run Behavior\ReadHtmlCacheBehavior [ RunTime:0.001000s ]
INFO: [ app_begin ] --END-- [ RunTime:0.001000s ]
NOTIC: [2048] Declaration of Index\Controller\IndexController::show() should be compatible with Think\Controller::show($content, $charset = '', $contentType = '', $prefix = '') D:\xampp\htdocs\addbbs\Application\Index\Controller\IndexController.class.php 第 104 行.
NOTIC: [8192] mysql_connect(): The mysql extension is deprecated and will be removed in the future: use mysqli or PDO instead D:\xampp\htdocs\addbbs\ThinkPHP\Library\Think\Db\Driver\Mysql.class.php 第 52 行.
SQL: SHOW COLUMNS FROM `bbs_nav` [ RunTime:0.002000s ]
SQL: SELECT * FROM `bbs_nav`  [ RunTime:0.001000s ]
SQL: SHOW COLUMNS FROM `bbs_employment` [ RunTime:0.032002s ]
SQL: SHOW COLUMNS FROM `bbs_class` [ RunTime:0.004000s ]
SQL: select * from bbs_article where t_id=1 [ RunTime:0.003000s ]
SQL: select * from bbs_article where t_id=2 [ RunTime:0.002000s ]
SQL: select * from bbs_article where t_id=3 and state=0 [ RunTime:0.001000s ]
SQL: select * from bbs_article where t_id=4 [ RunTime:0.002000s ]
SQL: select * from bbs_article where t_id=5 [ RunTime:0.004001s ]
SQL: select * from bbs_article where t_id=6 [ RunTime:0.003000s ]
SQL: SELECT * FROM `bbs_class` WHERE ( class_type=1 )  [ RunTime:0.001000s ]
SQL: SELECT * FROM `bbs_class` WHERE ( class_type=2 )  [ RunTime:0.001000s ]
SQL: SELECT * FROM `bbs_class` WHERE ( class_type=3 )  [ RunTime:0.001000s ]
SQL: select * from bbs_employment  limit 0,8 [ RunTime:0.002000s ]
SQL: select * from pre_forum_post where first=1   order by pid desc limit 6 [ RunTime:0.011001s ]
INFO: [ view_parse ] --START--
INFO: [ template_filter ] --START--
INFO: Run Behavior\ContentReplaceBehavior [ RunTime:0.000000s ]
INFO: [ template_filter ] --END-- [ RunTime:0.000000s ]
INFO: Run Behavior\ParseTemplateBehavior [ RunTime:0.033002s ]
INFO: [ view_parse ] --END-- [ RunTime:0.033002s ]
INFO: [ view_filter ] --START--
INFO: Run Behavior\WriteHtmlCacheBehavior [ RunTime:0.001000s ]
INFO: [ view_filter ] --END-- [ RunTime:0.001000s ]
INFO: [ app_end ] --START--
INFO: Run Behavior\ShowPageTraceBehavior [ RunTime:0.001000s ]
INFO: [ app_end ] --END-- [ RunTime:0.001000s ]
SQL: SHOW COLUMNS FROM `bbs_pv` [ RunTime:0.005000s ]
SQL: SELECT * FROM `bbs_pv` WHERE ( start_time='2014-12-26' ) LIMIT 1   [ RunTime:0.003000s ]
SQL: SELECT * FROM `bbs_pv` WHERE ( start_time='All' ) LIMIT 1   [ RunTime:0.001000s ]
NOTIC: [8192] mysql_connect(): The mysql extension is deprecated and will be removed in the future: use mysqli or PDO instead D:\xampp\htdocs\addbbs\ThinkPHP\Library\Think\Db\Driver\Mysql.class.php 第 52 行.
SQL: UPDATE `bbs_pv` SET `pv`=168 WHERE ( start_time='2014-12-26' ) [ RunTime:0.007001s ]
SQL: UPDATE `bbs_pv` SET `pv`=1 WHERE ( start_time='All' ) [ RunTime:0.007000s ]

[ 2014-12-26T10:35:36+08:00 ] 127.0.0.1 /addbbs/Index/index/index.html
INFO: [ app_init ] --START--
INFO: Run Behavior\BuildLiteBehavior [ RunTime:0.000000s ]
INFO: [ app_init ] --END-- [ RunTime:0.000000s ]
INFO: [ app_begin ] --START--
INFO: Run Behavior\ReadHtmlCacheBehavior [ RunTime:0.001000s ]
INFO: [ app_begin ] --END-- [ RunTime:0.001000s ]
NOTIC: [2048] Declaration of Index\Controller\IndexController::show() should be compatible with Think\Controller::show($content, $charset = '', $contentType = '', $prefix = '') D:\xampp\htdocs\addbbs\Application\Index\Controller\IndexController.class.php 第 104 行.
NOTIC: [8192] mysql_connect(): The mysql extension is deprecated and will be removed in the future: use mysqli or PDO instead D:\xampp\htdocs\addbbs\ThinkPHP\Library\Think\Db\Driver\Mysql.class.php 第 52 行.
SQL: SHOW COLUMNS FROM `bbs_nav` [ RunTime:0.003000s ]
SQL: SELECT * FROM `bbs_nav`  [ RunTime:0.001000s ]
SQL: SHOW COLUMNS FROM `bbs_employment` [ RunTime:0.004001s ]
SQL: SHOW COLUMNS FROM `bbs_class` [ RunTime:0.003000s ]
SQL: select * from bbs_article where t_id=1 [ RunTime:0.002000s ]
SQL: select * from bbs_article where t_id=2 [ RunTime:0.002000s ]
SQL: select * from bbs_article where t_id=3 and state=0 [ RunTime:0.001000s ]
SQL: select * from bbs_article where t_id=4 [ RunTime:0.002000s ]
SQL: select * from bbs_article where t_id=5 [ RunTime:0.003000s ]
SQL: select * from bbs_article where t_id=6 [ RunTime:0.003001s ]
SQL: SELECT * FROM `bbs_class` WHERE ( class_type=1 )  [ RunTime:0.001000s ]
SQL: SELECT * FROM `bbs_class` WHERE ( class_type=2 )  [ RunTime:0.001000s ]
SQL: SELECT * FROM `bbs_class` WHERE ( class_type=3 )  [ RunTime:0.001000s ]
SQL: select * from bbs_employment  limit 0,8 [ RunTime:0.001000s ]
SQL: select * from pre_forum_post where first=1   order by pid desc limit 6 [ RunTime:0.002000s ]
INFO: [ view_parse ] --START--
INFO: [ template_filter ] --START--
INFO: Run Behavior\ContentReplaceBehavior [ RunTime:0.001000s ]
INFO: [ template_filter ] --END-- [ RunTime:0.001000s ]
INFO: Run Behavior\ParseTemplateBehavior [ RunTime:0.022001s ]
INFO: [ view_parse ] --END-- [ RunTime:0.022001s ]
INFO: [ view_filter ] --START--
INFO: Run Behavior\WriteHtmlCacheBehavior [ RunTime:0.001000s ]
INFO: [ view_filter ] --END-- [ RunTime:0.001000s ]
INFO: [ app_end ] --START--
INFO: Run Behavior\ShowPageTraceBehavior [ RunTime:0.001000s ]
INFO: [ app_end ] --END-- [ RunTime:0.001000s ]
SQL: SHOW COLUMNS FROM `bbs_pv` [ RunTime:0.004001s ]
SQL: SELECT * FROM `bbs_pv` WHERE ( start_time='2014-12-26' ) LIMIT 1   [ RunTime:0.001000s ]
SQL: SELECT * FROM `bbs_pv` WHERE ( start_time='All' ) LIMIT 1   [ RunTime:0.001000s ]
NOTIC: [8192] mysql_connect(): The mysql extension is deprecated and will be removed in the future: use mysqli or PDO instead D:\xampp\htdocs\addbbs\ThinkPHP\Library\Think\Db\Driver\Mysql.class.php 第 52 行.
SQL: UPDATE `bbs_pv` SET `pv`=170 WHERE ( start_time='2014-12-26' ) [ RunTime:0.009000s ]
SQL: UPDATE `bbs_pv` SET `pv`=1 WHERE ( start_time='All' ) [ RunTime:0.001000s ]

[ 2014-12-26T10:35:48+08:00 ] 127.0.0.1 /addbbs/Index/index/index.html
INFO: [ app_init ] --START--
INFO: Run Behavior\BuildLiteBehavior [ RunTime:0.000000s ]
INFO: [ app_init ] --END-- [ RunTime:0.001000s ]
INFO: [ app_begin ] --START--
INFO: Run Behavior\ReadHtmlCacheBehavior [ RunTime:0.000000s ]
INFO: [ app_begin ] --END-- [ RunTime:0.000000s ]
NOTIC: [2048] Declaration of Index\Controller\IndexController::show() should be compatible with Think\Controller::show($content, $charset = '', $contentType = '', $prefix = '') D:\xampp\htdocs\addbbs\Application\Index\Controller\IndexController.class.php 第 104 行.
NOTIC: [8192] mysql_connect(): The mysql extension is deprecated and will be removed in the future: use mysqli or PDO instead D:\xampp\htdocs\addbbs\ThinkPHP\Library\Think\Db\Driver\Mysql.class.php 第 52 行.
SQL: SHOW COLUMNS FROM `bbs_nav` [ RunTime:0.003001s ]
SQL: SELECT * FROM `bbs_nav`  [ RunTime:0.001000s ]
SQL: SHOW COLUMNS FROM `bbs_employment` [ RunTime:0.002000s ]
SQL: SHOW COLUMNS FROM `bbs_class` [ RunTime:0.002000s ]
SQL: select * from bbs_article where t_id=1 [ RunTime:0.002000s ]
SQL: select * from bbs_article where t_id=2 [ RunTime:0.002000s ]
SQL: select * from bbs_article where t_id=3 and state=0 [ RunTime:0.001000s ]
SQL: select * from bbs_article where t_id=4 [ RunTime:0.002000s ]
SQL: select * from bbs_article where t_id=5 [ RunTime:0.002001s ]
SQL: select * from bbs_article where t_id=6 [ RunTime:0.003000s ]
SQL: SELECT * FROM `bbs_class` WHERE ( class_type=1 )  [ RunTime:0.001000s ]
SQL: SELECT * FROM `bbs_class` WHERE ( class_type=2 )  [ RunTime:0.001000s ]
SQL: SELECT * FROM `bbs_class` WHERE ( class_type=3 )  [ RunTime:0.001000s ]
SQL: select * from bbs_employment  limit 0,8 [ RunTime:0.002000s ]
SQL: select * from pre_forum_post where first=1   order by pid desc limit 6 [ RunTime:0.003000s ]
INFO: [ view_parse ] --START--
INFO: [ template_filter ] --START--
INFO: Run Behavior\ContentReplaceBehavior [ RunTime:0.000000s ]
INFO: [ template_filter ] --END-- [ RunTime:0.000000s ]
INFO: Run Behavior\ParseTemplateBehavior [ RunTime:0.021001s ]
INFO: [ view_parse ] --END-- [ RunTime:0.021001s ]
INFO: [ view_filter ] --START--
INFO: Run Behavior\WriteHtmlCacheBehavior [ RunTime:0.001000s ]
INFO: [ view_filter ] --END-- [ RunTime:0.001000s ]
INFO: [ app_end ] --START--
INFO: Run Behavior\ShowPageTraceBehavior [ RunTime:0.004001s ]
INFO: [ app_end ] --END-- [ RunTime:0.004001s ]
SQL: SHOW COLUMNS FROM `bbs_pv` [ RunTime:0.003000s ]
SQL: SELECT * FROM `bbs_pv` WHERE ( start_time='2014-12-26' ) LIMIT 1   [ RunTime:0.003000s ]
SQL: SELECT * FROM `bbs_pv` WHERE ( start_time='All' ) LIMIT 1   [ RunTime:0.003000s ]
NOTIC: [8192] mysql_connect(): The mysql extension is deprecated and will be removed in the future: use mysqli or PDO instead D:\xampp\htdocs\addbbs\ThinkPHP\Library\Think\Db\Driver\Mysql.class.php 第 52 行.
SQL: UPDATE `bbs_pv` SET `pv`=171 WHERE ( start_time='2014-12-26' ) [ RunTime:0.062004s ]
SQL: UPDATE `bbs_pv` SET `pv`=1 WHERE ( start_time='All' ) [ RunTime:0.002000s ]

[ 2014-12-26T10:56:19+08:00 ] 127.0.0.1 /addbbs/Index/index/index.html
INFO: [ app_init ] --START--
INFO: Run Behavior\BuildLiteBehavior [ RunTime:0.000000s ]
INFO: [ app_init ] --END-- [ RunTime:0.000000s ]
INFO: [ app_begin ] --START--
INFO: Run Behavior\ReadHtmlCacheBehavior [ RunTime:0.001000s ]
INFO: [ app_begin ] --END-- [ RunTime:0.001000s ]
NOTIC: [2048] Declaration of Index\Controller\IndexController::show() should be compatible with Think\Controller::show($content, $charset = '', $contentType = '', $prefix = '') D:\xampp\htdocs\addbbs\Application\Index\Controller\IndexController.class.php 第 104 行.
NOTIC: [8192] mysql_connect(): The mysql extension is deprecated and will be removed in the future: use mysqli or PDO instead D:\xampp\htdocs\addbbs\ThinkPHP\Library\Think\Db\Driver\Mysql.class.php 第 52 行.
SQL: SHOW COLUMNS FROM `bbs_nav` [ RunTime:0.002000s ]
SQL: SELECT * FROM `bbs_nav`  [ RunTime:0.001000s ]
SQL: SHOW COLUMNS FROM `bbs_employment` [ RunTime:0.003001s ]
SQL: SHOW COLUMNS FROM `bbs_class` [ RunTime:0.004000s ]
SQL: select * from bbs_article where t_id=1 [ RunTime:0.002000s ]
SQL: select * from bbs_article where t_id=2 [ RunTime:0.002000s ]
SQL: select * from bbs_article where t_id=3 and state=0 [ RunTime:0.001000s ]
SQL: select * from bbs_article where t_id=4 [ RunTime:0.002000s ]
SQL: select * from bbs_article where t_id=5 [ RunTime:0.003000s ]
SQL: select * from bbs_article where t_id=6 [ RunTime:0.003001s ]
SQL: SELECT * FROM `bbs_class` WHERE ( class_type=1 )  [ RunTime:0.002000s ]
SQL: SELECT * FROM `bbs_class` WHERE ( class_type=2 )  [ RunTime:0.001000s ]
SQL: SELECT * FROM `bbs_class` WHERE ( class_type=3 )  [ RunTime:0.001000s ]
SQL: select * from bbs_employment  limit 0,8 [ RunTime:0.001000s ]
SQL: select * from pre_forum_post where first=1   order by pid desc limit 6 [ RunTime:0.003000s ]
INFO: [ view_parse ] --START--
INFO: [ template_filter ] --START--
INFO: Run Behavior\ContentReplaceBehavior [ RunTime:0.000000s ]
INFO: [ template_filter ] --END-- [ RunTime:0.000000s ]
INFO: Run Behavior\ParseTemplateBehavior [ RunTime:0.026002s ]
INFO: [ view_parse ] --END-- [ RunTime:0.026002s ]
INFO: [ view_filter ] --START--
INFO: Run Behavior\WriteHtmlCacheBehavior [ RunTime:0.001000s ]
INFO: [ view_filter ] --END-- [ RunTime:0.001000s ]
INFO: [ app_end ] --START--
INFO: Run Behavior\ShowPageTraceBehavior [ RunTime:0.001000s ]
INFO: [ app_end ] --END-- [ RunTime:0.001000s ]
SQL: SHOW COLUMNS FROM `bbs_pv` [ RunTime:0.003000s ]
SQL: SELECT * FROM `bbs_pv` WHERE ( start_time='2014-12-26' ) LIMIT 1   [ RunTime:0.002000s ]
SQL: SELECT * FROM `bbs_pv` WHERE ( start_time='All' ) LIMIT 1   [ RunTime:0.001000s ]
NOTIC: [8192] mysql_connect(): The mysql extension is deprecated and will be removed in the future: use mysqli or PDO instead D:\xampp\htdocs\addbbs\ThinkPHP\Library\Think\Db\Driver\Mysql.class.php 第 52 行.
SQL: UPDATE `bbs_pv` SET `pv`=207 WHERE ( start_time='2014-12-26' ) [ RunTime:0.008000s ]
SQL: UPDATE `bbs_pv` SET `pv`=1 WHERE ( start_time='All' ) [ RunTime:0.002000s ]

[ 2014-12-26T11:04:03+08:00 ] 127.0.0.1 /addbbs/
INFO: [ app_init ] --START--
INFO: Run Behavior\BuildLiteBehavior [ RunTime:0.000000s ]
INFO: [ app_init ] --END-- [ RunTime:0.000000s ]
INFO: [ app_begin ] --START--
INFO: Run Behavior\ReadHtmlCacheBehavior [ RunTime:0.001000s ]
INFO: [ app_begin ] --END-- [ RunTime:0.001000s ]
NOTIC: [2048] Declaration of Index\Controller\IndexController::show() should be compatible with Think\Controller::show($content, $charset = '', $contentType = '', $prefix = '') D:\xampp\htdocs\addbbs\Application\Index\Controller\IndexController.class.php 第 104 行.
NOTIC: [8192] mysql_connect(): The mysql extension is deprecated and will be removed in the future: use mysqli or PDO instead D:\xampp\htdocs\addbbs\ThinkPHP\Library\Think\Db\Driver\Mysql.class.php 第 52 行.
SQL: SHOW COLUMNS FROM `bbs_nav` [ RunTime:0.003000s ]
SQL: SELECT * FROM `bbs_nav`  [ RunTime:0.001000s ]
SQL: SHOW COLUMNS FROM `bbs_employment` [ RunTime:0.004000s ]
SQL: SHOW COLUMNS FROM `bbs_class` [ RunTime:0.003001s ]
SQL: select * from bbs_article where t_id=1 [ RunTime:0.002000s ]
SQL: select * from bbs_article where t_id=2 [ RunTime:0.001000s ]
SQL: select * from bbs_article where t_id=3 and state=0 [ RunTime:0.001000s ]
SQL: select * from bbs_article where t_id=4 [ RunTime:0.001000s ]
SQL: select * from bbs_article where t_id=5 [ RunTime:0.003000s ]
SQL: select * from bbs_article where t_id=6 [ RunTime:0.003000s ]
SQL: SELECT * FROM `bbs_class` WHERE ( class_type=1 )  [ RunTime:0.002000s ]
SQL: SELECT * FROM `bbs_class` WHERE ( class_type=2 )  [ RunTime:0.002001s ]
SQL: SELECT * FROM `bbs_class` WHERE ( class_type=3 )  [ RunTime:0.002000s ]
SQL: select * from bbs_employment  limit 0,8 [ RunTime:0.001000s ]
SQL: select * from pre_forum_post where first=1   order by pid desc limit 6 [ RunTime:0.002000s ]
INFO: [ view_parse ] --START--
INFO: [ template_filter ] --START--
INFO: Run Behavior\ContentReplaceBehavior [ RunTime:0.000000s ]
INFO: [ template_filter ] --END-- [ RunTime:0.000000s ]
INFO: Run Behavior\ParseTemplateBehavior [ RunTime:0.025001s ]
INFO: [ view_parse ] --END-- [ RunTime:0.025001s ]
INFO: [ view_filter ] --START--
INFO: Run Behavior\WriteHtmlCacheBehavior [ RunTime:0.001000s ]
INFO: [ view_filter ] --END-- [ RunTime:0.001000s ]
INFO: [ app_end ] --START--
INFO: Run Behavior\ShowPageTraceBehavior [ RunTime:0.001001s ]
INFO: [ app_end ] --END-- [ RunTime:0.002001s ]
SQL: SHOW COLUMNS FROM `bbs_pv` [ RunTime:0.013000s ]
SQL: SELECT * FROM `bbs_pv` WHERE ( start_time='2014-12-26' ) LIMIT 1   [ RunTime:0.003000s ]
SQL: SELECT * FROM `bbs_pv` WHERE ( start_time='All' ) LIMIT 1   [ RunTime:0.002001s ]
NOTIC: [8192] mysql_connect(): The mysql extension is deprecated and will be removed in the future: use mysqli or PDO instead D:\xampp\htdocs\addbbs\ThinkPHP\Library\Think\Db\Driver\Mysql.class.php 第 52 行.
SQL: UPDATE `bbs_pv` SET `pv`=213 WHERE ( start_time='2014-12-26' ) [ RunTime:0.010001s ]
SQL: UPDATE `bbs_pv` SET `pv`=1 WHERE ( start_time='All' ) [ RunTime:0.004000s ]

[ 2014-12-26T11:07:46+08:00 ] 127.0.0.1 /addbbs/
INFO: [ app_init ] --START--
INFO: Run Behavior\BuildLiteBehavior [ RunTime:0.000000s ]
INFO: [ app_init ] --END-- [ RunTime:0.001000s ]
INFO: [ app_begin ] --START--
INFO: Run Behavior\ReadHtmlCacheBehavior [ RunTime:0.001000s ]
INFO: [ app_begin ] --END-- [ RunTime:0.001000s ]
NOTIC: [2048] Declaration of Index\Controller\IndexController::show() should be compatible with Think\Controller::show($content, $charset = '', $contentType = '', $prefix = '') D:\xampp\htdocs\addbbs\Application\Index\Controller\IndexController.class.php 第 104 行.
NOTIC: [8192] mysql_connect(): The mysql extension is deprecated and will be removed in the future: use mysqli or PDO instead D:\xampp\htdocs\addbbs\ThinkPHP\Library\Think\Db\Driver\Mysql.class.php 第 52 行.
SQL: SHOW COLUMNS FROM `bbs_nav` [ RunTime:0.002000s ]
SQL: SELECT * FROM `bbs_nav`  [ RunTime:0.001001s ]
SQL: SHOW COLUMNS FROM `bbs_employment` [ RunTime:0.003000s ]
SQL: SHOW COLUMNS FROM `bbs_class` [ RunTime:0.003000s ]
SQL: select * from bbs_article where t_id=1 [ RunTime:0.003000s ]
SQL: select * from bbs_article where t_id=2 [ RunTime:0.002000s ]
SQL: select * from bbs_article where t_id=3 and state=0 [ RunTime:0.001000s ]
SQL: select * from bbs_article where t_id=4 [ RunTime:0.002000s ]
SQL: select * from bbs_article where t_id=5 [ RunTime:0.003000s ]
SQL: select * from bbs_article where t_id=6 [ RunTime:0.002001s ]
SQL: SELECT * FROM `bbs_class` WHERE ( class_type=1 )  [ RunTime:0.001000s ]
SQL: SELECT * FROM `bbs_class` WHERE ( class_type=2 )  [ RunTime:0.001000s ]
SQL: SELECT * FROM `bbs_class` WHERE ( class_type=3 )  [ RunTime:0.001000s ]
SQL: select * from bbs_employment  limit 0,8 [ RunTime:0.001000s ]
SQL: select * from pre_forum_post where first=1   order by pid desc limit 6 [ RunTime:0.002000s ]
INFO: [ view_parse ] --START--
INFO: [ template_filter ] --START--
INFO: Run Behavior\ContentReplaceBehavior [ RunTime:0.000000s ]
INFO: [ template_filter ] --END-- [ RunTime:0.000000s ]
INFO: Run Behavior\ParseTemplateBehavior [ RunTime:0.029002s ]
INFO: [ view_parse ] --END-- [ RunTime:0.029002s ]
INFO: [ view_filter ] --START--
INFO: Run Behavior\WriteHtmlCacheBehavior [ RunTime:0.001000s ]
INFO: [ view_filter ] --END-- [ RunTime:0.001000s ]
INFO: [ app_end ] --START--
INFO: Run Behavior\ShowPageTraceBehavior [ RunTime:0.001000s ]
INFO: [ app_end ] --END-- [ RunTime:0.001000s ]
SQL: SHOW COLUMNS FROM `bbs_pv` [ RunTime:0.003000s ]
SQL: SELECT * FROM `bbs_pv` WHERE ( start_time='2014-12-26' ) LIMIT 1   [ RunTime:0.002000s ]
SQL: SELECT * FROM `bbs_pv` WHERE ( start_time='All' ) LIMIT 1   [ RunTime:0.002000s ]
NOTIC: [8192] mysql_connect(): The mysql extension is deprecated and will be removed in the future: use mysqli or PDO instead D:\xampp\htdocs\addbbs\ThinkPHP\Library\Think\Db\Driver\Mysql.class.php 第 52 行.
SQL: UPDATE `bbs_pv` SET `pv`=226 WHERE ( start_time='2014-12-26' ) [ RunTime:0.025002s ]
SQL: UPDATE `bbs_pv` SET `pv`=1 WHERE ( start_time='All' ) [ RunTime:0.003000s ]

