[ 2014-12-30T08:16:08+08:00 ] 127.0.0.1 /
INFO: [ app_init ] --START--
INFO: Run Behavior\BuildLiteBehavior [ RunTime:0.000000s ]
INFO: [ app_init ] --END-- [ RunTime:0.042002s ]
INFO: [ app_begin ] --START--
INFO: Run Behavior\ReadHtmlCacheBehavior [ RunTime:0.002000s ]
INFO: [ app_begin ] --END-- [ RunTime:0.003000s ]
NOTIC: [2048] Declaration of Index\Controller\IndexController::show() should be compatible with Think\Controller::show($content, $charset = '', $contentType = '', $prefix = '') D:\bbs\Application\Index\Controller\IndexController.class.php 第 104 行.
NOTIC: [8192] mysql_connect(): The mysql extension is deprecated and will be removed in the future: use mysqli or PDO instead D:\bbs\ThinkPHP\Library\Think\Db\Driver\Mysql.class.php 第 52 行.
SQL: SHOW COLUMNS FROM `bbs_nav` [ RunTime:0.017001s ]
SQL: SELECT * FROM `bbs_nav`  [ RunTime:0.001000s ]
SQL: SHOW COLUMNS FROM `bbs_employment` [ RunTime:0.003001s ]
SQL: SHOW COLUMNS FROM `bbs_class` [ RunTime:0.003000s ]
SQL: select * from bbs_article where t_id=1 [ RunTime:0.001000s ]
SQL: select * from bbs_article where t_id=2 [ RunTime:0.001000s ]
SQL: select * from bbs_article where t_id=3 and state=0 [ RunTime:0.002000s ]
SQL: select * from bbs_article where t_id=4 [ RunTime:0.001000s ]
SQL: select * from bbs_article where t_id=5 [ RunTime:0.005000s ]
SQL: select * from bbs_article where t_id=6 [ RunTime:0.003001s ]
SQL: SELECT * FROM `bbs_class` WHERE ( class_type=1 )  [ RunTime:0.001000s ]
SQL: SELECT * FROM `bbs_class` WHERE ( class_type=2 )  [ RunTime:0.001000s ]
SQL: SELECT * FROM `bbs_class` WHERE ( class_type=3 )  [ RunTime:0.001000s ]
SQL: select * from bbs_employment  limit 0,8 [ RunTime:0.001000s ]
SQL: select * from pre_forum_post where first=1   order by pid desc limit 6 [ RunTime:0.003000s ]
INFO: [ view_parse ] --START--
INFO: [ template_filter ] --START--
INFO: Run Behavior\ContentReplaceBehavior [ RunTime:0.000000s ]
INFO: [ template_filter ] --END-- [ RunTime:0.001000s ]
INFO: Run Behavior\ParseTemplateBehavior [ RunTime:0.097006s ]
INFO: [ view_parse ] --END-- [ RunTime:0.099006s ]
INFO: [ view_filter ] --START--
INFO: Run Behavior\WriteHtmlCacheBehavior [ RunTime:0.011000s ]
INFO: [ view_filter ] --END-- [ RunTime:0.011000s ]
INFO: [ app_end ] --START--
INFO: Run Behavior\ShowPageTraceBehavior [ RunTime:0.003001s ]
INFO: [ app_end ] --END-- [ RunTime:0.003001s ]
SQL: SHOW COLUMNS FROM `bbs_pv` [ RunTime:0.003000s ]
SQL: SELECT * FROM `bbs_pv` WHERE ( start_time='2014-12-30' ) LIMIT 1   [ RunTime:0.001000s ]
SQL: SELECT * FROM `bbs_pv` WHERE ( start_time='All' ) LIMIT 1   [ RunTime:0.002000s ]
NOTIC: [8192] mysql_connect(): The mysql extension is deprecated and will be removed in the future: use mysqli or PDO instead D:\bbs\ThinkPHP\Library\Think\Db\Driver\Mysql.class.php 第 52 行.
SQL: UPDATE `bbs_pv` SET `pv`=3 WHERE ( start_time='2014-12-30' ) [ RunTime:0.007000s ]
SQL: UPDATE `bbs_pv` SET `pv`=1 WHERE ( start_time='All' ) [ RunTime:0.047003s ]

[ 2014-12-30T08:16:11+08:00 ] 127.0.0.1 /Index/teacher/index.html
INFO: [ app_init ] --START--
INFO: Run Behavior\BuildLiteBehavior [ RunTime:0.000000s ]
INFO: [ app_init ] --END-- [ RunTime:0.000000s ]
INFO: [ app_begin ] --START--
INFO: Run Behavior\ReadHtmlCacheBehavior [ RunTime:0.001000s ]
INFO: [ app_begin ] --END-- [ RunTime:0.001000s ]
NOTIC: [2048] Declaration of Index\Controller\IndexController::show() should be compatible with Think\Controller::show($content, $charset = '', $contentType = '', $prefix = '') D:\bbs\Application\Index\Controller\IndexController.class.php 第 104 行.
NOTIC: [8192] mysql_connect(): The mysql extension is deprecated and will be removed in the future: use mysqli or PDO instead D:\bbs\ThinkPHP\Library\Think\Db\Driver\Mysql.class.php 第 52 行.
SQL: SHOW COLUMNS FROM `bbs_nav` [ RunTime:0.002000s ]
SQL: SELECT * FROM `bbs_nav`  [ RunTime:0.001000s ]
SQL: SHOW COLUMNS FROM `bbs_teacher` [ RunTime:0.067004s ]
SQL: SELECT * FROM bbs_teacher tea,bbs_teacher_cate cate WHERE ( tea.cate_id=cate.cate_id ) ORDER BY t_id asc  [ RunTime:0.197011s ]
INFO: [ view_parse ] --START--
INFO: [ template_filter ] --START--
INFO: Run Behavior\ContentReplaceBehavior [ RunTime:0.000000s ]
INFO: [ template_filter ] --END-- [ RunTime:0.000000s ]
NOTIC: [8] Undefined variable: page D:\bbs\Application\Runtime\Cache\Index\0fa547d45531922e8e75f8944444c53d.php 第 79 行.
INFO: Run Behavior\ParseTemplateBehavior [ RunTime:0.041002s ]
INFO: [ view_parse ] --END-- [ RunTime:0.041002s ]
INFO: [ view_filter ] --START--
INFO: Run Behavior\WriteHtmlCacheBehavior [ RunTime:0.001000s ]
INFO: [ view_filter ] --END-- [ RunTime:0.001000s ]
INFO: [ app_end ] --START--
INFO: Run Behavior\ShowPageTraceBehavior [ RunTime:0.001000s ]
INFO: [ app_end ] --END-- [ RunTime:0.001000s ]
SQL: SHOW COLUMNS FROM `bbs_pv` [ RunTime:0.020001s ]
SQL: SELECT * FROM `bbs_pv` WHERE ( start_time='2014-12-30' ) LIMIT 1   [ RunTime:0.002000s ]
SQL: SELECT * FROM `bbs_pv` WHERE ( start_time='All' ) LIMIT 1   [ RunTime:0.001000s ]
NOTIC: [8192] mysql_connect(): The mysql extension is deprecated and will be removed in the future: use mysqli or PDO instead D:\bbs\ThinkPHP\Library\Think\Db\Driver\Mysql.class.php 第 52 行.
SQL: UPDATE `bbs_pv` SET `pv`=4 WHERE ( start_time='2014-12-30' ) [ RunTime:0.006000s ]
SQL: UPDATE `bbs_pv` SET `pv`=1 WHERE ( start_time='All' ) [ RunTime:0.003001s ]

[ 2014-12-30T08:16:18+08:00 ] 127.0.0.1 /Index/apiuser/
INFO: [ app_init ] --START--
INFO: Run Behavior\BuildLiteBehavior [ RunTime:0.001000s ]
INFO: [ app_init ] --END-- [ RunTime:0.001000s ]
INFO: [ app_begin ] --START--
INFO: Run Behavior\ReadHtmlCacheBehavior [ RunTime:0.001001s ]
INFO: [ app_begin ] --END-- [ RunTime:0.001001s ]
ERR: 非法操作:index

[ 2014-12-30T08:16:24+08:00 ] 127.0.0.1 /Index/apiuser/user_show
INFO: [ app_init ] --START--
INFO: Run Behavior\BuildLiteBehavior [ RunTime:0.000000s ]
INFO: [ app_init ] --END-- [ RunTime:0.001000s ]
INFO: [ app_begin ] --START--
INFO: Run Behavior\ReadHtmlCacheBehavior [ RunTime:0.001000s ]
INFO: [ app_begin ] --END-- [ RunTime:0.001000s ]
NOTIC: [8192] mysql_connect(): The mysql extension is deprecated and will be removed in the future: use mysqli or PDO instead D:\bbs\ThinkPHP\Library\Think\Db\Driver\Mysql.class.php 第 52 行.
SQL: SHOW COLUMNS FROM `bbs_problem` [ RunTime:0.018001s ]
SQL: SELECT * FROM `bbs_problem`  [ RunTime:0.002001s ]

[ 2014-12-30T08:16:44+08:00 ] 127.0.0.1 /Index/apiuser/
INFO: [ app_init ] --START--
INFO: Run Behavior\BuildLiteBehavior [ RunTime:0.000000s ]
INFO: [ app_init ] --END-- [ RunTime:0.001000s ]
INFO: [ app_begin ] --START--
INFO: Run Behavior\ReadHtmlCacheBehavior [ RunTime:0.001000s ]
INFO: [ app_begin ] --END-- [ RunTime:0.001000s ]
ERR: 非法操作:index

[ 2014-12-30T08:16:45+08:00 ] 127.0.0.1 /Index/apiuser/user_show
INFO: [ app_init ] --START--
INFO: Run Behavior\BuildLiteBehavior [ RunTime:0.000000s ]
INFO: [ app_init ] --END-- [ RunTime:0.001000s ]
INFO: [ app_begin ] --START--
INFO: Run Behavior\ReadHtmlCacheBehavior [ RunTime:0.001000s ]
INFO: [ app_begin ] --END-- [ RunTime:0.001000s ]
NOTIC: [8192] mysql_connect(): The mysql extension is deprecated and will be removed in the future: use mysqli or PDO instead D:\bbs\ThinkPHP\Library\Think\Db\Driver\Mysql.class.php 第 52 行.
SQL: SHOW COLUMNS FROM `bbs_problem` [ RunTime:0.001000s ]
SQL: SELECT * FROM `bbs_problem`  [ RunTime:0.002000s ]

[ 2014-12-30T09:26:38+08:00 ] 127.0.0.1 /
INFO: [ app_init ] --START--
INFO: Run Behavior\BuildLiteBehavior [ RunTime:0.000000s ]
INFO: [ app_init ] --END-- [ RunTime:0.028001s ]
INFO: [ app_begin ] --START--
INFO: Run Behavior\ReadHtmlCacheBehavior [ RunTime:0.001000s ]
INFO: [ app_begin ] --END-- [ RunTime:0.001000s ]
NOTIC: [2048] Declaration of Index\Controller\IndexController::show() should be compatible with Think\Controller::show($content, $charset = '', $contentType = '', $prefix = '') D:\bbs\Application\Index\Controller\IndexController.class.php 第 104 行.
NOTIC: [8192] mysql_connect(): The mysql extension is deprecated and will be removed in the future: use mysqli or PDO instead D:\bbs\ThinkPHP\Library\Think\Db\Driver\Mysql.class.php 第 52 行.
SQL: SHOW COLUMNS FROM `bbs_nav` [ RunTime:0.002001s ]
SQL: SELECT * FROM `bbs_nav`  [ RunTime:0.001000s ]
SQL: SHOW COLUMNS FROM `bbs_employment` [ RunTime:0.003000s ]
SQL: SHOW COLUMNS FROM `bbs_class` [ RunTime:0.003000s ]
SQL: select * from bbs_article where t_id=1 [ RunTime:0.002000s ]
SQL: select * from bbs_article where t_id=2 [ RunTime:0.007001s ]
SQL: select * from bbs_article where t_id=3 and state=0 [ RunTime:0.003000s ]
SQL: select * from bbs_article where t_id=4 [ RunTime:0.001000s ]
SQL: select * from bbs_article where t_id=5 [ RunTime:0.001000s ]
SQL: select * from bbs_article where t_id=6 [ RunTime:0.002000s ]
SQL: SELECT * FROM `bbs_class` WHERE ( class_type=1 )  [ RunTime:0.001000s ]
SQL: SELECT * FROM `bbs_class` WHERE ( class_type=2 )  [ RunTime:0.001000s ]
SQL: SELECT * FROM `bbs_class` WHERE ( class_type=3 )  [ RunTime:0.001000s ]
SQL: select * from bbs_employment  limit 0,8 [ RunTime:0.000000s ]
SQL: select * from pre_forum_post where first=1   order by pid desc limit 6 [ RunTime:0.002000s ]
INFO: [ view_parse ] --START--
INFO: [ template_filter ] --START--
INFO: Run Behavior\ContentReplaceBehavior [ RunTime:0.000000s ]
INFO: [ template_filter ] --END-- [ RunTime:0.000000s ]
INFO: Run Behavior\ParseTemplateBehavior [ RunTime:0.084004s ]
INFO: [ view_parse ] --END-- [ RunTime:0.084004s ]
INFO: [ view_filter ] --START--
INFO: Run Behavior\WriteHtmlCacheBehavior [ RunTime:0.012001s ]
INFO: [ view_filter ] --END-- [ RunTime:0.012001s ]
INFO: [ app_end ] --START--
INFO: Run Behavior\ShowPageTraceBehavior [ RunTime:0.003000s ]
INFO: [ app_end ] --END-- [ RunTime:0.003000s ]
SQL: SHOW COLUMNS FROM `bbs_pv` [ RunTime:0.006001s ]
SQL: SELECT * FROM `bbs_pv` WHERE ( start_time='2014-12-30' ) LIMIT 1   [ RunTime:0.002000s ]
SQL: SELECT * FROM `bbs_pv` WHERE ( start_time='All' ) LIMIT 1   [ RunTime:0.003000s ]
NOTIC: [8192] mysql_connect(): The mysql extension is deprecated and will be removed in the future: use mysqli or PDO instead D:\bbs\ThinkPHP\Library\Think\Db\Driver\Mysql.class.php 第 52 行.
SQL: UPDATE `bbs_pv` SET `pv`=77 WHERE ( start_time='2014-12-30' ) [ RunTime:0.006000s ]
SQL: UPDATE `bbs_pv` SET `pv`=1 WHERE ( start_time='All' ) [ RunTime:0.001000s ]

[ 2014-12-30T09:38:50+08:00 ] 127.0.0.1 /Index/teacher/index.html
INFO: [ app_init ] --START--
INFO: Run Behavior\BuildLiteBehavior [ RunTime:0.000000s ]
INFO: [ app_init ] --END-- [ RunTime:0.000000s ]
INFO: [ app_begin ] --START--
INFO: Run Behavior\ReadHtmlCacheBehavior [ RunTime:0.001000s ]
INFO: [ app_begin ] --END-- [ RunTime:0.001000s ]
NOTIC: [2048] Declaration of Index\Controller\IndexController::show() should be compatible with Think\Controller::show($content, $charset = '', $contentType = '', $prefix = '') D:\bbs\Application\Index\Controller\IndexController.class.php 第 104 行.
NOTIC: [8192] mysql_connect(): The mysql extension is deprecated and will be removed in the future: use mysqli or PDO instead D:\bbs\ThinkPHP\Library\Think\Db\Driver\Mysql.class.php 第 52 行.
SQL: SHOW COLUMNS FROM `bbs_nav` [ RunTime:0.002000s ]
SQL: SELECT * FROM `bbs_nav`  [ RunTime:0.001000s ]
SQL: SHOW COLUMNS FROM `bbs_teacher` [ RunTime:0.003000s ]
SQL: SELECT * FROM bbs_teacher tea,bbs_teacher_cate cate WHERE ( tea.cate_id=cate.cate_id ) ORDER BY t_id asc  [ RunTime:0.055003s ]
INFO: [ view_parse ] --START--
INFO: [ template_filter ] --START--
INFO: Run Behavior\ContentReplaceBehavior [ RunTime:0.000000s ]
INFO: [ template_filter ] --END-- [ RunTime:0.000000s ]
NOTIC: [8] Undefined variable: page D:\bbs\Application\Runtime\Cache\Index\0fa547d45531922e8e75f8944444c53d.php 第 79 行.
INFO: Run Behavior\ParseTemplateBehavior [ RunTime:0.027002s ]
INFO: [ view_parse ] --END-- [ RunTime:0.028002s ]
INFO: [ view_filter ] --START--
INFO: Run Behavior\WriteHtmlCacheBehavior [ RunTime:0.002000s ]
INFO: [ view_filter ] --END-- [ RunTime:0.002000s ]
INFO: [ app_end ] --START--
INFO: Run Behavior\ShowPageTraceBehavior [ RunTime:0.001000s ]
INFO: [ app_end ] --END-- [ RunTime:0.002000s ]
SQL: SHOW COLUMNS FROM `bbs_pv` [ RunTime:0.003000s ]
SQL: SELECT * FROM `bbs_pv` WHERE ( start_time='2014-12-30' ) LIMIT 1   [ RunTime:0.004000s ]
SQL: SELECT * FROM `bbs_pv` WHERE ( start_time='All' ) LIMIT 1   [ RunTime:0.002000s ]
NOTIC: [8192] mysql_connect(): The mysql extension is deprecated and will be removed in the future: use mysqli or PDO instead D:\bbs\ThinkPHP\Library\Think\Db\Driver\Mysql.class.php 第 52 行.
SQL: UPDATE `bbs_pv` SET `pv`=89 WHERE ( start_time='2014-12-30' ) [ RunTime:0.041002s ]
SQL: UPDATE `bbs_pv` SET `pv`=1 WHERE ( start_time='All' ) [ RunTime:0.010001s ]

[ 2014-12-30T09:38:56+08:00 ] 127.0.0.1 /Index/apiuser/
INFO: [ app_init ] --START--
INFO: Run Behavior\BuildLiteBehavior [ RunTime:0.000000s ]
INFO: [ app_init ] --END-- [ RunTime:0.001000s ]
INFO: [ app_begin ] --START--
INFO: Run Behavior\ReadHtmlCacheBehavior [ RunTime:0.000000s ]
INFO: [ app_begin ] --END-- [ RunTime:0.000000s ]
ERR: 非法操作:index

[ 2014-12-30T09:38:57+08:00 ] 127.0.0.1 /Index/apiuser/
INFO: [ app_init ] --START--
INFO: Run Behavior\BuildLiteBehavior [ RunTime:0.000000s ]
INFO: [ app_init ] --END-- [ RunTime:0.001000s ]
INFO: [ app_begin ] --START--
INFO: Run Behavior\ReadHtmlCacheBehavior [ RunTime:0.001000s ]
INFO: [ app_begin ] --END-- [ RunTime:0.001000s ]
ERR: 非法操作:index

[ 2014-12-30T09:39:02+08:00 ] 127.0.0.1 /Index/apiuser/user_show
INFO: [ app_init ] --START--
INFO: Run Behavior\BuildLiteBehavior [ RunTime:0.000000s ]
INFO: [ app_init ] --END-- [ RunTime:0.001000s ]
INFO: [ app_begin ] --START--
INFO: Run Behavior\ReadHtmlCacheBehavior [ RunTime:0.001000s ]
INFO: [ app_begin ] --END-- [ RunTime:0.001000s ]
NOTIC: [8192] mysql_connect(): The mysql extension is deprecated and will be removed in the future: use mysqli or PDO instead D:\bbs\ThinkPHP\Library\Think\Db\Driver\Mysql.class.php 第 52 行.
SQL: SHOW COLUMNS FROM `bbs_problem` [ RunTime:0.016001s ]
SQL: SELECT * FROM `bbs_problem`  [ RunTime:0.004000s ]

